






Started logging.

>>>
Content-Length: 2166

{"method":"initialize","params":{"processId":2464,"rootPath":"C:\\Users\\Juchani\\AppData\\Local\\Temp\\arduino-language-server087791863\\sketch","rootUri":"file:///C:/Users/Juchani/AppData/Local/Temp/arduino-language-server087791863/sketch","clientInfo":{"name":"vscode","version":"1.50.0"},"trace":"off","initializationOptions":{},"capabilities":{"workspace":{"workspaceEdit":{"documentChanges":true,"resourceOperations":["create","rename","delete"]},"applyEdit":true,"symbol":{"symbolKind":{"valueSet":[1,2,3,4,5,6,7,8,9,10,11,12,13,14,15,16,17,18,19,20,21,22,23,24,25,26]}},"executeCommand":{"dynamicRegistration":true},"didChangeWatchedFiles":{"dynamicRegistration":true},"workspaceFolders":true,"configuration":true},"textDocument":{"declaration":{"linkSupport":true},"definition":{"linkSupport":true},"implementation":{"linkSupport":true,"dynamicRegistration":true},"typeDefinition":{"linkSupport":true},"synchronization":{"willSave":true,"didSave":true,"willSaveWaitUntil":true},"documentSymbol":{"symbolKind":{"valueSet":[1,2,3,4,5,6,7,8,9,10,11,12,13,14,15,16,17,18,19,20,21,22,23,24,25,26]},"hierarchicalDocumentSymbolSupport":true},"formatting":{"dynamicRegistration":true},"rangeFormatting":{"dynamicRegistration":true},"rename":{"dynamicRegistration":true,"prepareSupport":true},"codeAction":{"dynamicRegistration":true,"isPreferredSupport":true,"codeActionLiteralSupport":{"codeActionKind":{"valueSet":["","quickfix","refactor","refactor.extract","refactor.inline","refactor.rewrite","source","source.organizeImports"]}}},"completion":{"completionItem":{"documentationFormat":["markdown","plaintext"],"snippetSupport":true},"completionItemKind":{"valueSet":[1,2,3,4,5,6,7,8,9,10,11,12,13,14,15,16,17,18,19,20,21,22,23,24,25]},"contextSupport":true},"signatureHelp":{"signatureInformation":{"parameterInformation":{"labelOffsetSupport":true}}},"documentLink":{"dynamicRegistration":true,"tooltipSupport":true},"hover":{"contentFormat":["markdown","plaintext"]},"foldingRange":{"dynamicRegistration":true,"rangeLimit":5000,"lineFoldingOnly":true},"colorProvider":{"dynamicRegistration":true}},"window":{"workDoneProgress":true}}},"id":0,"jsonrpc":"2.0"}
<<<
Content-Length: 1671

{"id":0,"jsonrpc":"2.0","result":{"capabilities":{"astProvider":true,"callHierarchyProvider":true,"codeActionProvider":{"codeActionKinds":["quickfix","refactor","info"]},"compilationDatabase":{"automaticReload":true},"completionProvider":{"allCommitCharacters":[" ","\t","(",")","[","]","{","}","<",">",":",";",",","+","-","/","*","%","^","&","#","?",".","=","\"","'","|"],"resolveProvider":false,"triggerCharacters":[".","<",">",":","\"","/"]},"declarationProvider":true,"definitionProvider":true,"documentFormattingProvider":true,"documentHighlightProvider":true,"documentLinkProvider":{"resolveProvider":false},"documentOnTypeFormattingProvider":{"firstTriggerCharacter":"\n","moreTriggerCharacter":[]},"documentRangeFormattingProvider":true,"documentSymbolProvider":true,"executeCommandProvider":{"commands":["clangd.applyFix","clangd.applyTweak"]},"hoverProvider":true,"implementationProvider":true,"memoryUsageProvider":true,"referencesProvider":true,"renameProvider":{"prepareProvider":true},"selectionRangeProvider":true,"semanticTokensProvider":{"full":{"delta":true},"legend":{"tokenModifiers":[],"tokenTypes":["variable","variable","parameter","function","method","function","property","variable","class","enum","enumMember","type","dependent","dependent","namespace","typeParameter","concept","type","macro","comment"]},"range":false},"signatureHelpProvider":{"triggerCharacters":["(",","]},"textDocumentSync":{"change":2,"openClose":true,"save":true},"typeHierarchyProvider":true,"workspaceSymbolProvider":true},"serverInfo":{"name":"clangd","version":"clangd version 12.0.0 (https://github.com/llvm/llvm-project e841bd5f335864b8c4d81cbf4df08460ef39f2ae)"}}}
>>>
Content-Length: 52

{"method":"initialized","params":{},"jsonrpc":"2.0"}Content-Length: 1658

{"method":"textDocument/didOpen","params":{"textDocument":{"uri":"file:///C:/Users/Juchani/AppData/Local/Temp/arduino-language-server087791863/sketch/bt_esp32.ino.cpp","languageId":"cpp","version":1,"text":"#include \u003cArduino.h\u003e\n#line 1 \"C:\\\\Users\\\\Juchani\\\\Documents\\\\Arduino\\\\bt esp32\\\\bt_esp32\\\\bt_esp32.ino\"\n#include \"BluetoothSerial.h\"\n\nBluetoothSerial SerialBT;\n\nString MACadd = \"20:16:11:29:70:26\";\nuint8_t address[6]  = {0x20, 0x16, 0x11, 0x29, 0x70, 0x26};\n//uint8_t address[6]  = {0x11, 0x1D, 0xA5, 0x02, 0xC3, 0x22};\nString name = \"HC-05\";\nchar *pin = \"1234\"; //\u003c- standard pin would be provided by default\nbool connected;\n\nvoid setup() {\n  Serial.begin(115200);\n  \n  SerialBT.begin(\"ESP32test\", true); \n  SerialBT.setPin(pin);\n  Serial.println(\"The device started in master mode, make sure remote BT device is on!\"); \n  \n  connected = SerialBT.connect(name);\n  \n  if(connected) {\n    Serial.println(\"Connected Succesfully!\");\n  } else {\n    while(!SerialBT.connected(10000)) {\n      Serial.println(\"Failed to connect. Make sure remote device is available and in range, then restart app.\"); \n    }\n  }\n  // disconnect() may take upto 10 secs max\n  if (SerialBT.disconnect()) {\n    Serial.println(\"Disconnected Succesfully!\");\n  }\n  // this would reconnect to the name(will use address, if resolved) or address used with connect(name/address).\n  SerialBT.connect();\n}\n\nvoid loop() {\n  if (Serial.available()) {\n    SerialBT.write(Serial.read());\n  }\n  if (SerialBT.available()) {\n    Serial.write(SerialBT.read());\n  }\n  delay(20);\n}\n"}},"jsonrpc":"2.0"}Content-Length: 200

{"method":"textDocument/documentSymbol","params":{"textDocument":{"uri":"file:///C:/Users/Juchani/AppData/Local/Temp/arduino-language-server087791863/sketch/bt_esp32.ino.cpp"}},"id":1,"jsonrpc":"2.0"}
<<<
Content-Length: 111

{"id":0,"jsonrpc":"2.0","method":"window/workDoneProgress/create","params":{"token":"backgroundIndexProgress"}}
>>>
Content-Length: 38

{"id":0,"result":null,"jsonrpc":"2.0"}Content-Length: 299

{"method":"textDocument/codeAction","params":{"textDocument":{"uri":"file:///C:/Users/Juchani/AppData/Local/Temp/arduino-language-server087791863/sketch/bt_esp32.ino.cpp"},"range":{"start":{"line":2,"character":0},"end":{"line":2,"character":0}},"context":{"diagnostics":[]}},"id":2,"jsonrpc":"2.0"}
<<<
Content-Length: 143

{"jsonrpc":"2.0","method":"$/progress","params":{"token":"backgroundIndexProgress","value":{"kind":"begin","percentage":0,"title":"indexing"}}}Content-Length: 141

{"jsonrpc":"2.0","method":"$/progress","params":{"token":"backgroundIndexProgress","value":{"kind":"report","message":"0/1","percentage":0}}}Content-Length: 141

{"jsonrpc":"2.0","method":"$/progress","params":{"token":"backgroundIndexProgress","value":{"kind":"report","message":"0/1","percentage":0}}}Content-Length: 107

{"jsonrpc":"2.0","method":"$/progress","params":{"token":"backgroundIndexProgress","value":{"kind":"end"}}}Content-Length: 5298

{"jsonrpc":"2.0","method":"textDocument/publishDiagnostics","params":{"diagnostics":[{"code":"pp_file_not_found","message":"'Arduino.h' file not found","range":{"end":{"character":20,"line":0},"start":{"character":9,"line":0}},"severity":1,"source":"clang"},{"code":"unknown_typename","message":"Unknown type name 'BluetoothSerial'","range":{"end":{"character":15,"line":4},"start":{"character":0,"line":4}},"severity":1,"source":"clang"},{"code":"unknown_typename","message":"Unknown type name 'String'","range":{"end":{"character":6,"line":6},"start":{"character":0,"line":6}},"severity":1,"source":"clang"},{"code":"unknown_typename","message":"Unknown type name 'uint8_t'","range":{"end":{"character":7,"line":7},"start":{"character":0,"line":7}},"severity":1,"source":"clang"},{"code":"unknown_typename","message":"Unknown type name 'String'","range":{"end":{"character":6,"line":9},"start":{"character":0,"line":9}},"severity":1,"source":"clang"},{"code":"-Wwritable-strings","message":"ISO C++11 does not allow conversion from string literal to 'char *'","range":{"end":{"character":18,"line":10},"start":{"character":12,"line":10}},"severity":2,"source":"clang"},{"code":"undeclared_var_use_suggest","message":"Use of undeclared identifier 'Serial'; did you mean 'SerialBT'? (fix available)\n\nbt_esp32.ino.cpp:5:17: note: 'SerialBT' declared here","range":{"end":{"character":8,"line":14},"start":{"character":2,"line":14}},"severity":1,"source":"clang"},{"message":"'SerialBT' declared here\n\nbt_esp32.ino.cpp:15:3: error: use of undeclared identifier 'Serial'; did you mean 'SerialBT'?","range":{"end":{"character":24,"line":4},"start":{"character":16,"line":4}},"severity":3},{"code":"undeclared_var_use_suggest","message":"Use of undeclared identifier 'Serial'; did you mean 'SerialBT'? (fix available)\n\nbt_esp32.ino.cpp:5:17: note: 'SerialBT' declared here","range":{"end":{"character":8,"line":18},"start":{"character":2,"line":18}},"severity":1,"source":"clang"},{"message":"'SerialBT' declared here\n\nbt_esp32.ino.cpp:19:3: error: use of undeclared identifier 'Serial'; did you mean 'SerialBT'?","range":{"end":{"character":24,"line":4},"start":{"character":16,"line":4}},"severity":3},{"code":"undeclared_var_use_suggest","message":"Use of undeclared identifier 'Serial'; did you mean 'SerialBT'? (fix available)\n\nbt_esp32.ino.cpp:5:17: note: 'SerialBT' declared here","range":{"end":{"character":10,"line":23},"start":{"character":4,"line":23}},"severity":1,"source":"clang"},{"message":"'SerialBT' declared here\n\nbt_esp32.ino.cpp:24:5: error: use of undeclared identifier 'Serial'; did you mean 'SerialBT'?","range":{"end":{"character":24,"line":4},"start":{"character":16,"line":4}},"severity":3},{"code":"undeclared_var_use_suggest","message":"Use of undeclared identifier 'Serial'; did you mean 'SerialBT'? (fix available)\n\nbt_esp32.ino.cpp:5:17: note: 'SerialBT' declared here","range":{"end":{"character":12,"line":26},"start":{"character":6,"line":26}},"severity":1,"source":"clang"},{"message":"'SerialBT' declared here\n\nbt_esp32.ino.cpp:27:7: error: use of undeclared identifier 'Serial'; did you mean 'SerialBT'?","range":{"end":{"character":24,"line":4},"start":{"character":16,"line":4}},"severity":3},{"code":"undeclared_var_use_suggest","message":"Use of undeclared identifier 'Serial'; did you mean 'SerialBT'? (fix available)\n\nbt_esp32.ino.cpp:5:17: note: 'SerialBT' declared here","range":{"end":{"character":10,"line":31},"start":{"character":4,"line":31}},"severity":1,"source":"clang"},{"message":"'SerialBT' declared here\n\nbt_esp32.ino.cpp:32:5: error: use of undeclared identifier 'Serial'; did you mean 'SerialBT'?","range":{"end":{"character":24,"line":4},"start":{"character":16,"line":4}},"severity":3},{"code":"undeclared_var_use_suggest","message":"Use of undeclared identifier 'Serial'; did you mean 'SerialBT'? (fix available)\n\nbt_esp32.ino.cpp:5:17: note: 'SerialBT' declared here","range":{"end":{"character":12,"line":38},"start":{"character":6,"line":38}},"severity":1,"source":"clang"},{"message":"'SerialBT' declared here\n\nbt_esp32.ino.cpp:39:7: error: use of undeclared identifier 'Serial'; did you mean 'SerialBT'?","range":{"end":{"character":24,"line":4},"start":{"character":16,"line":4}},"severity":3},{"code":"undeclared_var_use","message":"Use of undeclared identifier 'Serial'","range":{"end":{"character":25,"line":39},"start":{"character":19,"line":39}},"severity":1,"source":"clang"},{"code":"undeclared_var_use_suggest","message":"Use of undeclared identifier 'Serial'; did you mean 'SerialBT'? (fix available)\n\nbt_esp32.ino.cpp:5:17: note: 'SerialBT' declared here","range":{"end":{"character":10,"line":42},"start":{"character":4,"line":42}},"severity":1,"source":"clang"},{"message":"'SerialBT' declared here\n\nbt_esp32.ino.cpp:43:5: error: use of undeclared identifier 'Serial'; did you mean 'SerialBT'?","range":{"end":{"character":24,"line":4},"start":{"character":16,"line":4}},"severity":3},{"code":"undeclared_var_use","message":"Use of undeclared identifier 'delay'","range":{"end":{"character":7,"line":44},"start":{"character":2,"line":44}},"severity":1,"source":"clang"}],"uri":"file:///C:/Users/Juchani/AppData/Local/Temp/arduino-language-server087791863/sketch/bt_esp32.ino.cpp","version":1}}Content-Length: 1354

{"id":1,"jsonrpc":"2.0","result":[{"kind":13,"name":"SerialBT","range":{"end":{"character":24,"line":4},"start":{"character":0,"line":4}},"selectionRange":{"end":{"character":24,"line":4},"start":{"character":16,"line":4}}},{"kind":13,"name":"MACadd","range":{"end":{"character":13,"line":6},"start":{"character":0,"line":6}},"selectionRange":{"end":{"character":13,"line":6},"start":{"character":7,"line":6}}},{"kind":13,"name":"name","range":{"end":{"character":11,"line":9},"start":{"character":0,"line":9}},"selectionRange":{"end":{"character":11,"line":9},"start":{"character":7,"line":9}}},{"kind":13,"name":"pin","range":{"end":{"character":18,"line":10},"start":{"character":0,"line":10}},"selectionRange":{"end":{"character":9,"line":10},"start":{"character":6,"line":10}}},{"kind":13,"name":"connected","range":{"end":{"character":14,"line":11},"start":{"character":0,"line":11}},"selectionRange":{"end":{"character":14,"line":11},"start":{"character":5,"line":11}}},{"kind":12,"name":"setup","range":{"end":{"character":1,"line":35},"start":{"character":0,"line":13}},"selectionRange":{"end":{"character":10,"line":13},"start":{"character":5,"line":13}}},{"kind":12,"name":"loop","range":{"end":{"character":1,"line":45},"start":{"character":0,"line":37}},"selectionRange":{"end":{"character":9,"line":37},"start":{"character":5,"line":37}}}]}Content-Length: 36

{"id":2,"jsonrpc":"2.0","result":[]}
>>>
Content-Length: 299

{"method":"textDocument/codeAction","params":{"textDocument":{"uri":"file:///C:/Users/Juchani/AppData/Local/Temp/arduino-language-server087791863/sketch/bt_esp32.ino.cpp"},"range":{"start":{"line":2,"character":0},"end":{"line":2,"character":0}},"context":{"diagnostics":[]}},"id":3,"jsonrpc":"2.0"}
<<<
Content-Length: 36

{"id":3,"jsonrpc":"2.0","result":[]}
>>>
Content-Length: 200

{"method":"textDocument/documentSymbol","params":{"textDocument":{"uri":"file:///C:/Users/Juchani/AppData/Local/Temp/arduino-language-server087791863/sketch/bt_esp32.ino.cpp"}},"id":4,"jsonrpc":"2.0"}
<<<
Content-Length: 1354

{"id":4,"jsonrpc":"2.0","result":[{"kind":13,"name":"SerialBT","range":{"end":{"character":24,"line":4},"start":{"character":0,"line":4}},"selectionRange":{"end":{"character":24,"line":4},"start":{"character":16,"line":4}}},{"kind":13,"name":"MACadd","range":{"end":{"character":13,"line":6},"start":{"character":0,"line":6}},"selectionRange":{"end":{"character":13,"line":6},"start":{"character":7,"line":6}}},{"kind":13,"name":"name","range":{"end":{"character":11,"line":9},"start":{"character":0,"line":9}},"selectionRange":{"end":{"character":11,"line":9},"start":{"character":7,"line":9}}},{"kind":13,"name":"pin","range":{"end":{"character":18,"line":10},"start":{"character":0,"line":10}},"selectionRange":{"end":{"character":9,"line":10},"start":{"character":6,"line":10}}},{"kind":13,"name":"connected","range":{"end":{"character":14,"line":11},"start":{"character":0,"line":11}},"selectionRange":{"end":{"character":14,"line":11},"start":{"character":5,"line":11}}},{"kind":12,"name":"setup","range":{"end":{"character":1,"line":35},"start":{"character":0,"line":13}},"selectionRange":{"end":{"character":10,"line":13},"start":{"character":5,"line":13}}},{"kind":12,"name":"loop","range":{"end":{"character":1,"line":45},"start":{"character":0,"line":37}},"selectionRange":{"end":{"character":9,"line":37},"start":{"character":5,"line":37}}}]}
>>>
Content-Length: 58

{"method":"shutdown","params":null,"id":5,"jsonrpc":"2.0"}
<<<
Content-Length: 38

{"id":5,"jsonrpc":"2.0","result":null}
>>>
Content-Length: 47

{"method":"exit","params":null,"jsonrpc":"2.0"}<<< Read Error: EOF







Started logging.

>>>
Content-Length: 2166

{"method":"initialize","params":{"processId":2464,"rootPath":"C:\\Users\\Juchani\\AppData\\Local\\Temp\\arduino-language-server266500963\\sketch","rootUri":"file:///C:/Users/Juchani/AppData/Local/Temp/arduino-language-server266500963/sketch","clientInfo":{"name":"vscode","version":"1.50.0"},"trace":"off","initializationOptions":{},"capabilities":{"workspace":{"workspaceEdit":{"documentChanges":true,"resourceOperations":["create","rename","delete"]},"applyEdit":true,"symbol":{"symbolKind":{"valueSet":[1,2,3,4,5,6,7,8,9,10,11,12,13,14,15,16,17,18,19,20,21,22,23,24,25,26]}},"executeCommand":{"dynamicRegistration":true},"didChangeWatchedFiles":{"dynamicRegistration":true},"workspaceFolders":true,"configuration":true},"textDocument":{"declaration":{"linkSupport":true},"definition":{"linkSupport":true},"implementation":{"linkSupport":true,"dynamicRegistration":true},"typeDefinition":{"linkSupport":true},"synchronization":{"willSave":true,"didSave":true,"willSaveWaitUntil":true},"documentSymbol":{"symbolKind":{"valueSet":[1,2,3,4,5,6,7,8,9,10,11,12,13,14,15,16,17,18,19,20,21,22,23,24,25,26]},"hierarchicalDocumentSymbolSupport":true},"formatting":{"dynamicRegistration":true},"rangeFormatting":{"dynamicRegistration":true},"rename":{"dynamicRegistration":true,"prepareSupport":true},"codeAction":{"dynamicRegistration":true,"isPreferredSupport":true,"codeActionLiteralSupport":{"codeActionKind":{"valueSet":["","quickfix","refactor","refactor.extract","refactor.inline","refactor.rewrite","source","source.organizeImports"]}}},"completion":{"completionItem":{"documentationFormat":["markdown","plaintext"],"snippetSupport":true},"completionItemKind":{"valueSet":[1,2,3,4,5,6,7,8,9,10,11,12,13,14,15,16,17,18,19,20,21,22,23,24,25]},"contextSupport":true},"signatureHelp":{"signatureInformation":{"parameterInformation":{"labelOffsetSupport":true}}},"documentLink":{"dynamicRegistration":true,"tooltipSupport":true},"hover":{"contentFormat":["markdown","plaintext"]},"foldingRange":{"dynamicRegistration":true,"rangeLimit":5000,"lineFoldingOnly":true},"colorProvider":{"dynamicRegistration":true}},"window":{"workDoneProgress":true}}},"id":0,"jsonrpc":"2.0"}
<<<
Content-Length: 1671

{"id":0,"jsonrpc":"2.0","result":{"capabilities":{"astProvider":true,"callHierarchyProvider":true,"codeActionProvider":{"codeActionKinds":["quickfix","refactor","info"]},"compilationDatabase":{"automaticReload":true},"completionProvider":{"allCommitCharacters":[" ","\t","(",")","[","]","{","}","<",">",":",";",",","+","-","/","*","%","^","&","#","?",".","=","\"","'","|"],"resolveProvider":false,"triggerCharacters":[".","<",">",":","\"","/"]},"declarationProvider":true,"definitionProvider":true,"documentFormattingProvider":true,"documentHighlightProvider":true,"documentLinkProvider":{"resolveProvider":false},"documentOnTypeFormattingProvider":{"firstTriggerCharacter":"\n","moreTriggerCharacter":[]},"documentRangeFormattingProvider":true,"documentSymbolProvider":true,"executeCommandProvider":{"commands":["clangd.applyFix","clangd.applyTweak"]},"hoverProvider":true,"implementationProvider":true,"memoryUsageProvider":true,"referencesProvider":true,"renameProvider":{"prepareProvider":true},"selectionRangeProvider":true,"semanticTokensProvider":{"full":{"delta":true},"legend":{"tokenModifiers":[],"tokenTypes":["variable","variable","parameter","function","method","function","property","variable","class","enum","enumMember","type","dependent","dependent","namespace","typeParameter","concept","type","macro","comment"]},"range":false},"signatureHelpProvider":{"triggerCharacters":["(",","]},"textDocumentSync":{"change":2,"openClose":true,"save":true},"typeHierarchyProvider":true,"workspaceSymbolProvider":true},"serverInfo":{"name":"clangd","version":"clangd version 12.0.0 (https://github.com/llvm/llvm-project e841bd5f335864b8c4d81cbf4df08460ef39f2ae)"}}}
>>>
Content-Length: 52

{"method":"initialized","params":{},"jsonrpc":"2.0"}Content-Length: 1990

{"method":"textDocument/didOpen","params":{"textDocument":{"uri":"file:///C:/Users/Juchani/AppData/Local/Temp/arduino-language-server266500963/sketch/bt_esp32.ino.cpp","languageId":"cpp","version":1,"text":"#include \u003cArduino.h\u003e\n#line 1 \"C:\\\\Users\\\\Juchani\\\\Documents\\\\Arduino\\\\bt esp32\\\\bt_esp32\\\\bt_esp32.ino\"\n#include \"BluetoothSerial.h\"\n\nBluetoothSerial SerialBT;\n\nString MACadd = \"20:16:11:29:70:26\";\nuint8_t address[6]  = {0x20, 0x16, 0x11, 0x29, 0x70, 0x26};\n//uint8_t address[6]  = {0x11, 0x1D, 0xA5, 0x02, 0xC3, 0x22};\nString name = \"HC-05\";\nchar *pin = \"1234\"; //\u003c- standard pin would be provided by default\nbool connected;\n\n#line 12 \"C:\\\\Users\\\\Juchani\\\\Documents\\\\Arduino\\\\bt esp32\\\\bt_esp32\\\\bt_esp32.ino\"\nvoid setup();\n#line 36 \"C:\\\\Users\\\\Juchani\\\\Documents\\\\Arduino\\\\bt esp32\\\\bt_esp32\\\\bt_esp32.ino\"\nvoid loop();\n#line 12 \"C:\\\\Users\\\\Juchani\\\\Documents\\\\Arduino\\\\bt esp32\\\\bt_esp32\\\\bt_esp32.ino\"\nvoid setup() {\n  Serial.begin(115200);\n  \n  SerialBT.begin(\"ESP32test\", true); \n  SerialBT.setPin(pin);\n  Serial.println(\"The device started in master mode, make sure remote BT device is on!\"); \n  \n  connected = SerialBT.connect(name);\n  \n  if(connected) {\n    Serial.println(\"Connected Succesfully!\");\n  } else {\n    while(!SerialBT.connected(10000)) {\n      Serial.println(\"Failed to connect. Make sure remote device is available and in range, then restart app.\"); \n    }\n  }\n  // disconnect() may take upto 10 secs max\n  if (SerialBT.disconnect()) {\n    Serial.println(\"Disconnected Succesfully!\");\n  }\n  // this would reconnect to the name(will use address, if resolved) or address used with connect(name/address).\n  SerialBT.connect();\n}\n\nvoid loop() {\n  if (Serial.available()) {\n    SerialBT.write(Serial.read());\n  }\n  if (SerialBT.available()) {\n    Serial.write(SerialBT.read());\n  }\n  delay(20);\n}\n"}},"jsonrpc":"2.0"}Content-Length: 200

{"method":"textDocument/documentSymbol","params":{"textDocument":{"uri":"file:///C:/Users/Juchani/AppData/Local/Temp/arduino-language-server266500963/sketch/bt_esp32.ino.cpp"}},"id":1,"jsonrpc":"2.0"}Content-Length: 299

{"method":"textDocument/codeAction","params":{"textDocument":{"uri":"file:///C:/Users/Juchani/AppData/Local/Temp/arduino-language-server266500963/sketch/bt_esp32.ino.cpp"},"range":{"start":{"line":2,"character":0},"end":{"line":2,"character":0}},"context":{"diagnostics":[]}},"id":2,"jsonrpc":"2.0"}
<<<
Content-Length: 111

{"id":0,"jsonrpc":"2.0","method":"window/workDoneProgress/create","params":{"token":"backgroundIndexProgress"}}
>>>
Content-Length: 38

{"id":0,"result":null,"jsonrpc":"2.0"}
<<<
Content-Length: 143

{"jsonrpc":"2.0","method":"$/progress","params":{"token":"backgroundIndexProgress","value":{"kind":"begin","percentage":0,"title":"indexing"}}}Content-Length: 141

{"jsonrpc":"2.0","method":"$/progress","params":{"token":"backgroundIndexProgress","value":{"kind":"report","message":"0/1","percentage":0}}}Content-Length: 142

{"jsonrpc":"2.0","method":"$/progress","params":{"token":"backgroundIndexProgress","value":{"kind":"report","message":"0/40","percentage":0}}}Content-Length: 142

{"jsonrpc":"2.0","method":"$/progress","params":{"token":"backgroundIndexProgress","value":{"kind":"report","message":"0/40","percentage":0}}}Content-Length: 142

{"jsonrpc":"2.0","method":"$/progress","params":{"token":"backgroundIndexProgress","value":{"kind":"report","message":"0/40","percentage":0}}}Content-Length: 142

{"jsonrpc":"2.0","method":"$/progress","params":{"token":"backgroundIndexProgress","value":{"kind":"report","message":"0/40","percentage":0}}}Content-Length: 144

{"jsonrpc":"2.0","method":"$/progress","params":{"token":"backgroundIndexProgress","value":{"kind":"report","message":"1/40","percentage":2.5}}}Content-Length: 144

{"jsonrpc":"2.0","method":"$/progress","params":{"token":"backgroundIndexProgress","value":{"kind":"report","message":"1/40","percentage":2.5}}}Content-Length: 981

{"jsonrpc":"2.0","method":"textDocument/publishDiagnostics","params":{"diagnostics":[{"code":"drv_unknown_argument","message":"Unknown argument: '-fstrict-volatile-bitfields'","range":{"end":{"character":0,"line":0},"start":{"character":0,"line":0}},"severity":1,"source":"clang"},{"code":"drv_unknown_argument_with_suggestion","message":"Unknown argument '-mlongcalls'; did you mean '-mlong-calls'?","range":{"end":{"character":0,"line":0},"start":{"character":0,"line":0}},"severity":1,"source":"clang"},{"code":"unknown_typename","message":"In included file: unknown type name '_read'\n\nC:\\Users\\Juchani\\AppData\\Local\\Arduino15\\packages\\esp32\\hardware\\esp32\\1.0.5/tools/sdk/include/newlib\\sys/reent.h:195:36:\nnote: error occurred here","range":{"end":{"character":10,"line":0},"start":{"character":9,"line":0}},"severity":1,"source":"clang"}],"uri":"file:///C:/Users/Juchani/AppData/Local/Temp/arduino-language-server266500963/sketch/bt_esp32.ino.cpp","version":1}}Content-Length: 1920

{"id":1,"jsonrpc":"2.0","result":[{"kind":13,"name":"SerialBT","range":{"end":{"character":24,"line":4},"start":{"character":0,"line":4}},"selectionRange":{"end":{"character":24,"line":4},"start":{"character":16,"line":4}}},{"kind":13,"name":"MACadd","range":{"end":{"character":35,"line":6},"start":{"character":0,"line":6}},"selectionRange":{"end":{"character":13,"line":6},"start":{"character":7,"line":6}}},{"kind":13,"name":"address","range":{"end":{"character":58,"line":7},"start":{"character":0,"line":7}},"selectionRange":{"end":{"character":15,"line":7},"start":{"character":8,"line":7}}},{"kind":13,"name":"name","range":{"end":{"character":21,"line":9},"start":{"character":0,"line":9}},"selectionRange":{"end":{"character":11,"line":9},"start":{"character":7,"line":9}}},{"kind":13,"name":"pin","range":{"end":{"character":18,"line":10},"start":{"character":0,"line":10}},"selectionRange":{"end":{"character":9,"line":10},"start":{"character":6,"line":10}}},{"kind":13,"name":"connected","range":{"end":{"character":14,"line":11},"start":{"character":0,"line":11}},"selectionRange":{"end":{"character":14,"line":11},"start":{"character":5,"line":11}}},{"kind":12,"name":"setup","range":{"end":{"character":12,"line":14},"start":{"character":0,"line":14}},"selectionRange":{"end":{"character":10,"line":14},"start":{"character":5,"line":14}}},{"kind":12,"name":"loop","range":{"end":{"character":11,"line":16},"start":{"character":0,"line":16}},"selectionRange":{"end":{"character":9,"line":16},"start":{"character":5,"line":16}}},{"kind":12,"name":"setup","range":{"end":{"character":1,"line":40},"start":{"character":0,"line":18}},"selectionRange":{"end":{"character":10,"line":18},"start":{"character":5,"line":18}}},{"kind":12,"name":"loop","range":{"end":{"character":1,"line":50},"start":{"character":0,"line":42}},"selectionRange":{"end":{"character":9,"line":42},"start":{"character":5,"line":42}}}]}Content-Length: 36

{"id":2,"jsonrpc":"2.0","result":[]}Content-Length: 142

{"jsonrpc":"2.0","method":"$/progress","params":{"token":"backgroundIndexProgress","value":{"kind":"report","message":"2/40","percentage":5}}}Content-Length: 142

{"jsonrpc":"2.0","method":"$/progress","params":{"token":"backgroundIndexProgress","value":{"kind":"report","message":"2/40","percentage":5}}}Content-Length: 144

{"jsonrpc":"2.0","method":"$/progress","params":{"token":"backgroundIndexProgress","value":{"kind":"report","message":"3/40","percentage":7.5}}}Content-Length: 144

{"jsonrpc":"2.0","method":"$/progress","params":{"token":"backgroundIndexProgress","value":{"kind":"report","message":"3/40","percentage":7.5}}}Content-Length: 143

{"jsonrpc":"2.0","method":"$/progress","params":{"token":"backgroundIndexProgress","value":{"kind":"report","message":"4/40","percentage":10}}}Content-Length: 143

{"jsonrpc":"2.0","method":"$/progress","params":{"token":"backgroundIndexProgress","value":{"kind":"report","message":"4/40","percentage":10}}}Content-Length: 145

{"jsonrpc":"2.0","method":"$/progress","params":{"token":"backgroundIndexProgress","value":{"kind":"report","message":"5/40","percentage":12.5}}}Content-Length: 145

{"jsonrpc":"2.0","method":"$/progress","params":{"token":"backgroundIndexProgress","value":{"kind":"report","message":"5/40","percentage":12.5}}}
>>>
Content-Length: 303

{"method":"textDocument/codeAction","params":{"textDocument":{"uri":"file:///C:/Users/Juchani/AppData/Local/Temp/arduino-language-server266500963/sketch/bt_esp32.ino.cpp"},"range":{"start":{"line":19,"character":23},"end":{"line":19,"character":23}},"context":{"diagnostics":[]}},"id":3,"jsonrpc":"2.0"}
<<<
Content-Length: 36

{"id":3,"jsonrpc":"2.0","result":[]}
>>>
Content-Length: 241

{"method":"textDocument/documentHighlight","params":{"textDocument":{"uri":"file:///C:/Users/Juchani/AppData/Local/Temp/arduino-language-server266500963/sketch/bt_esp32.ino.cpp"},"position":{"line":21,"character":23}},"id":4,"jsonrpc":"2.0"}
<<<
Content-Length: 36

{"id":4,"jsonrpc":"2.0","result":[]}
>>>
Content-Length: 62

{"method":"$/cancelRequest","params":{"id":3},"jsonrpc":"2.0"}Content-Length: 241

{"method":"textDocument/documentHighlight","params":{"textDocument":{"uri":"file:///C:/Users/Juchani/AppData/Local/Temp/arduino-language-server266500963/sketch/bt_esp32.ino.cpp"},"position":{"line":23,"character":23}},"id":5,"jsonrpc":"2.0"}
<<<
Content-Length: 36

{"id":5,"jsonrpc":"2.0","result":[]}
>>>
Content-Length: 62

{"method":"$/cancelRequest","params":{"id":4},"jsonrpc":"2.0"}Content-Length: 241

{"method":"textDocument/documentHighlight","params":{"textDocument":{"uri":"file:///C:/Users/Juchani/AppData/Local/Temp/arduino-language-server266500963/sketch/bt_esp32.ino.cpp"},"position":{"line":25,"character":23}},"id":6,"jsonrpc":"2.0"}
<<<
Content-Length: 124

{"id":6,"jsonrpc":"2.0","result":[{"kind":1,"range":{"end":{"character":30,"line":25},"start":{"character":23,"line":25}}}]}
>>>
Content-Length: 62

{"method":"$/cancelRequest","params":{"id":5},"jsonrpc":"2.0"}Content-Length: 303

{"method":"textDocument/codeAction","params":{"textDocument":{"uri":"file:///C:/Users/Juchani/AppData/Local/Temp/arduino-language-server266500963/sketch/bt_esp32.ino.cpp"},"range":{"start":{"line":27,"character":17},"end":{"line":27,"character":17}},"context":{"diagnostics":[]}},"id":7,"jsonrpc":"2.0"}
<<<
Content-Length: 36

{"id":7,"jsonrpc":"2.0","result":[]}
>>>
Content-Length: 241

{"method":"textDocument/documentHighlight","params":{"textDocument":{"uri":"file:///C:/Users/Juchani/AppData/Local/Temp/arduino-language-server266500963/sketch/bt_esp32.ino.cpp"},"position":{"line":28,"character":23}},"id":8,"jsonrpc":"2.0"}
<<<
Content-Length: 36

{"id":8,"jsonrpc":"2.0","result":[]}
>>>
Content-Length: 303

{"method":"textDocument/codeAction","params":{"textDocument":{"uri":"file:///C:/Users/Juchani/AppData/Local/Temp/arduino-language-server266500963/sketch/bt_esp32.ino.cpp"},"range":{"start":{"line":28,"character":23},"end":{"line":28,"character":23}},"context":{"diagnostics":[]}},"id":9,"jsonrpc":"2.0"}
<<<
Content-Length: 36

{"id":9,"jsonrpc":"2.0","result":[]}
>>>
Content-Length: 242

{"method":"textDocument/documentHighlight","params":{"textDocument":{"uri":"file:///C:/Users/Juchani/AppData/Local/Temp/arduino-language-server266500963/sketch/bt_esp32.ino.cpp"},"position":{"line":30,"character":23}},"id":10,"jsonrpc":"2.0"}
<<<
Content-Length: 125

{"id":10,"jsonrpc":"2.0","result":[{"kind":1,"range":{"end":{"character":29,"line":30},"start":{"character":20,"line":30}}}]}
>>>
Content-Length: 62

{"method":"$/cancelRequest","params":{"id":9},"jsonrpc":"2.0"}Content-Length: 242

{"method":"textDocument/documentHighlight","params":{"textDocument":{"uri":"file:///C:/Users/Juchani/AppData/Local/Temp/arduino-language-server266500963/sketch/bt_esp32.ino.cpp"},"position":{"line":31,"character":23}},"id":11,"jsonrpc":"2.0"}
<<<
Content-Length: 37

{"id":11,"jsonrpc":"2.0","result":[]}
>>>
Content-Length: 242

{"method":"textDocument/documentHighlight","params":{"textDocument":{"uri":"file:///C:/Users/Juchani/AppData/Local/Temp/arduino-language-server266500963/sketch/bt_esp32.ino.cpp"},"position":{"line":34,"character":23}},"id":12,"jsonrpc":"2.0"}
<<<
Content-Length: 37

{"id":12,"jsonrpc":"2.0","result":[]}
>>>
Content-Length: 304

{"method":"textDocument/codeAction","params":{"textDocument":{"uri":"file:///C:/Users/Juchani/AppData/Local/Temp/arduino-language-server266500963/sketch/bt_esp32.ino.cpp"},"range":{"start":{"line":34,"character":23},"end":{"line":34,"character":23}},"context":{"diagnostics":[]}},"id":13,"jsonrpc":"2.0"}
<<<
Content-Length: 37

{"id":13,"jsonrpc":"2.0","result":[]}
>>>
Content-Length: 242

{"method":"textDocument/documentHighlight","params":{"textDocument":{"uri":"file:///C:/Users/Juchani/AppData/Local/Temp/arduino-language-server266500963/sketch/bt_esp32.ino.cpp"},"position":{"line":35,"character":23}},"id":14,"jsonrpc":"2.0"}
<<<
Content-Length: 125

{"id":14,"jsonrpc":"2.0","result":[{"kind":1,"range":{"end":{"character":25,"line":35},"start":{"character":15,"line":35}}}]}
>>>
Content-Length: 304

{"method":"textDocument/codeAction","params":{"textDocument":{"uri":"file:///C:/Users/Juchani/AppData/Local/Temp/arduino-language-server266500963/sketch/bt_esp32.ino.cpp"},"range":{"start":{"line":35,"character":23},"end":{"line":35,"character":23}},"context":{"diagnostics":[]}},"id":15,"jsonrpc":"2.0"}
<<<
Content-Length: 37

{"id":15,"jsonrpc":"2.0","result":[]}
>>>
Content-Length: 242

{"method":"textDocument/documentHighlight","params":{"textDocument":{"uri":"file:///C:/Users/Juchani/AppData/Local/Temp/arduino-language-server266500963/sketch/bt_esp32.ino.cpp"},"position":{"line":36,"character":23}},"id":16,"jsonrpc":"2.0"}
<<<
Content-Length: 37

{"id":16,"jsonrpc":"2.0","result":[]}
>>>
Content-Length: 242

{"method":"textDocument/documentHighlight","params":{"textDocument":{"uri":"file:///C:/Users/Juchani/AppData/Local/Temp/arduino-language-server266500963/sketch/bt_esp32.ino.cpp"},"position":{"line":38,"character":23}},"id":17,"jsonrpc":"2.0"}
<<<
Content-Length: 37

{"id":17,"jsonrpc":"2.0","result":[]}
>>>
Content-Length: 63

{"method":"$/cancelRequest","params":{"id":16},"jsonrpc":"2.0"}Content-Length: 304

{"method":"textDocument/codeAction","params":{"textDocument":{"uri":"file:///C:/Users/Juchani/AppData/Local/Temp/arduino-language-server266500963/sketch/bt_esp32.ino.cpp"},"range":{"start":{"line":42,"character":13},"end":{"line":42,"character":13}},"context":{"diagnostics":[]}},"id":18,"jsonrpc":"2.0"}
<<<
Content-Length: 37

{"id":18,"jsonrpc":"2.0","result":[]}
>>>
Content-Length: 242

{"method":"textDocument/documentHighlight","params":{"textDocument":{"uri":"file:///C:/Users/Juchani/AppData/Local/Temp/arduino-language-server266500963/sketch/bt_esp32.ino.cpp"},"position":{"line":44,"character":23}},"id":19,"jsonrpc":"2.0"}
<<<
Content-Length: 739

{"id":19,"jsonrpc":"2.0","result":[{"kind":1,"range":{"end":{"character":8,"line":19},"start":{"character":2,"line":19}}},{"kind":1,"range":{"end":{"character":8,"line":23},"start":{"character":2,"line":23}}},{"kind":1,"range":{"end":{"character":10,"line":28},"start":{"character":4,"line":28}}},{"kind":1,"range":{"end":{"character":12,"line":31},"start":{"character":6,"line":31}}},{"kind":1,"range":{"end":{"character":10,"line":36},"start":{"character":4,"line":36}}},{"kind":1,"range":{"end":{"character":12,"line":43},"start":{"character":6,"line":43}}},{"kind":1,"range":{"end":{"character":25,"line":44},"start":{"character":19,"line":44}}},{"kind":1,"range":{"end":{"character":10,"line":47},"start":{"character":4,"line":47}}}]}
>>>
Content-Length: 63

{"method":"$/cancelRequest","params":{"id":18},"jsonrpc":"2.0"}Content-Length: 242

{"method":"textDocument/documentHighlight","params":{"textDocument":{"uri":"file:///C:/Users/Juchani/AppData/Local/Temp/arduino-language-server266500963/sketch/bt_esp32.ino.cpp"},"position":{"line":46,"character":23}},"id":20,"jsonrpc":"2.0"}
<<<
Content-Length: 125

{"id":20,"jsonrpc":"2.0","result":[{"kind":1,"range":{"end":{"character":24,"line":46},"start":{"character":15,"line":46}}}]}
>>>
Content-Length: 63

{"method":"$/cancelRequest","params":{"id":19},"jsonrpc":"2.0"}Content-Length: 242

{"method":"textDocument/documentHighlight","params":{"textDocument":{"uri":"file:///C:/Users/Juchani/AppData/Local/Temp/arduino-language-server266500963/sketch/bt_esp32.ino.cpp"},"position":{"line":47,"character":23}},"id":21,"jsonrpc":"2.0"}
<<<
Content-Length: 918

{"id":21,"jsonrpc":"2.0","result":[{"kind":1,"range":{"end":{"character":24,"line":4},"start":{"character":16,"line":4}}},{"kind":1,"range":{"end":{"character":10,"line":21},"start":{"character":2,"line":21}}},{"kind":1,"range":{"end":{"character":10,"line":22},"start":{"character":2,"line":22}}},{"kind":1,"range":{"end":{"character":22,"line":25},"start":{"character":14,"line":25}}},{"kind":1,"range":{"end":{"character":19,"line":30},"start":{"character":11,"line":30}}},{"kind":1,"range":{"end":{"character":14,"line":35},"start":{"character":6,"line":35}}},{"kind":1,"range":{"end":{"character":10,"line":39},"start":{"character":2,"line":39}}},{"kind":1,"range":{"end":{"character":12,"line":44},"start":{"character":4,"line":44}}},{"kind":1,"range":{"end":{"character":14,"line":46},"start":{"character":6,"line":46}}},{"kind":1,"range":{"end":{"character":25,"line":47},"start":{"character":17,"line":47}}}]}
>>>
Content-Length: 63

{"method":"$/cancelRequest","params":{"id":20},"jsonrpc":"2.0"}Content-Length: 302

{"method":"textDocument/codeAction","params":{"textDocument":{"uri":"file:///C:/Users/Juchani/AppData/Local/Temp/arduino-language-server266500963/sketch/bt_esp32.ino.cpp"},"range":{"start":{"line":50,"character":1},"end":{"line":50,"character":1}},"context":{"diagnostics":[]}},"id":22,"jsonrpc":"2.0"}
<<<
Content-Length: 37

{"id":22,"jsonrpc":"2.0","result":[]}Content-Length: 143

{"jsonrpc":"2.0","method":"$/progress","params":{"token":"backgroundIndexProgress","value":{"kind":"report","message":"6/40","percentage":15}}}Content-Length: 143

{"jsonrpc":"2.0","method":"$/progress","params":{"token":"backgroundIndexProgress","value":{"kind":"report","message":"6/40","percentage":15}}}Content-Length: 145

{"jsonrpc":"2.0","method":"$/progress","params":{"token":"backgroundIndexProgress","value":{"kind":"report","message":"7/40","percentage":17.5}}}Content-Length: 145

{"jsonrpc":"2.0","method":"$/progress","params":{"token":"backgroundIndexProgress","value":{"kind":"report","message":"7/40","percentage":17.5}}}Content-Length: 143

{"jsonrpc":"2.0","method":"$/progress","params":{"token":"backgroundIndexProgress","value":{"kind":"report","message":"8/40","percentage":20}}}Content-Length: 143

{"jsonrpc":"2.0","method":"$/progress","params":{"token":"backgroundIndexProgress","value":{"kind":"report","message":"8/40","percentage":20}}}Content-Length: 145

{"jsonrpc":"2.0","method":"$/progress","params":{"token":"backgroundIndexProgress","value":{"kind":"report","message":"9/40","percentage":22.5}}}Content-Length: 145

{"jsonrpc":"2.0","method":"$/progress","params":{"token":"backgroundIndexProgress","value":{"kind":"report","message":"9/40","percentage":22.5}}}Content-Length: 144

{"jsonrpc":"2.0","method":"$/progress","params":{"token":"backgroundIndexProgress","value":{"kind":"report","message":"10/40","percentage":25}}}Content-Length: 144

{"jsonrpc":"2.0","method":"$/progress","params":{"token":"backgroundIndexProgress","value":{"kind":"report","message":"10/40","percentage":25}}}Content-Length: 146

{"jsonrpc":"2.0","method":"$/progress","params":{"token":"backgroundIndexProgress","value":{"kind":"report","message":"11/40","percentage":27.5}}}Content-Length: 146

{"jsonrpc":"2.0","method":"$/progress","params":{"token":"backgroundIndexProgress","value":{"kind":"report","message":"11/40","percentage":27.5}}}Content-Length: 144

{"jsonrpc":"2.0","method":"$/progress","params":{"token":"backgroundIndexProgress","value":{"kind":"report","message":"12/40","percentage":30}}}Content-Length: 144

{"jsonrpc":"2.0","method":"$/progress","params":{"token":"backgroundIndexProgress","value":{"kind":"report","message":"12/40","percentage":30}}}Content-Length: 146

{"jsonrpc":"2.0","method":"$/progress","params":{"token":"backgroundIndexProgress","value":{"kind":"report","message":"13/40","percentage":32.5}}}Content-Length: 146

{"jsonrpc":"2.0","method":"$/progress","params":{"token":"backgroundIndexProgress","value":{"kind":"report","message":"13/40","percentage":32.5}}}Content-Length: 144

{"jsonrpc":"2.0","method":"$/progress","params":{"token":"backgroundIndexProgress","value":{"kind":"report","message":"14/40","percentage":35}}}Content-Length: 144

{"jsonrpc":"2.0","method":"$/progress","params":{"token":"backgroundIndexProgress","value":{"kind":"report","message":"14/40","percentage":35}}}Content-Length: 146

{"jsonrpc":"2.0","method":"$/progress","params":{"token":"backgroundIndexProgress","value":{"kind":"report","message":"15/40","percentage":37.5}}}Content-Length: 146

{"jsonrpc":"2.0","method":"$/progress","params":{"token":"backgroundIndexProgress","value":{"kind":"report","message":"15/40","percentage":37.5}}}Content-Length: 144

{"jsonrpc":"2.0","method":"$/progress","params":{"token":"backgroundIndexProgress","value":{"kind":"report","message":"16/40","percentage":40}}}Content-Length: 144

{"jsonrpc":"2.0","method":"$/progress","params":{"token":"backgroundIndexProgress","value":{"kind":"report","message":"16/40","percentage":40}}}Content-Length: 146

{"jsonrpc":"2.0","method":"$/progress","params":{"token":"backgroundIndexProgress","value":{"kind":"report","message":"17/40","percentage":42.5}}}Content-Length: 146

{"jsonrpc":"2.0","method":"$/progress","params":{"token":"backgroundIndexProgress","value":{"kind":"report","message":"17/40","percentage":42.5}}}Content-Length: 144

{"jsonrpc":"2.0","method":"$/progress","params":{"token":"backgroundIndexProgress","value":{"kind":"report","message":"18/40","percentage":45}}}Content-Length: 144

{"jsonrpc":"2.0","method":"$/progress","params":{"token":"backgroundIndexProgress","value":{"kind":"report","message":"18/40","percentage":45}}}Content-Length: 146

{"jsonrpc":"2.0","method":"$/progress","params":{"token":"backgroundIndexProgress","value":{"kind":"report","message":"19/40","percentage":47.5}}}Content-Length: 146

{"jsonrpc":"2.0","method":"$/progress","params":{"token":"backgroundIndexProgress","value":{"kind":"report","message":"19/40","percentage":47.5}}}Content-Length: 144

{"jsonrpc":"2.0","method":"$/progress","params":{"token":"backgroundIndexProgress","value":{"kind":"report","message":"20/40","percentage":50}}}Content-Length: 144

{"jsonrpc":"2.0","method":"$/progress","params":{"token":"backgroundIndexProgress","value":{"kind":"report","message":"20/40","percentage":50}}}Content-Length: 146

{"jsonrpc":"2.0","method":"$/progress","params":{"token":"backgroundIndexProgress","value":{"kind":"report","message":"21/40","percentage":52.5}}}Content-Length: 146

{"jsonrpc":"2.0","method":"$/progress","params":{"token":"backgroundIndexProgress","value":{"kind":"report","message":"21/40","percentage":52.5}}}Content-Length: 144

{"jsonrpc":"2.0","method":"$/progress","params":{"token":"backgroundIndexProgress","value":{"kind":"report","message":"22/40","percentage":55}}}Content-Length: 144

{"jsonrpc":"2.0","method":"$/progress","params":{"token":"backgroundIndexProgress","value":{"kind":"report","message":"22/40","percentage":55}}}Content-Length: 146

{"jsonrpc":"2.0","method":"$/progress","params":{"token":"backgroundIndexProgress","value":{"kind":"report","message":"23/40","percentage":57.5}}}Content-Length: 146

{"jsonrpc":"2.0","method":"$/progress","params":{"token":"backgroundIndexProgress","value":{"kind":"report","message":"23/40","percentage":57.5}}}Content-Length: 144

{"jsonrpc":"2.0","method":"$/progress","params":{"token":"backgroundIndexProgress","value":{"kind":"report","message":"24/40","percentage":60}}}Content-Length: 144

{"jsonrpc":"2.0","method":"$/progress","params":{"token":"backgroundIndexProgress","value":{"kind":"report","message":"24/40","percentage":60}}}Content-Length: 146

{"jsonrpc":"2.0","method":"$/progress","params":{"token":"backgroundIndexProgress","value":{"kind":"report","message":"25/40","percentage":62.5}}}Content-Length: 146

{"jsonrpc":"2.0","method":"$/progress","params":{"token":"backgroundIndexProgress","value":{"kind":"report","message":"25/40","percentage":62.5}}}Content-Length: 144

{"jsonrpc":"2.0","method":"$/progress","params":{"token":"backgroundIndexProgress","value":{"kind":"report","message":"26/40","percentage":65}}}Content-Length: 144

{"jsonrpc":"2.0","method":"$/progress","params":{"token":"backgroundIndexProgress","value":{"kind":"report","message":"26/40","percentage":65}}}Content-Length: 146

{"jsonrpc":"2.0","method":"$/progress","params":{"token":"backgroundIndexProgress","value":{"kind":"report","message":"27/40","percentage":67.5}}}Content-Length: 146

{"jsonrpc":"2.0","method":"$/progress","params":{"token":"backgroundIndexProgress","value":{"kind":"report","message":"27/40","percentage":67.5}}}Content-Length: 144

{"jsonrpc":"2.0","method":"$/progress","params":{"token":"backgroundIndexProgress","value":{"kind":"report","message":"28/40","percentage":70}}}Content-Length: 144

{"jsonrpc":"2.0","method":"$/progress","params":{"token":"backgroundIndexProgress","value":{"kind":"report","message":"28/40","percentage":70}}}Content-Length: 146

{"jsonrpc":"2.0","method":"$/progress","params":{"token":"backgroundIndexProgress","value":{"kind":"report","message":"29/40","percentage":72.5}}}Content-Length: 146

{"jsonrpc":"2.0","method":"$/progress","params":{"token":"backgroundIndexProgress","value":{"kind":"report","message":"29/40","percentage":72.5}}}Content-Length: 144

{"jsonrpc":"2.0","method":"$/progress","params":{"token":"backgroundIndexProgress","value":{"kind":"report","message":"30/40","percentage":75}}}Content-Length: 144

{"jsonrpc":"2.0","method":"$/progress","params":{"token":"backgroundIndexProgress","value":{"kind":"report","message":"30/40","percentage":75}}}Content-Length: 146

{"jsonrpc":"2.0","method":"$/progress","params":{"token":"backgroundIndexProgress","value":{"kind":"report","message":"31/40","percentage":77.5}}}Content-Length: 146

{"jsonrpc":"2.0","method":"$/progress","params":{"token":"backgroundIndexProgress","value":{"kind":"report","message":"31/40","percentage":77.5}}}Content-Length: 144

{"jsonrpc":"2.0","method":"$/progress","params":{"token":"backgroundIndexProgress","value":{"kind":"report","message":"32/40","percentage":80}}}Content-Length: 144

{"jsonrpc":"2.0","method":"$/progress","params":{"token":"backgroundIndexProgress","value":{"kind":"report","message":"32/40","percentage":80}}}Content-Length: 146

{"jsonrpc":"2.0","method":"$/progress","params":{"token":"backgroundIndexProgress","value":{"kind":"report","message":"33/40","percentage":82.5}}}Content-Length: 146

{"jsonrpc":"2.0","method":"$/progress","params":{"token":"backgroundIndexProgress","value":{"kind":"report","message":"33/40","percentage":82.5}}}Content-Length: 144

{"jsonrpc":"2.0","method":"$/progress","params":{"token":"backgroundIndexProgress","value":{"kind":"report","message":"34/40","percentage":85}}}Content-Length: 144

{"jsonrpc":"2.0","method":"$/progress","params":{"token":"backgroundIndexProgress","value":{"kind":"report","message":"34/40","percentage":85}}}Content-Length: 146

{"jsonrpc":"2.0","method":"$/progress","params":{"token":"backgroundIndexProgress","value":{"kind":"report","message":"35/40","percentage":87.5}}}Content-Length: 146

{"jsonrpc":"2.0","method":"$/progress","params":{"token":"backgroundIndexProgress","value":{"kind":"report","message":"35/40","percentage":87.5}}}Content-Length: 144

{"jsonrpc":"2.0","method":"$/progress","params":{"token":"backgroundIndexProgress","value":{"kind":"report","message":"36/40","percentage":90}}}Content-Length: 144

{"jsonrpc":"2.0","method":"$/progress","params":{"token":"backgroundIndexProgress","value":{"kind":"report","message":"36/40","percentage":90}}}Content-Length: 146

{"jsonrpc":"2.0","method":"$/progress","params":{"token":"backgroundIndexProgress","value":{"kind":"report","message":"37/40","percentage":92.5}}}Content-Length: 144

{"jsonrpc":"2.0","method":"$/progress","params":{"token":"backgroundIndexProgress","value":{"kind":"report","message":"38/40","percentage":95}}}Content-Length: 146

{"jsonrpc":"2.0","method":"$/progress","params":{"token":"backgroundIndexProgress","value":{"kind":"report","message":"39/40","percentage":97.5}}}Content-Length: 107

{"jsonrpc":"2.0","method":"$/progress","params":{"token":"backgroundIndexProgress","value":{"kind":"end"}}}
>>>
Content-Length: 242

{"method":"textDocument/documentHighlight","params":{"textDocument":{"uri":"file:///C:/Users/Juchani/AppData/Local/Temp/arduino-language-server266500963/sketch/bt_esp32.ino.cpp"},"position":{"line":46,"character":20}},"id":23,"jsonrpc":"2.0"}
<<<
Content-Length: 125

{"id":23,"jsonrpc":"2.0","result":[{"kind":1,"range":{"end":{"character":24,"line":46},"start":{"character":15,"line":46}}}]}
>>>
Content-Length: 304

{"method":"textDocument/codeAction","params":{"textDocument":{"uri":"file:///C:/Users/Juchani/AppData/Local/Temp/arduino-language-server266500963/sketch/bt_esp32.ino.cpp"},"range":{"start":{"line":46,"character":20},"end":{"line":46,"character":20}},"context":{"diagnostics":[]}},"id":24,"jsonrpc":"2.0"}
<<<
Content-Length: 37

{"id":24,"jsonrpc":"2.0","result":[]}
>>>
Content-Length: 230

{"method":"textDocument/hover","params":{"textDocument":{"uri":"file:///C:/Users/Juchani/AppData/Local/Temp/arduino-language-server266500963/sketch/bt_esp32.ino.cpp"},"position":{"line":38,"character":86}},"id":25,"jsonrpc":"2.0"}
<<<
Content-Length: 39

{"id":25,"jsonrpc":"2.0","result":null}
>>>
Content-Length: 242

{"method":"textDocument/documentHighlight","params":{"textDocument":{"uri":"file:///C:/Users/Juchani/AppData/Local/Temp/arduino-language-server266500963/sketch/bt_esp32.ino.cpp"},"position":{"line":38,"character":87}},"id":26,"jsonrpc":"2.0"}
<<<
Content-Length: 37

{"id":26,"jsonrpc":"2.0","result":[]}
>>>
Content-Length: 304

{"method":"textDocument/codeAction","params":{"textDocument":{"uri":"file:///C:/Users/Juchani/AppData/Local/Temp/arduino-language-server266500963/sketch/bt_esp32.ino.cpp"},"range":{"start":{"line":38,"character":87},"end":{"line":38,"character":87}},"context":{"diagnostics":[]}},"id":27,"jsonrpc":"2.0"}
<<<
Content-Length: 37

{"id":27,"jsonrpc":"2.0","result":[]}
>>>
Content-Length: 302

{"method":"textDocument/codeAction","params":{"textDocument":{"uri":"file:///C:/Users/Juchani/AppData/Local/Temp/arduino-language-server266500963/sketch/bt_esp32.ino.cpp"},"range":{"start":{"line":37,"character":3},"end":{"line":37,"character":3}},"context":{"diagnostics":[]}},"id":28,"jsonrpc":"2.0"}
<<<
Content-Length: 37

{"id":28,"jsonrpc":"2.0","result":[]}
>>>
Content-Length: 242

{"method":"textDocument/documentHighlight","params":{"textDocument":{"uri":"file:///C:/Users/Juchani/AppData/Local/Temp/arduino-language-server266500963/sketch/bt_esp32.ino.cpp"},"position":{"line":34,"character":43}},"id":29,"jsonrpc":"2.0"}
<<<
Content-Length: 37

{"id":29,"jsonrpc":"2.0","result":[]}
>>>
Content-Length: 242

{"method":"textDocument/documentHighlight","params":{"textDocument":{"uri":"file:///C:/Users/Juchani/AppData/Local/Temp/arduino-language-server266500963/sketch/bt_esp32.ino.cpp"},"position":{"line":31,"character":87}},"id":30,"jsonrpc":"2.0"}
<<<
Content-Length: 37

{"id":30,"jsonrpc":"2.0","result":[]}
>>>
Content-Length: 304

{"method":"textDocument/codeAction","params":{"textDocument":{"uri":"file:///C:/Users/Juchani/AppData/Local/Temp/arduino-language-server266500963/sketch/bt_esp32.ino.cpp"},"range":{"start":{"line":31,"character":87},"end":{"line":31,"character":87}},"context":{"diagnostics":[]}},"id":31,"jsonrpc":"2.0"}
<<<
Content-Length: 37

{"id":31,"jsonrpc":"2.0","result":[]}
>>>
Content-Length: 304

{"method":"textDocument/codeAction","params":{"textDocument":{"uri":"file:///C:/Users/Juchani/AppData/Local/Temp/arduino-language-server266500963/sketch/bt_esp32.ino.cpp"},"range":{"start":{"line":30,"character":39},"end":{"line":30,"character":39}},"context":{"diagnostics":[]}},"id":32,"jsonrpc":"2.0"}
<<<
Content-Length: 37

{"id":32,"jsonrpc":"2.0","result":[]}
>>>
Content-Length: 304

{"method":"textDocument/codeAction","params":{"textDocument":{"uri":"file:///C:/Users/Juchani/AppData/Local/Temp/arduino-language-server266500963/sketch/bt_esp32.ino.cpp"},"range":{"start":{"line":25,"character":37},"end":{"line":25,"character":37}},"context":{"diagnostics":[]}},"id":33,"jsonrpc":"2.0"}
<<<
Content-Length: 37

{"id":33,"jsonrpc":"2.0","result":[]}
>>>
Content-Length: 304

{"method":"textDocument/codeAction","params":{"textDocument":{"uri":"file:///C:/Users/Juchani/AppData/Local/Temp/arduino-language-server266500963/sketch/bt_esp32.ino.cpp"},"range":{"start":{"line":23,"character":87},"end":{"line":23,"character":87}},"context":{"diagnostics":[]}},"id":34,"jsonrpc":"2.0"}
<<<
Content-Length: 37

{"id":34,"jsonrpc":"2.0","result":[]}
>>>
Content-Length: 304

{"method":"textDocument/codeAction","params":{"textDocument":{"uri":"file:///C:/Users/Juchani/AppData/Local/Temp/arduino-language-server266500963/sketch/bt_esp32.ino.cpp"},"range":{"start":{"line":18,"character":14},"end":{"line":18,"character":14}},"context":{"diagnostics":[]}},"id":35,"jsonrpc":"2.0"}
<<<
Content-Length: 37

{"id":35,"jsonrpc":"2.0","result":[]}
>>>
Content-Length: 242

{"method":"textDocument/documentHighlight","params":{"textDocument":{"uri":"file:///C:/Users/Juchani/AppData/Local/Temp/arduino-language-server266500963/sketch/bt_esp32.ino.cpp"},"position":{"line":31,"character":87}},"id":36,"jsonrpc":"2.0"}
<<<
Content-Length: 37

{"id":36,"jsonrpc":"2.0","result":[]}
>>>
Content-Length: 242

{"method":"textDocument/documentHighlight","params":{"textDocument":{"uri":"file:///C:/Users/Juchani/AppData/Local/Temp/arduino-language-server266500963/sketch/bt_esp32.ino.cpp"},"position":{"line":34,"character":43}},"id":37,"jsonrpc":"2.0"}
<<<
Content-Length: 37

{"id":37,"jsonrpc":"2.0","result":[]}
>>>
Content-Length: 304

{"method":"textDocument/codeAction","params":{"textDocument":{"uri":"file:///C:/Users/Juchani/AppData/Local/Temp/arduino-language-server266500963/sketch/bt_esp32.ino.cpp"},"range":{"start":{"line":34,"character":43},"end":{"line":34,"character":43}},"context":{"diagnostics":[]}},"id":38,"jsonrpc":"2.0"}
<<<
Content-Length: 37

{"id":38,"jsonrpc":"2.0","result":[]}
>>>
Content-Length: 304

{"method":"textDocument/codeAction","params":{"textDocument":{"uri":"file:///C:/Users/Juchani/AppData/Local/Temp/arduino-language-server266500963/sketch/bt_esp32.ino.cpp"},"range":{"start":{"line":35,"character":30},"end":{"line":35,"character":30}},"context":{"diagnostics":[]}},"id":39,"jsonrpc":"2.0"}
<<<
Content-Length: 37

{"id":39,"jsonrpc":"2.0","result":[]}
>>>
Content-Length: 242

{"method":"textDocument/documentHighlight","params":{"textDocument":{"uri":"file:///C:/Users/Juchani/AppData/Local/Temp/arduino-language-server266500963/sketch/bt_esp32.ino.cpp"},"position":{"line":38,"character":87}},"id":40,"jsonrpc":"2.0"}
<<<
Content-Length: 37

{"id":40,"jsonrpc":"2.0","result":[]}
>>>
Content-Length: 302

{"method":"textDocument/codeAction","params":{"textDocument":{"uri":"file:///C:/Users/Juchani/AppData/Local/Temp/arduino-language-server266500963/sketch/bt_esp32.ino.cpp"},"range":{"start":{"line":50,"character":1},"end":{"line":50,"character":1}},"context":{"diagnostics":[]}},"id":41,"jsonrpc":"2.0"}
<<<
Content-Length: 37

{"id":41,"jsonrpc":"2.0","result":[]}
>>>
Content-Length: 304

{"method":"textDocument/codeAction","params":{"textDocument":{"uri":"file:///C:/Users/Juchani/AppData/Local/Temp/arduino-language-server266500963/sketch/bt_esp32.ino.cpp"},"range":{"start":{"line":49,"character":12},"end":{"line":49,"character":12}},"context":{"diagnostics":[]}},"id":42,"jsonrpc":"2.0"}
<<<
Content-Length: 37

{"id":42,"jsonrpc":"2.0","result":[]}
>>>
Content-Length: 302

{"method":"textDocument/codeAction","params":{"textDocument":{"uri":"file:///C:/Users/Juchani/AppData/Local/Temp/arduino-language-server266500963/sketch/bt_esp32.ino.cpp"},"range":{"start":{"line":45,"character":3},"end":{"line":45,"character":3}},"context":{"diagnostics":[]}},"id":43,"jsonrpc":"2.0"}
<<<
Content-Length: 37

{"id":43,"jsonrpc":"2.0","result":[]}
>>>
Content-Length: 304

{"method":"textDocument/codeAction","params":{"textDocument":{"uri":"file:///C:/Users/Juchani/AppData/Local/Temp/arduino-language-server266500963/sketch/bt_esp32.ino.cpp"},"range":{"start":{"line":46,"character":29},"end":{"line":46,"character":29}},"context":{"diagnostics":[]}},"id":44,"jsonrpc":"2.0"}
<<<
Content-Length: 37

{"id":44,"jsonrpc":"2.0","result":[]}
>>>
Content-Length: 302

{"method":"textDocument/codeAction","params":{"textDocument":{"uri":"file:///C:/Users/Juchani/AppData/Local/Temp/arduino-language-server266500963/sketch/bt_esp32.ino.cpp"},"range":{"start":{"line":50,"character":1},"end":{"line":50,"character":1}},"context":{"diagnostics":[]}},"id":45,"jsonrpc":"2.0"}
<<<
Content-Length: 37

{"id":45,"jsonrpc":"2.0","result":[]}
>>>
Content-Length: 304

{"method":"textDocument/codeAction","params":{"textDocument":{"uri":"file:///C:/Users/Juchani/AppData/Local/Temp/arduino-language-server266500963/sketch/bt_esp32.ino.cpp"},"range":{"start":{"line":42,"character":13},"end":{"line":42,"character":13}},"context":{"diagnostics":[]}},"id":46,"jsonrpc":"2.0"}
<<<
Content-Length: 37

{"id":46,"jsonrpc":"2.0","result":[]}
>>>
Content-Length: 242

{"method":"textDocument/documentHighlight","params":{"textDocument":{"uri":"file:///C:/Users/Juchani/AppData/Local/Temp/arduino-language-server266500963/sketch/bt_esp32.ino.cpp"},"position":{"line":39,"character":13}},"id":47,"jsonrpc":"2.0"}
<<<
Content-Length: 125

{"id":47,"jsonrpc":"2.0","result":[{"kind":1,"range":{"end":{"character":18,"line":39},"start":{"character":11,"line":39}}}]}
>>>
Content-Length: 63

{"method":"$/cancelRequest","params":{"id":46},"jsonrpc":"2.0"}Content-Length: 242

{"method":"textDocument/documentHighlight","params":{"textDocument":{"uri":"file:///C:/Users/Juchani/AppData/Local/Temp/arduino-language-server266500963/sketch/bt_esp32.ino.cpp"},"position":{"line":38,"character":13}},"id":48,"jsonrpc":"2.0"}
<<<
Content-Length: 37

{"id":48,"jsonrpc":"2.0","result":[]}
>>>
Content-Length: 242

{"method":"textDocument/documentHighlight","params":{"textDocument":{"uri":"file:///C:/Users/Juchani/AppData/Local/Temp/arduino-language-server266500963/sketch/bt_esp32.ino.cpp"},"position":{"line":36,"character":13}},"id":49,"jsonrpc":"2.0"}
<<<
Content-Length: 391

{"id":49,"jsonrpc":"2.0","result":[{"kind":1,"range":{"end":{"character":16,"line":23},"start":{"character":9,"line":23}}},{"kind":1,"range":{"end":{"character":18,"line":28},"start":{"character":11,"line":28}}},{"kind":1,"range":{"end":{"character":20,"line":31},"start":{"character":13,"line":31}}},{"kind":1,"range":{"end":{"character":18,"line":36},"start":{"character":11,"line":36}}}]}
>>>
Content-Length: 242

{"method":"textDocument/documentHighlight","params":{"textDocument":{"uri":"file:///C:/Users/Juchani/AppData/Local/Temp/arduino-language-server266500963/sketch/bt_esp32.ino.cpp"},"position":{"line":35,"character":13}},"id":50,"jsonrpc":"2.0"}
<<<
Content-Length: 918

{"id":50,"jsonrpc":"2.0","result":[{"kind":1,"range":{"end":{"character":24,"line":4},"start":{"character":16,"line":4}}},{"kind":1,"range":{"end":{"character":10,"line":21},"start":{"character":2,"line":21}}},{"kind":1,"range":{"end":{"character":10,"line":22},"start":{"character":2,"line":22}}},{"kind":1,"range":{"end":{"character":22,"line":25},"start":{"character":14,"line":25}}},{"kind":1,"range":{"end":{"character":19,"line":30},"start":{"character":11,"line":30}}},{"kind":1,"range":{"end":{"character":14,"line":35},"start":{"character":6,"line":35}}},{"kind":1,"range":{"end":{"character":10,"line":39},"start":{"character":2,"line":39}}},{"kind":1,"range":{"end":{"character":12,"line":44},"start":{"character":4,"line":44}}},{"kind":1,"range":{"end":{"character":14,"line":46},"start":{"character":6,"line":46}}},{"kind":1,"range":{"end":{"character":25,"line":47},"start":{"character":17,"line":47}}}]}
>>>
Content-Length: 63

{"method":"$/cancelRequest","params":{"id":49},"jsonrpc":"2.0"}Content-Length: 242

{"method":"textDocument/documentHighlight","params":{"textDocument":{"uri":"file:///C:/Users/Juchani/AppData/Local/Temp/arduino-language-server266500963/sketch/bt_esp32.ino.cpp"},"position":{"line":34,"character":13}},"id":51,"jsonrpc":"2.0"}
<<<
Content-Length: 37

{"id":51,"jsonrpc":"2.0","result":[]}
>>>
Content-Length: 63

{"method":"$/cancelRequest","params":{"id":50},"jsonrpc":"2.0"}Content-Length: 242

{"method":"textDocument/documentHighlight","params":{"textDocument":{"uri":"file:///C:/Users/Juchani/AppData/Local/Temp/arduino-language-server266500963/sketch/bt_esp32.ino.cpp"},"position":{"line":31,"character":13}},"id":52,"jsonrpc":"2.0"}
<<<
Content-Length: 391

{"id":52,"jsonrpc":"2.0","result":[{"kind":1,"range":{"end":{"character":16,"line":23},"start":{"character":9,"line":23}}},{"kind":1,"range":{"end":{"character":18,"line":28},"start":{"character":11,"line":28}}},{"kind":1,"range":{"end":{"character":20,"line":31},"start":{"character":13,"line":31}}},{"kind":1,"range":{"end":{"character":18,"line":36},"start":{"character":11,"line":36}}}]}
>>>
Content-Length: 242

{"method":"textDocument/documentHighlight","params":{"textDocument":{"uri":"file:///C:/Users/Juchani/AppData/Local/Temp/arduino-language-server266500963/sketch/bt_esp32.ino.cpp"},"position":{"line":30,"character":13}},"id":53,"jsonrpc":"2.0"}
<<<
Content-Length: 918

{"id":53,"jsonrpc":"2.0","result":[{"kind":1,"range":{"end":{"character":24,"line":4},"start":{"character":16,"line":4}}},{"kind":1,"range":{"end":{"character":10,"line":21},"start":{"character":2,"line":21}}},{"kind":1,"range":{"end":{"character":10,"line":22},"start":{"character":2,"line":22}}},{"kind":1,"range":{"end":{"character":22,"line":25},"start":{"character":14,"line":25}}},{"kind":1,"range":{"end":{"character":19,"line":30},"start":{"character":11,"line":30}}},{"kind":1,"range":{"end":{"character":14,"line":35},"start":{"character":6,"line":35}}},{"kind":1,"range":{"end":{"character":10,"line":39},"start":{"character":2,"line":39}}},{"kind":1,"range":{"end":{"character":12,"line":44},"start":{"character":4,"line":44}}},{"kind":1,"range":{"end":{"character":14,"line":46},"start":{"character":6,"line":46}}},{"kind":1,"range":{"end":{"character":25,"line":47},"start":{"character":17,"line":47}}}]}
>>>
Content-Length: 63

{"method":"$/cancelRequest","params":{"id":52},"jsonrpc":"2.0"}Content-Length: 242

{"method":"textDocument/documentHighlight","params":{"textDocument":{"uri":"file:///C:/Users/Juchani/AppData/Local/Temp/arduino-language-server266500963/sketch/bt_esp32.ino.cpp"},"position":{"line":28,"character":13}},"id":54,"jsonrpc":"2.0"}
<<<
Content-Length: 391

{"id":54,"jsonrpc":"2.0","result":[{"kind":1,"range":{"end":{"character":16,"line":23},"start":{"character":9,"line":23}}},{"kind":1,"range":{"end":{"character":18,"line":28},"start":{"character":11,"line":28}}},{"kind":1,"range":{"end":{"character":20,"line":31},"start":{"character":13,"line":31}}},{"kind":1,"range":{"end":{"character":18,"line":36},"start":{"character":11,"line":36}}}]}
>>>
Content-Length: 304

{"method":"textDocument/codeAction","params":{"textDocument":{"uri":"file:///C:/Users/Juchani/AppData/Local/Temp/arduino-language-server266500963/sketch/bt_esp32.ino.cpp"},"range":{"start":{"line":28,"character":13},"end":{"line":28,"character":13}},"context":{"diagnostics":[]}},"id":55,"jsonrpc":"2.0"}
<<<
Content-Length: 37

{"id":55,"jsonrpc":"2.0","result":[]}
>>>
Content-Length: 242

{"method":"textDocument/documentHighlight","params":{"textDocument":{"uri":"file:///C:/Users/Juchani/AppData/Local/Temp/arduino-language-server266500963/sketch/bt_esp32.ino.cpp"},"position":{"line":27,"character":13}},"id":56,"jsonrpc":"2.0"}
<<<
Content-Length: 300

{"id":56,"jsonrpc":"2.0","result":[{"kind":1,"range":{"end":{"character":14,"line":11},"start":{"character":5,"line":11}}},{"kind":3,"range":{"end":{"character":11,"line":25},"start":{"character":2,"line":25}}},{"kind":2,"range":{"end":{"character":14,"line":27},"start":{"character":5,"line":27}}}]}
>>>
Content-Length: 304

{"method":"textDocument/codeAction","params":{"textDocument":{"uri":"file:///C:/Users/Juchani/AppData/Local/Temp/arduino-language-server266500963/sketch/bt_esp32.ino.cpp"},"range":{"start":{"line":27,"character":13},"end":{"line":27,"character":13}},"context":{"diagnostics":[]}},"id":57,"jsonrpc":"2.0"}
<<<
Content-Length: 37

{"id":57,"jsonrpc":"2.0","result":[]}
>>>
Content-Length: 242

{"method":"textDocument/documentHighlight","params":{"textDocument":{"uri":"file:///C:/Users/Juchani/AppData/Local/Temp/arduino-language-server266500963/sketch/bt_esp32.ino.cpp"},"position":{"line":23,"character":13}},"id":58,"jsonrpc":"2.0"}
<<<
Content-Length: 391

{"id":58,"jsonrpc":"2.0","result":[{"kind":1,"range":{"end":{"character":16,"line":23},"start":{"character":9,"line":23}}},{"kind":1,"range":{"end":{"character":18,"line":28},"start":{"character":11,"line":28}}},{"kind":1,"range":{"end":{"character":20,"line":31},"start":{"character":13,"line":31}}},{"kind":1,"range":{"end":{"character":18,"line":36},"start":{"character":11,"line":36}}}]}
>>>
Content-Length: 63

{"method":"$/cancelRequest","params":{"id":57},"jsonrpc":"2.0"}Content-Length: 242

{"method":"textDocument/documentHighlight","params":{"textDocument":{"uri":"file:///C:/Users/Juchani/AppData/Local/Temp/arduino-language-server266500963/sketch/bt_esp32.ino.cpp"},"position":{"line":22,"character":13}},"id":59,"jsonrpc":"2.0"}
<<<
Content-Length: 125

{"id":59,"jsonrpc":"2.0","result":[{"kind":1,"range":{"end":{"character":17,"line":22},"start":{"character":11,"line":22}}}]}
>>>
Content-Length: 63

{"method":"$/cancelRequest","params":{"id":58},"jsonrpc":"2.0"}Content-Length: 242

{"method":"textDocument/documentHighlight","params":{"textDocument":{"uri":"file:///C:/Users/Juchani/AppData/Local/Temp/arduino-language-server266500963/sketch/bt_esp32.ino.cpp"},"position":{"line":21,"character":13}},"id":60,"jsonrpc":"2.0"}
<<<
Content-Length: 125

{"id":60,"jsonrpc":"2.0","result":[{"kind":1,"range":{"end":{"character":16,"line":21},"start":{"character":11,"line":21}}}]}
>>>
Content-Length: 304

{"method":"textDocument/codeAction","params":{"textDocument":{"uri":"file:///C:/Users/Juchani/AppData/Local/Temp/arduino-language-server266500963/sketch/bt_esp32.ino.cpp"},"range":{"start":{"line":21,"character":13},"end":{"line":21,"character":13}},"context":{"diagnostics":[]}},"id":61,"jsonrpc":"2.0"}
<<<
Content-Length: 37

{"id":61,"jsonrpc":"2.0","result":[]}
>>>
Content-Length: 242

{"method":"textDocument/documentHighlight","params":{"textDocument":{"uri":"file:///C:/Users/Juchani/AppData/Local/Temp/arduino-language-server266500963/sketch/bt_esp32.ino.cpp"},"position":{"line":19,"character":13}},"id":62,"jsonrpc":"2.0"}
<<<
Content-Length: 124

{"id":62,"jsonrpc":"2.0","result":[{"kind":1,"range":{"end":{"character":14,"line":19},"start":{"character":9,"line":19}}}]}
>>>
Content-Length: 63

{"method":"$/cancelRequest","params":{"id":61},"jsonrpc":"2.0"}Content-Length: 242

{"method":"textDocument/documentHighlight","params":{"textDocument":{"uri":"file:///C:/Users/Juchani/AppData/Local/Temp/arduino-language-server266500963/sketch/bt_esp32.ino.cpp"},"position":{"line":11,"character":13}},"id":63,"jsonrpc":"2.0"}
<<<
Content-Length: 300

{"id":63,"jsonrpc":"2.0","result":[{"kind":1,"range":{"end":{"character":14,"line":11},"start":{"character":5,"line":11}}},{"kind":3,"range":{"end":{"character":11,"line":25},"start":{"character":2,"line":25}}},{"kind":2,"range":{"end":{"character":14,"line":27},"start":{"character":5,"line":27}}}]}
>>>
Content-Length: 304

{"method":"textDocument/codeAction","params":{"textDocument":{"uri":"file:///C:/Users/Juchani/AppData/Local/Temp/arduino-language-server266500963/sketch/bt_esp32.ino.cpp"},"range":{"start":{"line":11,"character":13},"end":{"line":11,"character":13}},"context":{"diagnostics":[]}},"id":64,"jsonrpc":"2.0"}
<<<
Content-Length: 37

{"id":64,"jsonrpc":"2.0","result":[]}
>>>
Content-Length: 242

{"method":"textDocument/documentHighlight","params":{"textDocument":{"uri":"file:///C:/Users/Juchani/AppData/Local/Temp/arduino-language-server266500963/sketch/bt_esp32.ino.cpp"},"position":{"line":10,"character":13}},"id":65,"jsonrpc":"2.0"}
<<<
Content-Length: 37

{"id":65,"jsonrpc":"2.0","result":[]}
>>>
Content-Length: 304

{"method":"textDocument/codeAction","params":{"textDocument":{"uri":"file:///C:/Users/Juchani/AppData/Local/Temp/arduino-language-server266500963/sketch/bt_esp32.ino.cpp"},"range":{"start":{"line":10,"character":13},"end":{"line":10,"character":13}},"context":{"diagnostics":[]}},"id":66,"jsonrpc":"2.0"}
<<<
Content-Length: 37

{"id":66,"jsonrpc":"2.0","result":[]}
>>>
Content-Length: 302

{"method":"textDocument/codeAction","params":{"textDocument":{"uri":"file:///C:/Users/Juchani/AppData/Local/Temp/arduino-language-server266500963/sketch/bt_esp32.ino.cpp"},"range":{"start":{"line":9,"character":13},"end":{"line":9,"character":13}},"context":{"diagnostics":[]}},"id":67,"jsonrpc":"2.0"}
<<<
Content-Length: 37

{"id":67,"jsonrpc":"2.0","result":[]}
>>>
Content-Length: 242

{"method":"textDocument/documentHighlight","params":{"textDocument":{"uri":"file:///C:/Users/Juchani/AppData/Local/Temp/arduino-language-server266500963/sketch/bt_esp32.ino.cpp"},"position":{"line":10,"character":13}},"id":68,"jsonrpc":"2.0"}
<<<
Content-Length: 37

{"id":68,"jsonrpc":"2.0","result":[]}
>>>
Content-Length: 304

{"method":"textDocument/codeAction","params":{"textDocument":{"uri":"file:///C:/Users/Juchani/AppData/Local/Temp/arduino-language-server266500963/sketch/bt_esp32.ino.cpp"},"range":{"start":{"line":10,"character":13},"end":{"line":10,"character":13}},"context":{"diagnostics":[]}},"id":69,"jsonrpc":"2.0"}
<<<
Content-Length: 37

{"id":69,"jsonrpc":"2.0","result":[]}
>>>
Content-Length: 242

{"method":"textDocument/documentHighlight","params":{"textDocument":{"uri":"file:///C:/Users/Juchani/AppData/Local/Temp/arduino-language-server266500963/sketch/bt_esp32.ino.cpp"},"position":{"line":11,"character":13}},"id":70,"jsonrpc":"2.0"}
<<<
Content-Length: 300

{"id":70,"jsonrpc":"2.0","result":[{"kind":1,"range":{"end":{"character":14,"line":11},"start":{"character":5,"line":11}}},{"kind":3,"range":{"end":{"character":11,"line":25},"start":{"character":2,"line":25}}},{"kind":2,"range":{"end":{"character":14,"line":27},"start":{"character":5,"line":27}}}]}
>>>
Content-Length: 63

{"method":"$/cancelRequest","params":{"id":69},"jsonrpc":"2.0"}Content-Length: 242

{"method":"textDocument/documentHighlight","params":{"textDocument":{"uri":"file:///C:/Users/Juchani/AppData/Local/Temp/arduino-language-server266500963/sketch/bt_esp32.ino.cpp"},"position":{"line":19,"character":13}},"id":71,"jsonrpc":"2.0"}
<<<
Content-Length: 124

{"id":71,"jsonrpc":"2.0","result":[{"kind":1,"range":{"end":{"character":14,"line":19},"start":{"character":9,"line":19}}}]}
>>>
Content-Length: 242

{"method":"textDocument/documentHighlight","params":{"textDocument":{"uri":"file:///C:/Users/Juchani/AppData/Local/Temp/arduino-language-server266500963/sketch/bt_esp32.ino.cpp"},"position":{"line":21,"character":13}},"id":72,"jsonrpc":"2.0"}
<<<
Content-Length: 125

{"id":72,"jsonrpc":"2.0","result":[{"kind":1,"range":{"end":{"character":16,"line":21},"start":{"character":11,"line":21}}}]}
>>>
Content-Length: 242

{"method":"textDocument/documentHighlight","params":{"textDocument":{"uri":"file:///C:/Users/Juchani/AppData/Local/Temp/arduino-language-server266500963/sketch/bt_esp32.ino.cpp"},"position":{"line":22,"character":13}},"id":73,"jsonrpc":"2.0"}
<<<
Content-Length: 125

{"id":73,"jsonrpc":"2.0","result":[{"kind":1,"range":{"end":{"character":17,"line":22},"start":{"character":11,"line":22}}}]}
>>>
Content-Length: 242

{"method":"textDocument/documentHighlight","params":{"textDocument":{"uri":"file:///C:/Users/Juchani/AppData/Local/Temp/arduino-language-server266500963/sketch/bt_esp32.ino.cpp"},"position":{"line":23,"character":13}},"id":74,"jsonrpc":"2.0"}
<<<
Content-Length: 391

{"id":74,"jsonrpc":"2.0","result":[{"kind":1,"range":{"end":{"character":16,"line":23},"start":{"character":9,"line":23}}},{"kind":1,"range":{"end":{"character":18,"line":28},"start":{"character":11,"line":28}}},{"kind":1,"range":{"end":{"character":20,"line":31},"start":{"character":13,"line":31}}},{"kind":1,"range":{"end":{"character":18,"line":36},"start":{"character":11,"line":36}}}]}
>>>
Content-Length: 304

{"method":"textDocument/codeAction","params":{"textDocument":{"uri":"file:///C:/Users/Juchani/AppData/Local/Temp/arduino-language-server266500963/sketch/bt_esp32.ino.cpp"},"range":{"start":{"line":23,"character":13},"end":{"line":23,"character":13}},"context":{"diagnostics":[]}},"id":75,"jsonrpc":"2.0"}
<<<
Content-Length: 37

{"id":75,"jsonrpc":"2.0","result":[]}
>>>
Content-Length: 304

{"method":"textDocument/codeAction","params":{"textDocument":{"uri":"file:///C:/Users/Juchani/AppData/Local/Temp/arduino-language-server266500963/sketch/bt_esp32.ino.cpp"},"range":{"start":{"line":25,"character":13},"end":{"line":25,"character":13}},"context":{"diagnostics":[]}},"id":76,"jsonrpc":"2.0"}
<<<
Content-Length: 37

{"id":76,"jsonrpc":"2.0","result":[]}
>>>
Content-Length: 242

{"method":"textDocument/documentHighlight","params":{"textDocument":{"uri":"file:///C:/Users/Juchani/AppData/Local/Temp/arduino-language-server266500963/sketch/bt_esp32.ino.cpp"},"position":{"line":23,"character":13}},"id":77,"jsonrpc":"2.0"}
<<<
Content-Length: 391

{"id":77,"jsonrpc":"2.0","result":[{"kind":1,"range":{"end":{"character":16,"line":23},"start":{"character":9,"line":23}}},{"kind":1,"range":{"end":{"character":18,"line":28},"start":{"character":11,"line":28}}},{"kind":1,"range":{"end":{"character":20,"line":31},"start":{"character":13,"line":31}}},{"kind":1,"range":{"end":{"character":18,"line":36},"start":{"character":11,"line":36}}}]}
>>>
Content-Length: 63

{"method":"$/cancelRequest","params":{"id":76},"jsonrpc":"2.0"}Content-Length: 242

{"method":"textDocument/documentHighlight","params":{"textDocument":{"uri":"file:///C:/Users/Juchani/AppData/Local/Temp/arduino-language-server266500963/sketch/bt_esp32.ino.cpp"},"position":{"line":22,"character":13}},"id":78,"jsonrpc":"2.0"}
<<<
Content-Length: 125

{"id":78,"jsonrpc":"2.0","result":[{"kind":1,"range":{"end":{"character":17,"line":22},"start":{"character":11,"line":22}}}]}
>>>
Content-Length: 63

{"method":"$/cancelRequest","params":{"id":77},"jsonrpc":"2.0"}Content-Length: 242

{"method":"textDocument/documentHighlight","params":{"textDocument":{"uri":"file:///C:/Users/Juchani/AppData/Local/Temp/arduino-language-server266500963/sketch/bt_esp32.ino.cpp"},"position":{"line":21,"character":13}},"id":79,"jsonrpc":"2.0"}
<<<
Content-Length: 125

{"id":79,"jsonrpc":"2.0","result":[{"kind":1,"range":{"end":{"character":16,"line":21},"start":{"character":11,"line":21}}}]}
>>>
Content-Length: 242

{"method":"textDocument/documentHighlight","params":{"textDocument":{"uri":"file:///C:/Users/Juchani/AppData/Local/Temp/arduino-language-server266500963/sketch/bt_esp32.ino.cpp"},"position":{"line":19,"character":13}},"id":80,"jsonrpc":"2.0"}
<<<
Content-Length: 124

{"id":80,"jsonrpc":"2.0","result":[{"kind":1,"range":{"end":{"character":14,"line":19},"start":{"character":9,"line":19}}}]}
>>>
Content-Length: 242

{"method":"textDocument/documentHighlight","params":{"textDocument":{"uri":"file:///C:/Users/Juchani/AppData/Local/Temp/arduino-language-server266500963/sketch/bt_esp32.ino.cpp"},"position":{"line":11,"character":13}},"id":81,"jsonrpc":"2.0"}
<<<
Content-Length: 300

{"id":81,"jsonrpc":"2.0","result":[{"kind":1,"range":{"end":{"character":14,"line":11},"start":{"character":5,"line":11}}},{"kind":3,"range":{"end":{"character":11,"line":25},"start":{"character":2,"line":25}}},{"kind":2,"range":{"end":{"character":14,"line":27},"start":{"character":5,"line":27}}}]}
>>>
Content-Length: 242

{"method":"textDocument/documentHighlight","params":{"textDocument":{"uri":"file:///C:/Users/Juchani/AppData/Local/Temp/arduino-language-server266500963/sketch/bt_esp32.ino.cpp"},"position":{"line":10,"character":13}},"id":82,"jsonrpc":"2.0"}
<<<
Content-Length: 37

{"id":82,"jsonrpc":"2.0","result":[]}
>>>
Content-Length: 241

{"method":"textDocument/documentHighlight","params":{"textDocument":{"uri":"file:///C:/Users/Juchani/AppData/Local/Temp/arduino-language-server266500963/sketch/bt_esp32.ino.cpp"},"position":{"line":8,"character":13}},"id":83,"jsonrpc":"2.0"}
<<<
Content-Length: 37

{"id":83,"jsonrpc":"2.0","result":[]}
>>>
Content-Length: 241

{"method":"textDocument/documentHighlight","params":{"textDocument":{"uri":"file:///C:/Users/Juchani/AppData/Local/Temp/arduino-language-server266500963/sketch/bt_esp32.ino.cpp"},"position":{"line":7,"character":13}},"id":84,"jsonrpc":"2.0"}
<<<
Content-Length: 122

{"id":84,"jsonrpc":"2.0","result":[{"kind":1,"range":{"end":{"character":15,"line":7},"start":{"character":8,"line":7}}}]}
>>>
Content-Length: 302

{"method":"textDocument/codeAction","params":{"textDocument":{"uri":"file:///C:/Users/Juchani/AppData/Local/Temp/arduino-language-server266500963/sketch/bt_esp32.ino.cpp"},"range":{"start":{"line":7,"character":13},"end":{"line":7,"character":13}},"context":{"diagnostics":[]}},"id":85,"jsonrpc":"2.0"}
<<<
Content-Length: 37

{"id":85,"jsonrpc":"2.0","result":[]}
>>>
Content-Length: 241

{"method":"textDocument/documentHighlight","params":{"textDocument":{"uri":"file:///C:/Users/Juchani/AppData/Local/Temp/arduino-language-server266500963/sketch/bt_esp32.ino.cpp"},"position":{"line":6,"character":13}},"id":86,"jsonrpc":"2.0"}
<<<
Content-Length: 122

{"id":86,"jsonrpc":"2.0","result":[{"kind":1,"range":{"end":{"character":13,"line":6},"start":{"character":7,"line":6}}}]}
>>>
Content-Length: 302

{"method":"textDocument/codeAction","params":{"textDocument":{"uri":"file:///C:/Users/Juchani/AppData/Local/Temp/arduino-language-server266500963/sketch/bt_esp32.ino.cpp"},"range":{"start":{"line":6,"character":13},"end":{"line":6,"character":13}},"context":{"diagnostics":[]}},"id":87,"jsonrpc":"2.0"}
<<<
Content-Length: 37

{"id":87,"jsonrpc":"2.0","result":[]}
>>>
Content-Length: 241

{"method":"textDocument/documentHighlight","params":{"textDocument":{"uri":"file:///C:/Users/Juchani/AppData/Local/Temp/arduino-language-server266500963/sketch/bt_esp32.ino.cpp"},"position":{"line":7,"character":13}},"id":88,"jsonrpc":"2.0"}
<<<
Content-Length: 122

{"id":88,"jsonrpc":"2.0","result":[{"kind":1,"range":{"end":{"character":15,"line":7},"start":{"character":8,"line":7}}}]}
>>>
Content-Length: 302

{"method":"textDocument/codeAction","params":{"textDocument":{"uri":"file:///C:/Users/Juchani/AppData/Local/Temp/arduino-language-server266500963/sketch/bt_esp32.ino.cpp"},"range":{"start":{"line":7,"character":13},"end":{"line":7,"character":13}},"context":{"diagnostics":[]}},"id":89,"jsonrpc":"2.0"}
<<<
Content-Length: 37

{"id":89,"jsonrpc":"2.0","result":[]}
>>>
Content-Length: 302

{"method":"textDocument/codeAction","params":{"textDocument":{"uri":"file:///C:/Users/Juchani/AppData/Local/Temp/arduino-language-server266500963/sketch/bt_esp32.ino.cpp"},"range":{"start":{"line":7,"character":14},"end":{"line":7,"character":14}},"context":{"diagnostics":[]}},"id":90,"jsonrpc":"2.0"}
<<<
Content-Length: 37

{"id":90,"jsonrpc":"2.0","result":[]}
>>>
Content-Length: 241

{"method":"textDocument/documentHighlight","params":{"textDocument":{"uri":"file:///C:/Users/Juchani/AppData/Local/Temp/arduino-language-server266500963/sketch/bt_esp32.ino.cpp"},"position":{"line":7,"character":16}},"id":91,"jsonrpc":"2.0"}
<<<
Content-Length: 37

{"id":91,"jsonrpc":"2.0","result":[]}
>>>
Content-Length: 302

{"method":"textDocument/codeAction","params":{"textDocument":{"uri":"file:///C:/Users/Juchani/AppData/Local/Temp/arduino-language-server266500963/sketch/bt_esp32.ino.cpp"},"range":{"start":{"line":7,"character":17},"end":{"line":7,"character":17}},"context":{"diagnostics":[]}},"id":92,"jsonrpc":"2.0"}
<<<
Content-Length: 37

{"id":92,"jsonrpc":"2.0","result":[]}
>>>
Content-Length: 302

{"method":"textDocument/codeAction","params":{"textDocument":{"uri":"file:///C:/Users/Juchani/AppData/Local/Temp/arduino-language-server266500963/sketch/bt_esp32.ino.cpp"},"range":{"start":{"line":7,"character":18},"end":{"line":7,"character":18}},"context":{"diagnostics":[]}},"id":93,"jsonrpc":"2.0"}
<<<
Content-Length: 37

{"id":93,"jsonrpc":"2.0","result":[]}
>>>
Content-Length: 241

{"method":"textDocument/documentHighlight","params":{"textDocument":{"uri":"file:///C:/Users/Juchani/AppData/Local/Temp/arduino-language-server266500963/sketch/bt_esp32.ino.cpp"},"position":{"line":7,"character":17}},"id":94,"jsonrpc":"2.0"}
<<<
Content-Length: 37

{"id":94,"jsonrpc":"2.0","result":[]}
>>>
Content-Length: 241

{"method":"textDocument/documentHighlight","params":{"textDocument":{"uri":"file:///C:/Users/Juchani/AppData/Local/Temp/arduino-language-server266500963/sketch/bt_esp32.ino.cpp"},"position":{"line":7,"character":15}},"id":95,"jsonrpc":"2.0"}
<<<
Content-Length: 122

{"id":95,"jsonrpc":"2.0","result":[{"kind":1,"range":{"end":{"character":15,"line":7},"start":{"character":8,"line":7}}}]}Content-Length: 37

{"id":96,"jsonrpc":"2.0","result":[]}
>>>
Content-Length: 302

{"method":"textDocument/codeAction","params":{"textDocument":{"uri":"file:///C:/Users/Juchani/AppData/Local/Temp/arduino-language-server266500963/sketch/bt_esp32.ino.cpp"},"range":{"start":{"line":7,"character":15},"end":{"line":7,"character":15}},"context":{"diagnostics":[]}},"id":96,"jsonrpc":"2.0"}Content-Length: 302

{"method":"textDocument/codeAction","params":{"textDocument":{"uri":"file:///C:/Users/Juchani/AppData/Local/Temp/arduino-language-server266500963/sketch/bt_esp32.ino.cpp"},"range":{"start":{"line":7,"character":14},"end":{"line":7,"character":15}},"context":{"diagnostics":[]}},"id":97,"jsonrpc":"2.0"}
<<<
Content-Length: 37

{"id":97,"jsonrpc":"2.0","result":[]}
>>>
Content-Length: 302

{"method":"textDocument/codeAction","params":{"textDocument":{"uri":"file:///C:/Users/Juchani/AppData/Local/Temp/arduino-language-server266500963/sketch/bt_esp32.ino.cpp"},"range":{"start":{"line":7,"character":10},"end":{"line":7,"character":15}},"context":{"diagnostics":[]}},"id":98,"jsonrpc":"2.0"}
<<<
Content-Length: 37

{"id":98,"jsonrpc":"2.0","result":[]}
>>>
Content-Length: 301

{"method":"textDocument/codeAction","params":{"textDocument":{"uri":"file:///C:/Users/Juchani/AppData/Local/Temp/arduino-language-server266500963/sketch/bt_esp32.ino.cpp"},"range":{"start":{"line":7,"character":9},"end":{"line":7,"character":15}},"context":{"diagnostics":[]}},"id":99,"jsonrpc":"2.0"}
<<<
Content-Length: 37

{"id":99,"jsonrpc":"2.0","result":[]}
>>>
Content-Length: 302

{"method":"textDocument/codeAction","params":{"textDocument":{"uri":"file:///C:/Users/Juchani/AppData/Local/Temp/arduino-language-server266500963/sketch/bt_esp32.ino.cpp"},"range":{"start":{"line":7,"character":8},"end":{"line":7,"character":15}},"context":{"diagnostics":[]}},"id":100,"jsonrpc":"2.0"}
<<<
Content-Length: 38

{"id":100,"jsonrpc":"2.0","result":[]}
>>>

<<<
Content-Length: 38

{"id":101,"jsonrpc":"2.0","result":[]}Content-Length: 242

{"method":"textDocument/documentHighlight","params":{"textDocument":{"uri":"file:///C:/Users/Juchani/AppData/Local/Temp/arduino-language-server266500963/sketch/bt_esp32.ino.cpp"},"position":{"line":8,"character":15}},"id":101,"jsonrpc":"2.0"}
>>>
Content-Length: 303

{"method":"textDocument/codeAction","params":{"textDocument":{"uri":"file:///C:/Users/Juchani/AppData/Local/Temp/arduino-language-server266500963/sketch/bt_esp32.ino.cpp"},"range":{"start":{"line":8,"character":15},"end":{"line":8,"character":15}},"context":{"diagnostics":[]}},"id":102,"jsonrpc":"2.0"}
<<<
Content-Length: 38

{"id":102,"jsonrpc":"2.0","result":[]}
>>>
Content-Length: 242

{"method":"textDocument/documentHighlight","params":{"textDocument":{"uri":"file:///C:/Users/Juchani/AppData/Local/Temp/arduino-language-server266500963/sketch/bt_esp32.ino.cpp"},"position":{"line":9,"character":15}},"id":103,"jsonrpc":"2.0"}
<<<
Content-Length: 38

{"id":103,"jsonrpc":"2.0","result":[]}
>>>
Content-Length: 64

{"method":"$/cancelRequest","params":{"id":102},"jsonrpc":"2.0"}Content-Length: 243

{"method":"textDocument/documentHighlight","params":{"textDocument":{"uri":"file:///C:/Users/Juchani/AppData/Local/Temp/arduino-language-server266500963/sketch/bt_esp32.ino.cpp"},"position":{"line":10,"character":15}},"id":104,"jsonrpc":"2.0"}
<<<
Content-Length: 38

{"id":104,"jsonrpc":"2.0","result":[]}
>>>
Content-Length: 243

{"method":"textDocument/documentHighlight","params":{"textDocument":{"uri":"file:///C:/Users/Juchani/AppData/Local/Temp/arduino-language-server266500963/sketch/bt_esp32.ino.cpp"},"position":{"line":19,"character":15}},"id":105,"jsonrpc":"2.0"}
<<<
Content-Length: 125

{"id":105,"jsonrpc":"2.0","result":[{"kind":1,"range":{"end":{"character":14,"line":19},"start":{"character":9,"line":19}}}]}
>>>
Content-Length: 243

{"method":"textDocument/documentHighlight","params":{"textDocument":{"uri":"file:///C:/Users/Juchani/AppData/Local/Temp/arduino-language-server266500963/sketch/bt_esp32.ino.cpp"},"position":{"line":21,"character":15}},"id":106,"jsonrpc":"2.0"}
<<<
Content-Length: 126

{"id":106,"jsonrpc":"2.0","result":[{"kind":1,"range":{"end":{"character":16,"line":21},"start":{"character":11,"line":21}}}]}
>>>
Content-Length: 243

{"method":"textDocument/documentHighlight","params":{"textDocument":{"uri":"file:///C:/Users/Juchani/AppData/Local/Temp/arduino-language-server266500963/sketch/bt_esp32.ino.cpp"},"position":{"line":22,"character":15}},"id":107,"jsonrpc":"2.0"}
<<<
Content-Length: 126

{"id":107,"jsonrpc":"2.0","result":[{"kind":1,"range":{"end":{"character":17,"line":22},"start":{"character":11,"line":22}}}]}
>>>
Content-Length: 243

{"method":"textDocument/documentHighlight","params":{"textDocument":{"uri":"file:///C:/Users/Juchani/AppData/Local/Temp/arduino-language-server266500963/sketch/bt_esp32.ino.cpp"},"position":{"line":23,"character":15}},"id":108,"jsonrpc":"2.0"}
<<<
Content-Length: 392

{"id":108,"jsonrpc":"2.0","result":[{"kind":1,"range":{"end":{"character":16,"line":23},"start":{"character":9,"line":23}}},{"kind":1,"range":{"end":{"character":18,"line":28},"start":{"character":11,"line":28}}},{"kind":1,"range":{"end":{"character":20,"line":31},"start":{"character":13,"line":31}}},{"kind":1,"range":{"end":{"character":18,"line":36},"start":{"character":11,"line":36}}}]}
>>>
Content-Length: 243

{"method":"textDocument/documentHighlight","params":{"textDocument":{"uri":"file:///C:/Users/Juchani/AppData/Local/Temp/arduino-language-server266500963/sketch/bt_esp32.ino.cpp"},"position":{"line":25,"character":15}},"id":109,"jsonrpc":"2.0"}
<<<
Content-Length: 919

{"id":109,"jsonrpc":"2.0","result":[{"kind":1,"range":{"end":{"character":24,"line":4},"start":{"character":16,"line":4}}},{"kind":1,"range":{"end":{"character":10,"line":21},"start":{"character":2,"line":21}}},{"kind":1,"range":{"end":{"character":10,"line":22},"start":{"character":2,"line":22}}},{"kind":1,"range":{"end":{"character":22,"line":25},"start":{"character":14,"line":25}}},{"kind":1,"range":{"end":{"character":19,"line":30},"start":{"character":11,"line":30}}},{"kind":1,"range":{"end":{"character":14,"line":35},"start":{"character":6,"line":35}}},{"kind":1,"range":{"end":{"character":10,"line":39},"start":{"character":2,"line":39}}},{"kind":1,"range":{"end":{"character":12,"line":44},"start":{"character":4,"line":44}}},{"kind":1,"range":{"end":{"character":14,"line":46},"start":{"character":6,"line":46}}},{"kind":1,"range":{"end":{"character":25,"line":47},"start":{"character":17,"line":47}}}]}
>>>
Content-Length: 64

{"method":"$/cancelRequest","params":{"id":108},"jsonrpc":"2.0"}Content-Length: 243

{"method":"textDocument/documentHighlight","params":{"textDocument":{"uri":"file:///C:/Users/Juchani/AppData/Local/Temp/arduino-language-server266500963/sketch/bt_esp32.ino.cpp"},"position":{"line":28,"character":15}},"id":110,"jsonrpc":"2.0"}
<<<
Content-Length: 392

{"id":110,"jsonrpc":"2.0","result":[{"kind":1,"range":{"end":{"character":16,"line":23},"start":{"character":9,"line":23}}},{"kind":1,"range":{"end":{"character":18,"line":28},"start":{"character":11,"line":28}}},{"kind":1,"range":{"end":{"character":20,"line":31},"start":{"character":13,"line":31}}},{"kind":1,"range":{"end":{"character":18,"line":36},"start":{"character":11,"line":36}}}]}
>>>
Content-Length: 243

{"method":"textDocument/documentHighlight","params":{"textDocument":{"uri":"file:///C:/Users/Juchani/AppData/Local/Temp/arduino-language-server266500963/sketch/bt_esp32.ino.cpp"},"position":{"line":30,"character":15}},"id":111,"jsonrpc":"2.0"}
<<<
Content-Length: 919

{"id":111,"jsonrpc":"2.0","result":[{"kind":1,"range":{"end":{"character":24,"line":4},"start":{"character":16,"line":4}}},{"kind":1,"range":{"end":{"character":10,"line":21},"start":{"character":2,"line":21}}},{"kind":1,"range":{"end":{"character":10,"line":22},"start":{"character":2,"line":22}}},{"kind":1,"range":{"end":{"character":22,"line":25},"start":{"character":14,"line":25}}},{"kind":1,"range":{"end":{"character":19,"line":30},"start":{"character":11,"line":30}}},{"kind":1,"range":{"end":{"character":14,"line":35},"start":{"character":6,"line":35}}},{"kind":1,"range":{"end":{"character":10,"line":39},"start":{"character":2,"line":39}}},{"kind":1,"range":{"end":{"character":12,"line":44},"start":{"character":4,"line":44}}},{"kind":1,"range":{"end":{"character":14,"line":46},"start":{"character":6,"line":46}}},{"kind":1,"range":{"end":{"character":25,"line":47},"start":{"character":17,"line":47}}}]}
>>>
Content-Length: 64

{"method":"$/cancelRequest","params":{"id":110},"jsonrpc":"2.0"}Content-Length: 243

{"method":"textDocument/documentHighlight","params":{"textDocument":{"uri":"file:///C:/Users/Juchani/AppData/Local/Temp/arduino-language-server266500963/sketch/bt_esp32.ino.cpp"},"position":{"line":31,"character":15}},"id":112,"jsonrpc":"2.0"}
<<<
Content-Length: 392

{"id":112,"jsonrpc":"2.0","result":[{"kind":1,"range":{"end":{"character":16,"line":23},"start":{"character":9,"line":23}}},{"kind":1,"range":{"end":{"character":18,"line":28},"start":{"character":11,"line":28}}},{"kind":1,"range":{"end":{"character":20,"line":31},"start":{"character":13,"line":31}}},{"kind":1,"range":{"end":{"character":18,"line":36},"start":{"character":11,"line":36}}}]}
>>>
Content-Length: 64

{"method":"$/cancelRequest","params":{"id":111},"jsonrpc":"2.0"}Content-Length: 243

{"method":"textDocument/documentHighlight","params":{"textDocument":{"uri":"file:///C:/Users/Juchani/AppData/Local/Temp/arduino-language-server266500963/sketch/bt_esp32.ino.cpp"},"position":{"line":34,"character":15}},"id":113,"jsonrpc":"2.0"}
<<<
Content-Length: 38

{"id":113,"jsonrpc":"2.0","result":[]}
>>>
Content-Length: 243

{"method":"textDocument/documentHighlight","params":{"textDocument":{"uri":"file:///C:/Users/Juchani/AppData/Local/Temp/arduino-language-server266500963/sketch/bt_esp32.ino.cpp"},"position":{"line":35,"character":15}},"id":114,"jsonrpc":"2.0"}
<<<
Content-Length: 126

{"id":114,"jsonrpc":"2.0","result":[{"kind":1,"range":{"end":{"character":25,"line":35},"start":{"character":15,"line":35}}}]}
>>>
Content-Length: 243

{"method":"textDocument/documentHighlight","params":{"textDocument":{"uri":"file:///C:/Users/Juchani/AppData/Local/Temp/arduino-language-server266500963/sketch/bt_esp32.ino.cpp"},"position":{"line":36,"character":15}},"id":115,"jsonrpc":"2.0"}
<<<
Content-Length: 392

{"id":115,"jsonrpc":"2.0","result":[{"kind":1,"range":{"end":{"character":16,"line":23},"start":{"character":9,"line":23}}},{"kind":1,"range":{"end":{"character":18,"line":28},"start":{"character":11,"line":28}}},{"kind":1,"range":{"end":{"character":20,"line":31},"start":{"character":13,"line":31}}},{"kind":1,"range":{"end":{"character":18,"line":36},"start":{"character":11,"line":36}}}]}
>>>
Content-Length: 243

{"method":"textDocument/documentHighlight","params":{"textDocument":{"uri":"file:///C:/Users/Juchani/AppData/Local/Temp/arduino-language-server266500963/sketch/bt_esp32.ino.cpp"},"position":{"line":38,"character":15}},"id":116,"jsonrpc":"2.0"}
<<<
Content-Length: 38

{"id":116,"jsonrpc":"2.0","result":[]}
>>>
Content-Length: 243

{"method":"textDocument/documentHighlight","params":{"textDocument":{"uri":"file:///C:/Users/Juchani/AppData/Local/Temp/arduino-language-server266500963/sketch/bt_esp32.ino.cpp"},"position":{"line":39,"character":15}},"id":117,"jsonrpc":"2.0"}
<<<
Content-Length: 126

{"id":117,"jsonrpc":"2.0","result":[{"kind":1,"range":{"end":{"character":18,"line":39},"start":{"character":11,"line":39}}}]}
>>>
Content-Length: 243

{"method":"textDocument/documentHighlight","params":{"textDocument":{"uri":"file:///C:/Users/Juchani/AppData/Local/Temp/arduino-language-server266500963/sketch/bt_esp32.ino.cpp"},"position":{"line":43,"character":15}},"id":118,"jsonrpc":"2.0"}
<<<
Content-Length: 126

{"id":118,"jsonrpc":"2.0","result":[{"kind":1,"range":{"end":{"character":22,"line":43},"start":{"character":13,"line":43}}}]}
>>>
Content-Length: 243

{"method":"textDocument/documentHighlight","params":{"textDocument":{"uri":"file:///C:/Users/Juchani/AppData/Local/Temp/arduino-language-server266500963/sketch/bt_esp32.ino.cpp"},"position":{"line":44,"character":15}},"id":119,"jsonrpc":"2.0"}
<<<
Content-Length: 126

{"id":119,"jsonrpc":"2.0","result":[{"kind":1,"range":{"end":{"character":18,"line":44},"start":{"character":13,"line":44}}}]}
>>>
Content-Length: 303

{"method":"textDocument/codeAction","params":{"textDocument":{"uri":"file:///C:/Users/Juchani/AppData/Local/Temp/arduino-language-server266500963/sketch/bt_esp32.ino.cpp"},"range":{"start":{"line":45,"character":3},"end":{"line":45,"character":3}},"context":{"diagnostics":[]}},"id":120,"jsonrpc":"2.0"}
<<<
Content-Length: 38

{"id":120,"jsonrpc":"2.0","result":[]}
>>>
Content-Length: 243

{"method":"textDocument/documentHighlight","params":{"textDocument":{"uri":"file:///C:/Users/Juchani/AppData/Local/Temp/arduino-language-server266500963/sketch/bt_esp32.ino.cpp"},"position":{"line":46,"character":15}},"id":121,"jsonrpc":"2.0"}
<<<
Content-Length: 126

{"id":121,"jsonrpc":"2.0","result":[{"kind":1,"range":{"end":{"character":24,"line":46},"start":{"character":15,"line":46}}}]}
>>>
Content-Length: 305

{"method":"textDocument/codeAction","params":{"textDocument":{"uri":"file:///C:/Users/Juchani/AppData/Local/Temp/arduino-language-server266500963/sketch/bt_esp32.ino.cpp"},"range":{"start":{"line":46,"character":15},"end":{"line":46,"character":15}},"context":{"diagnostics":[]}},"id":122,"jsonrpc":"2.0"}
<<<
Content-Length: 38

{"id":122,"jsonrpc":"2.0","result":[]}
>>>
Content-Length: 243

{"method":"textDocument/documentHighlight","params":{"textDocument":{"uri":"file:///C:/Users/Juchani/AppData/Local/Temp/arduino-language-server266500963/sketch/bt_esp32.ino.cpp"},"position":{"line":47,"character":15}},"id":123,"jsonrpc":"2.0"}
<<<
Content-Length: 126

{"id":123,"jsonrpc":"2.0","result":[{"kind":1,"range":{"end":{"character":16,"line":47},"start":{"character":11,"line":47}}}]}
>>>
Content-Length: 64

{"method":"$/cancelRequest","params":{"id":122},"jsonrpc":"2.0"}Content-Length: 303

{"method":"textDocument/codeAction","params":{"textDocument":{"uri":"file:///C:/Users/Juchani/AppData/Local/Temp/arduino-language-server266500963/sketch/bt_esp32.ino.cpp"},"range":{"start":{"line":50,"character":1},"end":{"line":50,"character":1}},"context":{"diagnostics":[]}},"id":124,"jsonrpc":"2.0"}
<<<
Content-Length: 38

{"id":124,"jsonrpc":"2.0","result":[]}
>>>
Content-Length: 60

{"method":"shutdown","params":null,"id":125,"jsonrpc":"2.0"}
<<<
Content-Length: 40

{"id":125,"jsonrpc":"2.0","result":null}
>>>
Content-Length: 47

{"method":"exit","params":null,"jsonrpc":"2.0"}