






Started logging.

>>>
Content-Length: 2166

{"method":"initialize","params":{"processId":5964,"rootPath":"C:\\Users\\Juchani\\AppData\\Local\\Temp\\arduino-language-server052968867\\sketch","rootUri":"file:///C:/Users/Juchani/AppData/Local/Temp/arduino-language-server052968867/sketch","clientInfo":{"name":"vscode","version":"1.50.0"},"trace":"off","initializationOptions":{},"capabilities":{"workspace":{"workspaceEdit":{"documentChanges":true,"resourceOperations":["create","rename","delete"]},"applyEdit":true,"symbol":{"symbolKind":{"valueSet":[1,2,3,4,5,6,7,8,9,10,11,12,13,14,15,16,17,18,19,20,21,22,23,24,25,26]}},"executeCommand":{"dynamicRegistration":true},"didChangeWatchedFiles":{"dynamicRegistration":true},"workspaceFolders":true,"configuration":true},"textDocument":{"declaration":{"linkSupport":true},"definition":{"linkSupport":true},"implementation":{"linkSupport":true,"dynamicRegistration":true},"typeDefinition":{"linkSupport":true},"synchronization":{"willSave":true,"didSave":true,"willSaveWaitUntil":true},"documentSymbol":{"symbolKind":{"valueSet":[1,2,3,4,5,6,7,8,9,10,11,12,13,14,15,16,17,18,19,20,21,22,23,24,25,26]},"hierarchicalDocumentSymbolSupport":true},"formatting":{"dynamicRegistration":true},"rangeFormatting":{"dynamicRegistration":true},"rename":{"dynamicRegistration":true,"prepareSupport":true},"codeAction":{"dynamicRegistration":true,"isPreferredSupport":true,"codeActionLiteralSupport":{"codeActionKind":{"valueSet":["","quickfix","refactor","refactor.extract","refactor.inline","refactor.rewrite","source","source.organizeImports"]}}},"completion":{"completionItem":{"documentationFormat":["markdown","plaintext"],"snippetSupport":true},"completionItemKind":{"valueSet":[1,2,3,4,5,6,7,8,9,10,11,12,13,14,15,16,17,18,19,20,21,22,23,24,25]},"contextSupport":true},"signatureHelp":{"signatureInformation":{"parameterInformation":{"labelOffsetSupport":true}}},"documentLink":{"dynamicRegistration":true,"tooltipSupport":true},"hover":{"contentFormat":["markdown","plaintext"]},"foldingRange":{"dynamicRegistration":true,"rangeLimit":5000,"lineFoldingOnly":true},"colorProvider":{"dynamicRegistration":true}},"window":{"workDoneProgress":true}}},"id":0,"jsonrpc":"2.0"}
<<<
Content-Length: 1671

{"id":0,"jsonrpc":"2.0","result":{"capabilities":{"astProvider":true,"callHierarchyProvider":true,"codeActionProvider":{"codeActionKinds":["quickfix","refactor","info"]},"compilationDatabase":{"automaticReload":true},"completionProvider":{"allCommitCharacters":[" ","\t","(",")","[","]","{","}","<",">",":",";",",","+","-","/","*","%","^","&","#","?",".","=","\"","'","|"],"resolveProvider":false,"triggerCharacters":[".","<",">",":","\"","/"]},"declarationProvider":true,"definitionProvider":true,"documentFormattingProvider":true,"documentHighlightProvider":true,"documentLinkProvider":{"resolveProvider":false},"documentOnTypeFormattingProvider":{"firstTriggerCharacter":"\n","moreTriggerCharacter":[]},"documentRangeFormattingProvider":true,"documentSymbolProvider":true,"executeCommandProvider":{"commands":["clangd.applyFix","clangd.applyTweak"]},"hoverProvider":true,"implementationProvider":true,"memoryUsageProvider":true,"referencesProvider":true,"renameProvider":{"prepareProvider":true},"selectionRangeProvider":true,"semanticTokensProvider":{"full":{"delta":true},"legend":{"tokenModifiers":[],"tokenTypes":["variable","variable","parameter","function","method","function","property","variable","class","enum","enumMember","type","dependent","dependent","namespace","typeParameter","concept","type","macro","comment"]},"range":false},"signatureHelpProvider":{"triggerCharacters":["(",","]},"textDocumentSync":{"change":2,"openClose":true,"save":true},"typeHierarchyProvider":true,"workspaceSymbolProvider":true},"serverInfo":{"name":"clangd","version":"clangd version 12.0.0 (https://github.com/llvm/llvm-project e841bd5f335864b8c4d81cbf4df08460ef39f2ae)"}}}
>>>
Content-Length: 52

{"method":"initialized","params":{},"jsonrpc":"2.0"}Content-Length: 927

{"method":"textDocument/didOpen","params":{"textDocument":{"uri":"file:///C:/Users/Juchani/AppData/Local/Temp/arduino-language-server052968867/sketch/PRUEBA_RS232_UART.ino.cpp","languageId":"cpp","version":1,"text":"#include \u003cArduino.h\u003e\n#line 1 \"C:\\\\Users\\\\Juchani\\\\Documents\\\\Arduino\\\\PRUEBA_RS232_UART\\\\PRUEBA_RS232_UART.ino\"\n#include \u003cSoftwareSerial.h\u003e\nSoftwareSerial rs232(27, 26);//rx-tx\n#line 3 \"C:\\\\Users\\\\Juchani\\\\Documents\\\\Arduino\\\\PRUEBA_RS232_UART\\\\PRUEBA_RS232_UART.ino\"\nvoid setup();\n#line 8 \"C:\\\\Users\\\\Juchani\\\\Documents\\\\Arduino\\\\PRUEBA_RS232_UART\\\\PRUEBA_RS232_UART.ino\"\nvoid loop();\n#line 3 \"C:\\\\Users\\\\Juchani\\\\Documents\\\\Arduino\\\\PRUEBA_RS232_UART\\\\PRUEBA_RS232_UART.ino\"\nvoid setup() {\n Serial.begin(9600);//\n  rs232.begin(9600);//RS232\n}\n\nvoid loop() {\n rs232.println(\"HOLA MUNDO\");\n\n}\n\n"}},"jsonrpc":"2.0"}Content-Length: 209

{"method":"textDocument/documentSymbol","params":{"textDocument":{"uri":"file:///C:/Users/Juchani/AppData/Local/Temp/arduino-language-server052968867/sketch/PRUEBA_RS232_UART.ino.cpp"}},"id":1,"jsonrpc":"2.0"}Content-Length: 312

{"method":"textDocument/codeAction","params":{"textDocument":{"uri":"file:///C:/Users/Juchani/AppData/Local/Temp/arduino-language-server052968867/sketch/PRUEBA_RS232_UART.ino.cpp"},"range":{"start":{"line":14,"character":13},"end":{"line":14,"character":13}},"context":{"diagnostics":[]}},"id":2,"jsonrpc":"2.0"}
<<<
Content-Length: 111

{"id":0,"jsonrpc":"2.0","method":"window/workDoneProgress/create","params":{"token":"backgroundIndexProgress"}}
>>>
Content-Length: 38

{"id":0,"result":null,"jsonrpc":"2.0"}
<<<
Content-Length: 143

{"jsonrpc":"2.0","method":"$/progress","params":{"token":"backgroundIndexProgress","value":{"kind":"begin","percentage":0,"title":"indexing"}}}Content-Length: 141

{"jsonrpc":"2.0","method":"$/progress","params":{"token":"backgroundIndexProgress","value":{"kind":"report","message":"0/1","percentage":0}}}Content-Length: 142

{"jsonrpc":"2.0","method":"$/progress","params":{"token":"backgroundIndexProgress","value":{"kind":"report","message":"0/24","percentage":0}}}Content-Length: 142

{"jsonrpc":"2.0","method":"$/progress","params":{"token":"backgroundIndexProgress","value":{"kind":"report","message":"0/24","percentage":0}}}Content-Length: 142

{"jsonrpc":"2.0","method":"$/progress","params":{"token":"backgroundIndexProgress","value":{"kind":"report","message":"0/24","percentage":0}}}Content-Length: 142

{"jsonrpc":"2.0","method":"$/progress","params":{"token":"backgroundIndexProgress","value":{"kind":"report","message":"0/24","percentage":0}}}Content-Length: 158

{"jsonrpc":"2.0","method":"$/progress","params":{"token":"backgroundIndexProgress","value":{"kind":"report","message":"1/24","percentage":4.166666666666667}}}Content-Length: 158

{"jsonrpc":"2.0","method":"$/progress","params":{"token":"backgroundIndexProgress","value":{"kind":"report","message":"1/24","percentage":4.166666666666667}}}Content-Length: 218

{"jsonrpc":"2.0","method":"textDocument/publishDiagnostics","params":{"diagnostics":[],"uri":"file:///C:/Users/Juchani/AppData/Local/Temp/arduino-language-server052968867/sketch/PRUEBA_RS232_UART.ino.cpp","version":1}}Content-Length: 965

{"id":1,"jsonrpc":"2.0","result":[{"kind":13,"name":"rs232","range":{"end":{"character":28,"line":3},"start":{"character":0,"line":3}},"selectionRange":{"end":{"character":20,"line":3},"start":{"character":15,"line":3}}},{"kind":12,"name":"setup","range":{"end":{"character":12,"line":5},"start":{"character":0,"line":5}},"selectionRange":{"end":{"character":10,"line":5},"start":{"character":5,"line":5}}},{"kind":12,"name":"loop","range":{"end":{"character":11,"line":7},"start":{"character":0,"line":7}},"selectionRange":{"end":{"character":9,"line":7},"start":{"character":5,"line":7}}},{"kind":12,"name":"setup","range":{"end":{"character":1,"line":12},"start":{"character":0,"line":9}},"selectionRange":{"end":{"character":10,"line":9},"start":{"character":5,"line":9}}},{"kind":12,"name":"loop","range":{"end":{"character":1,"line":17},"start":{"character":0,"line":14}},"selectionRange":{"end":{"character":9,"line":14},"start":{"character":5,"line":14}}}]}Content-Length: 36

{"id":2,"jsonrpc":"2.0","result":[]}Content-Length: 159

{"jsonrpc":"2.0","method":"$/progress","params":{"token":"backgroundIndexProgress","value":{"kind":"report","message":"2/24","percentage":8.3333333333333339}}}Content-Length: 159

{"jsonrpc":"2.0","method":"$/progress","params":{"token":"backgroundIndexProgress","value":{"kind":"report","message":"2/24","percentage":8.3333333333333339}}}Content-Length: 145

{"jsonrpc":"2.0","method":"$/progress","params":{"token":"backgroundIndexProgress","value":{"kind":"report","message":"3/24","percentage":12.5}}}Content-Length: 145

{"jsonrpc":"2.0","method":"$/progress","params":{"token":"backgroundIndexProgress","value":{"kind":"report","message":"3/24","percentage":12.5}}}Content-Length: 159

{"jsonrpc":"2.0","method":"$/progress","params":{"token":"backgroundIndexProgress","value":{"kind":"report","message":"4/24","percentage":16.666666666666668}}}Content-Length: 159

{"jsonrpc":"2.0","method":"$/progress","params":{"token":"backgroundIndexProgress","value":{"kind":"report","message":"4/24","percentage":16.666666666666668}}}Content-Length: 159

{"jsonrpc":"2.0","method":"$/progress","params":{"token":"backgroundIndexProgress","value":{"kind":"report","message":"5/24","percentage":20.833333333333332}}}Content-Length: 159

{"jsonrpc":"2.0","method":"$/progress","params":{"token":"backgroundIndexProgress","value":{"kind":"report","message":"5/24","percentage":20.833333333333332}}}Content-Length: 143

{"jsonrpc":"2.0","method":"$/progress","params":{"token":"backgroundIndexProgress","value":{"kind":"report","message":"6/24","percentage":25}}}Content-Length: 143

{"jsonrpc":"2.0","method":"$/progress","params":{"token":"backgroundIndexProgress","value":{"kind":"report","message":"6/24","percentage":25}}}Content-Length: 159

{"jsonrpc":"2.0","method":"$/progress","params":{"token":"backgroundIndexProgress","value":{"kind":"report","message":"7/24","percentage":29.166666666666668}}}Content-Length: 159

{"jsonrpc":"2.0","method":"$/progress","params":{"token":"backgroundIndexProgress","value":{"kind":"report","message":"7/24","percentage":29.166666666666668}}}Content-Length: 159

{"jsonrpc":"2.0","method":"$/progress","params":{"token":"backgroundIndexProgress","value":{"kind":"report","message":"8/24","percentage":33.333333333333336}}}Content-Length: 159

{"jsonrpc":"2.0","method":"$/progress","params":{"token":"backgroundIndexProgress","value":{"kind":"report","message":"8/24","percentage":33.333333333333336}}}Content-Length: 145

{"jsonrpc":"2.0","method":"$/progress","params":{"token":"backgroundIndexProgress","value":{"kind":"report","message":"9/24","percentage":37.5}}}Content-Length: 145

{"jsonrpc":"2.0","method":"$/progress","params":{"token":"backgroundIndexProgress","value":{"kind":"report","message":"9/24","percentage":37.5}}}Content-Length: 160

{"jsonrpc":"2.0","method":"$/progress","params":{"token":"backgroundIndexProgress","value":{"kind":"report","message":"10/24","percentage":41.666666666666664}}}Content-Length: 160

{"jsonrpc":"2.0","method":"$/progress","params":{"token":"backgroundIndexProgress","value":{"kind":"report","message":"10/24","percentage":41.666666666666664}}}Content-Length: 160

{"jsonrpc":"2.0","method":"$/progress","params":{"token":"backgroundIndexProgress","value":{"kind":"report","message":"11/24","percentage":45.833333333333336}}}Content-Length: 160

{"jsonrpc":"2.0","method":"$/progress","params":{"token":"backgroundIndexProgress","value":{"kind":"report","message":"11/24","percentage":45.833333333333336}}}Content-Length: 144

{"jsonrpc":"2.0","method":"$/progress","params":{"token":"backgroundIndexProgress","value":{"kind":"report","message":"12/24","percentage":50}}}Content-Length: 144

{"jsonrpc":"2.0","method":"$/progress","params":{"token":"backgroundIndexProgress","value":{"kind":"report","message":"12/24","percentage":50}}}Content-Length: 160

{"jsonrpc":"2.0","method":"$/progress","params":{"token":"backgroundIndexProgress","value":{"kind":"report","message":"13/24","percentage":54.166666666666664}}}Content-Length: 160

{"jsonrpc":"2.0","method":"$/progress","params":{"token":"backgroundIndexProgress","value":{"kind":"report","message":"13/24","percentage":54.166666666666664}}}Content-Length: 160

{"jsonrpc":"2.0","method":"$/progress","params":{"token":"backgroundIndexProgress","value":{"kind":"report","message":"14/24","percentage":58.333333333333336}}}Content-Length: 160

{"jsonrpc":"2.0","method":"$/progress","params":{"token":"backgroundIndexProgress","value":{"kind":"report","message":"14/24","percentage":58.333333333333336}}}Content-Length: 146

{"jsonrpc":"2.0","method":"$/progress","params":{"token":"backgroundIndexProgress","value":{"kind":"report","message":"15/24","percentage":62.5}}}Content-Length: 146

{"jsonrpc":"2.0","method":"$/progress","params":{"token":"backgroundIndexProgress","value":{"kind":"report","message":"15/24","percentage":62.5}}}Content-Length: 160

{"jsonrpc":"2.0","method":"$/progress","params":{"token":"backgroundIndexProgress","value":{"kind":"report","message":"16/24","percentage":66.666666666666671}}}Content-Length: 160

{"jsonrpc":"2.0","method":"$/progress","params":{"token":"backgroundIndexProgress","value":{"kind":"report","message":"16/24","percentage":66.666666666666671}}}Content-Length: 160

{"jsonrpc":"2.0","method":"$/progress","params":{"token":"backgroundIndexProgress","value":{"kind":"report","message":"17/24","percentage":70.833333333333329}}}Content-Length: 160

{"jsonrpc":"2.0","method":"$/progress","params":{"token":"backgroundIndexProgress","value":{"kind":"report","message":"17/24","percentage":70.833333333333329}}}Content-Length: 144

{"jsonrpc":"2.0","method":"$/progress","params":{"token":"backgroundIndexProgress","value":{"kind":"report","message":"18/24","percentage":75}}}Content-Length: 144

{"jsonrpc":"2.0","method":"$/progress","params":{"token":"backgroundIndexProgress","value":{"kind":"report","message":"18/24","percentage":75}}}Content-Length: 160

{"jsonrpc":"2.0","method":"$/progress","params":{"token":"backgroundIndexProgress","value":{"kind":"report","message":"19/24","percentage":79.166666666666671}}}Content-Length: 160

{"jsonrpc":"2.0","method":"$/progress","params":{"token":"backgroundIndexProgress","value":{"kind":"report","message":"19/24","percentage":79.166666666666671}}}Content-Length: 160

{"jsonrpc":"2.0","method":"$/progress","params":{"token":"backgroundIndexProgress","value":{"kind":"report","message":"20/24","percentage":83.333333333333329}}}Content-Length: 160

{"jsonrpc":"2.0","method":"$/progress","params":{"token":"backgroundIndexProgress","value":{"kind":"report","message":"20/24","percentage":83.333333333333329}}}Content-Length: 146

{"jsonrpc":"2.0","method":"$/progress","params":{"token":"backgroundIndexProgress","value":{"kind":"report","message":"21/24","percentage":87.5}}}Content-Length: 160

{"jsonrpc":"2.0","method":"$/progress","params":{"token":"backgroundIndexProgress","value":{"kind":"report","message":"22/24","percentage":91.666666666666671}}}Content-Length: 160

{"jsonrpc":"2.0","method":"$/progress","params":{"token":"backgroundIndexProgress","value":{"kind":"report","message":"23/24","percentage":95.833333333333329}}}Content-Length: 107

{"jsonrpc":"2.0","method":"$/progress","params":{"token":"backgroundIndexProgress","value":{"kind":"end"}}}
>>>
Content-Length: 76

{"method":"$/setTraceNotification","params":{"value":"off"},"jsonrpc":"2.0"}Content-Length: 76

{"method":"$/setTraceNotification","params":{"value":"off"},"jsonrpc":"2.0"}Content-Length: 238

{"method":"textDocument/hover","params":{"textDocument":{"uri":"file:///C:/Users/Juchani/AppData/Local/Temp/arduino-language-server052968867/sketch/PRUEBA_RS232_UART.ino.cpp"},"position":{"line":11,"character":10}},"id":3,"jsonrpc":"2.0"}
<<<
Content-Length: 309

{"id":3,"jsonrpc":"2.0","result":{"contents":{"kind":"markdown","value":"### instance-method `begin`  \n\n---\n→ `void`  \nParameters:  \n- `long speed`\n\n---\n```cpp\n// In SoftwareSerial\npublic: void begin(long speed)\n```"},"range":{"end":{"character":13,"line":11},"start":{"character":8,"line":11}}}}
>>>
Content-Length: 62

{"method":"$/cancelRequest","params":{"id":2},"jsonrpc":"2.0"}Content-Length: 58

{"method":"shutdown","params":null,"id":4,"jsonrpc":"2.0"}
<<<
Content-Length: 38

{"id":4,"jsonrpc":"2.0","result":null}
>>>
Content-Length: 47

{"method":"exit","params":null,"jsonrpc":"2.0"}<<< Read Error: EOF







Started logging.

>>>
Content-Length: 2166

{"method":"initialize","params":{"processId":5964,"rootPath":"C:\\Users\\Juchani\\AppData\\Local\\Temp\\arduino-language-server615991391\\sketch","rootUri":"file:///C:/Users/Juchani/AppData/Local/Temp/arduino-language-server615991391/sketch","clientInfo":{"name":"vscode","version":"1.50.0"},"trace":"off","initializationOptions":{},"capabilities":{"workspace":{"workspaceEdit":{"documentChanges":true,"resourceOperations":["create","rename","delete"]},"applyEdit":true,"symbol":{"symbolKind":{"valueSet":[1,2,3,4,5,6,7,8,9,10,11,12,13,14,15,16,17,18,19,20,21,22,23,24,25,26]}},"executeCommand":{"dynamicRegistration":true},"didChangeWatchedFiles":{"dynamicRegistration":true},"workspaceFolders":true,"configuration":true},"textDocument":{"declaration":{"linkSupport":true},"definition":{"linkSupport":true},"implementation":{"linkSupport":true,"dynamicRegistration":true},"typeDefinition":{"linkSupport":true},"synchronization":{"willSave":true,"didSave":true,"willSaveWaitUntil":true},"documentSymbol":{"symbolKind":{"valueSet":[1,2,3,4,5,6,7,8,9,10,11,12,13,14,15,16,17,18,19,20,21,22,23,24,25,26]},"hierarchicalDocumentSymbolSupport":true},"formatting":{"dynamicRegistration":true},"rangeFormatting":{"dynamicRegistration":true},"rename":{"dynamicRegistration":true,"prepareSupport":true},"codeAction":{"dynamicRegistration":true,"isPreferredSupport":true,"codeActionLiteralSupport":{"codeActionKind":{"valueSet":["","quickfix","refactor","refactor.extract","refactor.inline","refactor.rewrite","source","source.organizeImports"]}}},"completion":{"completionItem":{"documentationFormat":["markdown","plaintext"],"snippetSupport":true},"completionItemKind":{"valueSet":[1,2,3,4,5,6,7,8,9,10,11,12,13,14,15,16,17,18,19,20,21,22,23,24,25]},"contextSupport":true},"signatureHelp":{"signatureInformation":{"parameterInformation":{"labelOffsetSupport":true}}},"documentLink":{"dynamicRegistration":true,"tooltipSupport":true},"hover":{"contentFormat":["markdown","plaintext"]},"foldingRange":{"dynamicRegistration":true,"rangeLimit":5000,"lineFoldingOnly":true},"colorProvider":{"dynamicRegistration":true}},"window":{"workDoneProgress":true}}},"id":0,"jsonrpc":"2.0"}
<<<
Content-Length: 1671

{"id":0,"jsonrpc":"2.0","result":{"capabilities":{"astProvider":true,"callHierarchyProvider":true,"codeActionProvider":{"codeActionKinds":["quickfix","refactor","info"]},"compilationDatabase":{"automaticReload":true},"completionProvider":{"allCommitCharacters":[" ","\t","(",")","[","]","{","}","<",">",":",";",",","+","-","/","*","%","^","&","#","?",".","=","\"","'","|"],"resolveProvider":false,"triggerCharacters":[".","<",">",":","\"","/"]},"declarationProvider":true,"definitionProvider":true,"documentFormattingProvider":true,"documentHighlightProvider":true,"documentLinkProvider":{"resolveProvider":false},"documentOnTypeFormattingProvider":{"firstTriggerCharacter":"\n","moreTriggerCharacter":[]},"documentRangeFormattingProvider":true,"documentSymbolProvider":true,"executeCommandProvider":{"commands":["clangd.applyFix","clangd.applyTweak"]},"hoverProvider":true,"implementationProvider":true,"memoryUsageProvider":true,"referencesProvider":true,"renameProvider":{"prepareProvider":true},"selectionRangeProvider":true,"semanticTokensProvider":{"full":{"delta":true},"legend":{"tokenModifiers":[],"tokenTypes":["variable","variable","parameter","function","method","function","property","variable","class","enum","enumMember","type","dependent","dependent","namespace","typeParameter","concept","type","macro","comment"]},"range":false},"signatureHelpProvider":{"triggerCharacters":["(",","]},"textDocumentSync":{"change":2,"openClose":true,"save":true},"typeHierarchyProvider":true,"workspaceSymbolProvider":true},"serverInfo":{"name":"clangd","version":"clangd version 12.0.0 (https://github.com/llvm/llvm-project e841bd5f335864b8c4d81cbf4df08460ef39f2ae)"}}}
>>>
Content-Length: 52

{"method":"initialized","params":{},"jsonrpc":"2.0"}Content-Length: 927

{"method":"textDocument/didOpen","params":{"textDocument":{"uri":"file:///C:/Users/Juchani/AppData/Local/Temp/arduino-language-server615991391/sketch/PRUEBA_RS232_UART.ino.cpp","languageId":"cpp","version":1,"text":"#include \u003cArduino.h\u003e\n#line 1 \"C:\\\\Users\\\\Juchani\\\\Documents\\\\Arduino\\\\PRUEBA_RS232_UART\\\\PRUEBA_RS232_UART.ino\"\n#include \u003cSoftwareSerial.h\u003e\nSoftwareSerial rs232(27, 26);//rx-tx\n#line 3 \"C:\\\\Users\\\\Juchani\\\\Documents\\\\Arduino\\\\PRUEBA_RS232_UART\\\\PRUEBA_RS232_UART.ino\"\nvoid setup();\n#line 8 \"C:\\\\Users\\\\Juchani\\\\Documents\\\\Arduino\\\\PRUEBA_RS232_UART\\\\PRUEBA_RS232_UART.ino\"\nvoid loop();\n#line 3 \"C:\\\\Users\\\\Juchani\\\\Documents\\\\Arduino\\\\PRUEBA_RS232_UART\\\\PRUEBA_RS232_UART.ino\"\nvoid setup() {\n Serial.begin(9600);//\n  rs232.begin(9600);//RS232\n}\n\nvoid loop() {\n rs232.println(\"HOLA MUNDO\");\n\n}\n\n"}},"jsonrpc":"2.0"}Content-Length: 209

{"method":"textDocument/documentSymbol","params":{"textDocument":{"uri":"file:///C:/Users/Juchani/AppData/Local/Temp/arduino-language-server615991391/sketch/PRUEBA_RS232_UART.ino.cpp"}},"id":1,"jsonrpc":"2.0"}Content-Length: 312

{"method":"textDocument/codeAction","params":{"textDocument":{"uri":"file:///C:/Users/Juchani/AppData/Local/Temp/arduino-language-server615991391/sketch/PRUEBA_RS232_UART.ino.cpp"},"range":{"start":{"line":14,"character":13},"end":{"line":14,"character":13}},"context":{"diagnostics":[]}},"id":2,"jsonrpc":"2.0"}
<<<
Content-Length: 111

{"id":0,"jsonrpc":"2.0","method":"window/workDoneProgress/create","params":{"token":"backgroundIndexProgress"}}
>>>
Content-Length: 38

{"id":0,"result":null,"jsonrpc":"2.0"}
<<<
Content-Length: 143

{"jsonrpc":"2.0","method":"$/progress","params":{"token":"backgroundIndexProgress","value":{"kind":"begin","percentage":0,"title":"indexing"}}}Content-Length: 141

{"jsonrpc":"2.0","method":"$/progress","params":{"token":"backgroundIndexProgress","value":{"kind":"report","message":"0/1","percentage":0}}}Content-Length: 142

{"jsonrpc":"2.0","method":"$/progress","params":{"token":"backgroundIndexProgress","value":{"kind":"report","message":"0/28","percentage":0}}}Content-Length: 142

{"jsonrpc":"2.0","method":"$/progress","params":{"token":"backgroundIndexProgress","value":{"kind":"report","message":"0/28","percentage":0}}}Content-Length: 142

{"jsonrpc":"2.0","method":"$/progress","params":{"token":"backgroundIndexProgress","value":{"kind":"report","message":"0/28","percentage":0}}}Content-Length: 159

{"jsonrpc":"2.0","method":"$/progress","params":{"token":"backgroundIndexProgress","value":{"kind":"report","message":"1/28","percentage":3.5714285714285716}}}Content-Length: 159

{"jsonrpc":"2.0","method":"$/progress","params":{"token":"backgroundIndexProgress","value":{"kind":"report","message":"1/28","percentage":3.5714285714285716}}}Content-Length: 159

{"jsonrpc":"2.0","method":"$/progress","params":{"token":"backgroundIndexProgress","value":{"kind":"report","message":"1/28","percentage":3.5714285714285716}}}Content-Length: 218

{"jsonrpc":"2.0","method":"textDocument/publishDiagnostics","params":{"diagnostics":[],"uri":"file:///C:/Users/Juchani/AppData/Local/Temp/arduino-language-server615991391/sketch/PRUEBA_RS232_UART.ino.cpp","version":1}}Content-Length: 965

{"id":1,"jsonrpc":"2.0","result":[{"kind":13,"name":"rs232","range":{"end":{"character":28,"line":3},"start":{"character":0,"line":3}},"selectionRange":{"end":{"character":20,"line":3},"start":{"character":15,"line":3}}},{"kind":12,"name":"setup","range":{"end":{"character":12,"line":5},"start":{"character":0,"line":5}},"selectionRange":{"end":{"character":10,"line":5},"start":{"character":5,"line":5}}},{"kind":12,"name":"loop","range":{"end":{"character":11,"line":7},"start":{"character":0,"line":7}},"selectionRange":{"end":{"character":9,"line":7},"start":{"character":5,"line":7}}},{"kind":12,"name":"setup","range":{"end":{"character":1,"line":12},"start":{"character":0,"line":9}},"selectionRange":{"end":{"character":10,"line":9},"start":{"character":5,"line":9}}},{"kind":12,"name":"loop","range":{"end":{"character":1,"line":17},"start":{"character":0,"line":14}},"selectionRange":{"end":{"character":9,"line":14},"start":{"character":5,"line":14}}}]}Content-Length: 36

{"id":2,"jsonrpc":"2.0","result":[]}
>>>
Content-Length: 237

{"method":"textDocument/hover","params":{"textDocument":{"uri":"file:///C:/Users/Juchani/AppData/Local/Temp/arduino-language-server615991391/sketch/PRUEBA_RS232_UART.ino.cpp"},"position":{"line":15,"character":3}},"id":3,"jsonrpc":"2.0"}
<<<
Content-Length: 273

{"id":3,"jsonrpc":"2.0","result":{"contents":{"kind":"markdown","value":"### variable `rs232`  \n\n---\nType: `class SoftwareSerial`  \nrx-tx  \n\n---\n```cpp\nSoftwareSerial rs232(27, 26)\n```"},"range":{"end":{"character":6,"line":15},"start":{"character":1,"line":15}}}}
>>>
Content-Length: 62

{"method":"$/cancelRequest","params":{"id":2},"jsonrpc":"2.0"}
<<<
Content-Length: 159

{"jsonrpc":"2.0","method":"$/progress","params":{"token":"backgroundIndexProgress","value":{"kind":"report","message":"2/28","percentage":7.1428571428571432}}}Content-Length: 159

{"jsonrpc":"2.0","method":"$/progress","params":{"token":"backgroundIndexProgress","value":{"kind":"report","message":"2/28","percentage":7.1428571428571432}}}Content-Length: 159

{"jsonrpc":"2.0","method":"$/progress","params":{"token":"backgroundIndexProgress","value":{"kind":"report","message":"3/28","percentage":10.714285714285714}}}Content-Length: 159

{"jsonrpc":"2.0","method":"$/progress","params":{"token":"backgroundIndexProgress","value":{"kind":"report","message":"3/28","percentage":10.714285714285714}}}Content-Length: 159

{"jsonrpc":"2.0","method":"$/progress","params":{"token":"backgroundIndexProgress","value":{"kind":"report","message":"4/28","percentage":14.285714285714286}}}Content-Length: 159

{"jsonrpc":"2.0","method":"$/progress","params":{"token":"backgroundIndexProgress","value":{"kind":"report","message":"4/28","percentage":14.285714285714286}}}Content-Length: 159

{"jsonrpc":"2.0","method":"$/progress","params":{"token":"backgroundIndexProgress","value":{"kind":"report","message":"5/28","percentage":17.857142857142858}}}Content-Length: 159

{"jsonrpc":"2.0","method":"$/progress","params":{"token":"backgroundIndexProgress","value":{"kind":"report","message":"5/28","percentage":17.857142857142858}}}Content-Length: 159

{"jsonrpc":"2.0","method":"$/progress","params":{"token":"backgroundIndexProgress","value":{"kind":"report","message":"6/28","percentage":21.428571428571427}}}Content-Length: 159

{"jsonrpc":"2.0","method":"$/progress","params":{"token":"backgroundIndexProgress","value":{"kind":"report","message":"6/28","percentage":21.428571428571427}}}Content-Length: 143

{"jsonrpc":"2.0","method":"$/progress","params":{"token":"backgroundIndexProgress","value":{"kind":"report","message":"7/28","percentage":25}}}Content-Length: 143

{"jsonrpc":"2.0","method":"$/progress","params":{"token":"backgroundIndexProgress","value":{"kind":"report","message":"7/28","percentage":25}}}Content-Length: 159

{"jsonrpc":"2.0","method":"$/progress","params":{"token":"backgroundIndexProgress","value":{"kind":"report","message":"8/28","percentage":28.571428571428573}}}Content-Length: 159

{"jsonrpc":"2.0","method":"$/progress","params":{"token":"backgroundIndexProgress","value":{"kind":"report","message":"8/28","percentage":28.571428571428573}}}Content-Length: 159

{"jsonrpc":"2.0","method":"$/progress","params":{"token":"backgroundIndexProgress","value":{"kind":"report","message":"9/28","percentage":32.142857142857146}}}Content-Length: 159

{"jsonrpc":"2.0","method":"$/progress","params":{"token":"backgroundIndexProgress","value":{"kind":"report","message":"9/28","percentage":32.142857142857146}}}Content-Length: 160

{"jsonrpc":"2.0","method":"$/progress","params":{"token":"backgroundIndexProgress","value":{"kind":"report","message":"10/28","percentage":35.714285714285715}}}Content-Length: 160

{"jsonrpc":"2.0","method":"$/progress","params":{"token":"backgroundIndexProgress","value":{"kind":"report","message":"10/28","percentage":35.714285714285715}}}Content-Length: 160

{"jsonrpc":"2.0","method":"$/progress","params":{"token":"backgroundIndexProgress","value":{"kind":"report","message":"11/28","percentage":39.285714285714285}}}Content-Length: 160

{"jsonrpc":"2.0","method":"$/progress","params":{"token":"backgroundIndexProgress","value":{"kind":"report","message":"11/28","percentage":39.285714285714285}}}Content-Length: 160

{"jsonrpc":"2.0","method":"$/progress","params":{"token":"backgroundIndexProgress","value":{"kind":"report","message":"12/28","percentage":42.857142857142854}}}Content-Length: 160

{"jsonrpc":"2.0","method":"$/progress","params":{"token":"backgroundIndexProgress","value":{"kind":"report","message":"12/28","percentage":42.857142857142854}}}Content-Length: 160

{"jsonrpc":"2.0","method":"$/progress","params":{"token":"backgroundIndexProgress","value":{"kind":"report","message":"13/28","percentage":46.428571428571431}}}Content-Length: 160

{"jsonrpc":"2.0","method":"$/progress","params":{"token":"backgroundIndexProgress","value":{"kind":"report","message":"13/28","percentage":46.428571428571431}}}Content-Length: 144

{"jsonrpc":"2.0","method":"$/progress","params":{"token":"backgroundIndexProgress","value":{"kind":"report","message":"14/28","percentage":50}}}Content-Length: 144

{"jsonrpc":"2.0","method":"$/progress","params":{"token":"backgroundIndexProgress","value":{"kind":"report","message":"14/28","percentage":50}}}Content-Length: 160

{"jsonrpc":"2.0","method":"$/progress","params":{"token":"backgroundIndexProgress","value":{"kind":"report","message":"15/28","percentage":53.571428571428569}}}Content-Length: 160

{"jsonrpc":"2.0","method":"$/progress","params":{"token":"backgroundIndexProgress","value":{"kind":"report","message":"15/28","percentage":53.571428571428569}}}Content-Length: 160

{"jsonrpc":"2.0","method":"$/progress","params":{"token":"backgroundIndexProgress","value":{"kind":"report","message":"16/28","percentage":57.142857142857146}}}Content-Length: 160

{"jsonrpc":"2.0","method":"$/progress","params":{"token":"backgroundIndexProgress","value":{"kind":"report","message":"16/28","percentage":57.142857142857146}}}Content-Length: 160

{"jsonrpc":"2.0","method":"$/progress","params":{"token":"backgroundIndexProgress","value":{"kind":"report","message":"17/28","percentage":60.714285714285715}}}Content-Length: 160

{"jsonrpc":"2.0","method":"$/progress","params":{"token":"backgroundIndexProgress","value":{"kind":"report","message":"17/28","percentage":60.714285714285715}}}Content-Length: 160

{"jsonrpc":"2.0","method":"$/progress","params":{"token":"backgroundIndexProgress","value":{"kind":"report","message":"18/28","percentage":64.285714285714292}}}Content-Length: 160

{"jsonrpc":"2.0","method":"$/progress","params":{"token":"backgroundIndexProgress","value":{"kind":"report","message":"18/28","percentage":64.285714285714292}}}Content-Length: 160

{"jsonrpc":"2.0","method":"$/progress","params":{"token":"backgroundIndexProgress","value":{"kind":"report","message":"19/28","percentage":67.857142857142861}}}Content-Length: 160

{"jsonrpc":"2.0","method":"$/progress","params":{"token":"backgroundIndexProgress","value":{"kind":"report","message":"19/28","percentage":67.857142857142861}}}Content-Length: 160

{"jsonrpc":"2.0","method":"$/progress","params":{"token":"backgroundIndexProgress","value":{"kind":"report","message":"20/28","percentage":71.428571428571431}}}Content-Length: 160

{"jsonrpc":"2.0","method":"$/progress","params":{"token":"backgroundIndexProgress","value":{"kind":"report","message":"20/28","percentage":71.428571428571431}}}Content-Length: 144

{"jsonrpc":"2.0","method":"$/progress","params":{"token":"backgroundIndexProgress","value":{"kind":"report","message":"21/28","percentage":75}}}Content-Length: 144

{"jsonrpc":"2.0","method":"$/progress","params":{"token":"backgroundIndexProgress","value":{"kind":"report","message":"21/28","percentage":75}}}Content-Length: 160

{"jsonrpc":"2.0","method":"$/progress","params":{"token":"backgroundIndexProgress","value":{"kind":"report","message":"22/28","percentage":78.571428571428569}}}Content-Length: 160

{"jsonrpc":"2.0","method":"$/progress","params":{"token":"backgroundIndexProgress","value":{"kind":"report","message":"22/28","percentage":78.571428571428569}}}Content-Length: 160

{"jsonrpc":"2.0","method":"$/progress","params":{"token":"backgroundIndexProgress","value":{"kind":"report","message":"23/28","percentage":82.142857142857139}}}Content-Length: 160

{"jsonrpc":"2.0","method":"$/progress","params":{"token":"backgroundIndexProgress","value":{"kind":"report","message":"23/28","percentage":82.142857142857139}}}Content-Length: 160

{"jsonrpc":"2.0","method":"$/progress","params":{"token":"backgroundIndexProgress","value":{"kind":"report","message":"24/28","percentage":85.714285714285708}}}Content-Length: 160

{"jsonrpc":"2.0","method":"$/progress","params":{"token":"backgroundIndexProgress","value":{"kind":"report","message":"24/28","percentage":85.714285714285708}}}Content-Length: 160

{"jsonrpc":"2.0","method":"$/progress","params":{"token":"backgroundIndexProgress","value":{"kind":"report","message":"25/28","percentage":89.285714285714292}}}Content-Length: 160

{"jsonrpc":"2.0","method":"$/progress","params":{"token":"backgroundIndexProgress","value":{"kind":"report","message":"26/28","percentage":92.857142857142861}}}Content-Length: 160

{"jsonrpc":"2.0","method":"$/progress","params":{"token":"backgroundIndexProgress","value":{"kind":"report","message":"27/28","percentage":96.428571428571431}}}Content-Length: 107

{"jsonrpc":"2.0","method":"$/progress","params":{"token":"backgroundIndexProgress","value":{"kind":"end"}}}
>>>
Content-Length: 237

{"method":"textDocument/hover","params":{"textDocument":{"uri":"file:///C:/Users/Juchani/AppData/Local/Temp/arduino-language-server615991391/sketch/PRUEBA_RS232_UART.ino.cpp"},"position":{"line":3,"character":19}},"id":4,"jsonrpc":"2.0"}
<<<
Content-Length: 273

{"id":4,"jsonrpc":"2.0","result":{"contents":{"kind":"markdown","value":"### variable `rs232`  \n\n---\nType: `class SoftwareSerial`  \nrx-tx  \n\n---\n```cpp\nSoftwareSerial rs232(27, 26)\n```"},"range":{"end":{"character":20,"line":3},"start":{"character":15,"line":3}}}}
>>>
Content-Length: 58

{"method":"shutdown","params":null,"id":5,"jsonrpc":"2.0"}
<<<
Content-Length: 38

{"id":5,"jsonrpc":"2.0","result":null}
>>>
Content-Length: 47

{"method":"exit","params":null,"jsonrpc":"2.0"}






Started logging.

>>>
Content-Length: 2166

{"method":"initialize","params":{"processId":7260,"rootPath":"C:\\Users\\Juchani\\AppData\\Local\\Temp\\arduino-language-server018897127\\sketch","rootUri":"file:///C:/Users/Juchani/AppData/Local/Temp/arduino-language-server018897127/sketch","clientInfo":{"name":"vscode","version":"1.50.0"},"trace":"off","initializationOptions":{},"capabilities":{"workspace":{"workspaceEdit":{"documentChanges":true,"resourceOperations":["create","rename","delete"]},"applyEdit":true,"symbol":{"symbolKind":{"valueSet":[1,2,3,4,5,6,7,8,9,10,11,12,13,14,15,16,17,18,19,20,21,22,23,24,25,26]}},"executeCommand":{"dynamicRegistration":true},"didChangeWatchedFiles":{"dynamicRegistration":true},"workspaceFolders":true,"configuration":true},"textDocument":{"declaration":{"linkSupport":true},"definition":{"linkSupport":true},"implementation":{"linkSupport":true,"dynamicRegistration":true},"typeDefinition":{"linkSupport":true},"synchronization":{"willSave":true,"didSave":true,"willSaveWaitUntil":true},"documentSymbol":{"symbolKind":{"valueSet":[1,2,3,4,5,6,7,8,9,10,11,12,13,14,15,16,17,18,19,20,21,22,23,24,25,26]},"hierarchicalDocumentSymbolSupport":true},"formatting":{"dynamicRegistration":true},"rangeFormatting":{"dynamicRegistration":true},"rename":{"dynamicRegistration":true,"prepareSupport":true},"codeAction":{"dynamicRegistration":true,"isPreferredSupport":true,"codeActionLiteralSupport":{"codeActionKind":{"valueSet":["","quickfix","refactor","refactor.extract","refactor.inline","refactor.rewrite","source","source.organizeImports"]}}},"completion":{"completionItem":{"documentationFormat":["markdown","plaintext"],"snippetSupport":true},"completionItemKind":{"valueSet":[1,2,3,4,5,6,7,8,9,10,11,12,13,14,15,16,17,18,19,20,21,22,23,24,25]},"contextSupport":true},"signatureHelp":{"signatureInformation":{"parameterInformation":{"labelOffsetSupport":true}}},"documentLink":{"dynamicRegistration":true,"tooltipSupport":true},"hover":{"contentFormat":["markdown","plaintext"]},"foldingRange":{"dynamicRegistration":true,"rangeLimit":5000,"lineFoldingOnly":true},"colorProvider":{"dynamicRegistration":true}},"window":{"workDoneProgress":true}}},"id":0,"jsonrpc":"2.0"}
<<<
Content-Length: 1671

{"id":0,"jsonrpc":"2.0","result":{"capabilities":{"astProvider":true,"callHierarchyProvider":true,"codeActionProvider":{"codeActionKinds":["quickfix","refactor","info"]},"compilationDatabase":{"automaticReload":true},"completionProvider":{"allCommitCharacters":[" ","\t","(",")","[","]","{","}","<",">",":",";",",","+","-","/","*","%","^","&","#","?",".","=","\"","'","|"],"resolveProvider":false,"triggerCharacters":[".","<",">",":","\"","/"]},"declarationProvider":true,"definitionProvider":true,"documentFormattingProvider":true,"documentHighlightProvider":true,"documentLinkProvider":{"resolveProvider":false},"documentOnTypeFormattingProvider":{"firstTriggerCharacter":"\n","moreTriggerCharacter":[]},"documentRangeFormattingProvider":true,"documentSymbolProvider":true,"executeCommandProvider":{"commands":["clangd.applyFix","clangd.applyTweak"]},"hoverProvider":true,"implementationProvider":true,"memoryUsageProvider":true,"referencesProvider":true,"renameProvider":{"prepareProvider":true},"selectionRangeProvider":true,"semanticTokensProvider":{"full":{"delta":true},"legend":{"tokenModifiers":[],"tokenTypes":["variable","variable","parameter","function","method","function","property","variable","class","enum","enumMember","type","dependent","dependent","namespace","typeParameter","concept","type","macro","comment"]},"range":false},"signatureHelpProvider":{"triggerCharacters":["(",","]},"textDocumentSync":{"change":2,"openClose":true,"save":true},"typeHierarchyProvider":true,"workspaceSymbolProvider":true},"serverInfo":{"name":"clangd","version":"clangd version 12.0.0 (https://github.com/llvm/llvm-project e841bd5f335864b8c4d81cbf4df08460ef39f2ae)"}}}
>>>
Content-Length: 52

{"method":"initialized","params":{},"jsonrpc":"2.0"}Content-Length: 927

{"method":"textDocument/didOpen","params":{"textDocument":{"uri":"file:///C:/Users/Juchani/AppData/Local/Temp/arduino-language-server018897127/sketch/PRUEBA_RS232_UART.ino.cpp","languageId":"cpp","version":1,"text":"#include \u003cArduino.h\u003e\n#line 1 \"C:\\\\Users\\\\Juchani\\\\Documents\\\\Arduino\\\\PRUEBA_RS232_UART\\\\PRUEBA_RS232_UART.ino\"\n#include \u003cSoftwareSerial.h\u003e\nSoftwareSerial rs232(27, 26);//rx-tx\n#line 3 \"C:\\\\Users\\\\Juchani\\\\Documents\\\\Arduino\\\\PRUEBA_RS232_UART\\\\PRUEBA_RS232_UART.ino\"\nvoid setup();\n#line 8 \"C:\\\\Users\\\\Juchani\\\\Documents\\\\Arduino\\\\PRUEBA_RS232_UART\\\\PRUEBA_RS232_UART.ino\"\nvoid loop();\n#line 3 \"C:\\\\Users\\\\Juchani\\\\Documents\\\\Arduino\\\\PRUEBA_RS232_UART\\\\PRUEBA_RS232_UART.ino\"\nvoid setup() {\n Serial.begin(9600);//\n  rs232.begin(9600);//RS232\n}\n\nvoid loop() {\n rs232.println(\"HOLA MUNDO\");\n\n}\n\n"}},"jsonrpc":"2.0"}Content-Length: 209

{"method":"textDocument/documentSymbol","params":{"textDocument":{"uri":"file:///C:/Users/Juchani/AppData/Local/Temp/arduino-language-server018897127/sketch/PRUEBA_RS232_UART.ino.cpp"}},"id":1,"jsonrpc":"2.0"}Content-Length: 312

{"method":"textDocument/codeAction","params":{"textDocument":{"uri":"file:///C:/Users/Juchani/AppData/Local/Temp/arduino-language-server018897127/sketch/PRUEBA_RS232_UART.ino.cpp"},"range":{"start":{"line":14,"character":13},"end":{"line":14,"character":13}},"context":{"diagnostics":[]}},"id":2,"jsonrpc":"2.0"}
<<<
Content-Length: 111

{"id":0,"jsonrpc":"2.0","method":"window/workDoneProgress/create","params":{"token":"backgroundIndexProgress"}}
>>>
Content-Length: 38

{"id":0,"result":null,"jsonrpc":"2.0"}
<<<
Content-Length: 143

{"jsonrpc":"2.0","method":"$/progress","params":{"token":"backgroundIndexProgress","value":{"kind":"begin","percentage":0,"title":"indexing"}}}Content-Length: 141

{"jsonrpc":"2.0","method":"$/progress","params":{"token":"backgroundIndexProgress","value":{"kind":"report","message":"0/1","percentage":0}}}Content-Length: 142

{"jsonrpc":"2.0","method":"$/progress","params":{"token":"backgroundIndexProgress","value":{"kind":"report","message":"0/26","percentage":0}}}Content-Length: 142

{"jsonrpc":"2.0","method":"$/progress","params":{"token":"backgroundIndexProgress","value":{"kind":"report","message":"0/26","percentage":0}}}Content-Length: 142

{"jsonrpc":"2.0","method":"$/progress","params":{"token":"backgroundIndexProgress","value":{"kind":"report","message":"0/26","percentage":0}}}Content-Length: 142

{"jsonrpc":"2.0","method":"$/progress","params":{"token":"backgroundIndexProgress","value":{"kind":"report","message":"0/26","percentage":0}}}Content-Length: 159

{"jsonrpc":"2.0","method":"$/progress","params":{"token":"backgroundIndexProgress","value":{"kind":"report","message":"1/26","percentage":3.8461538461538463}}}Content-Length: 159

{"jsonrpc":"2.0","method":"$/progress","params":{"token":"backgroundIndexProgress","value":{"kind":"report","message":"1/26","percentage":3.8461538461538463}}}Content-Length: 218

{"jsonrpc":"2.0","method":"textDocument/publishDiagnostics","params":{"diagnostics":[],"uri":"file:///C:/Users/Juchani/AppData/Local/Temp/arduino-language-server018897127/sketch/PRUEBA_RS232_UART.ino.cpp","version":1}}Content-Length: 965

{"id":1,"jsonrpc":"2.0","result":[{"kind":13,"name":"rs232","range":{"end":{"character":28,"line":3},"start":{"character":0,"line":3}},"selectionRange":{"end":{"character":20,"line":3},"start":{"character":15,"line":3}}},{"kind":12,"name":"setup","range":{"end":{"character":12,"line":5},"start":{"character":0,"line":5}},"selectionRange":{"end":{"character":10,"line":5},"start":{"character":5,"line":5}}},{"kind":12,"name":"loop","range":{"end":{"character":11,"line":7},"start":{"character":0,"line":7}},"selectionRange":{"end":{"character":9,"line":7},"start":{"character":5,"line":7}}},{"kind":12,"name":"setup","range":{"end":{"character":1,"line":12},"start":{"character":0,"line":9}},"selectionRange":{"end":{"character":10,"line":9},"start":{"character":5,"line":9}}},{"kind":12,"name":"loop","range":{"end":{"character":1,"line":17},"start":{"character":0,"line":14}},"selectionRange":{"end":{"character":9,"line":14},"start":{"character":5,"line":14}}}]}Content-Length: 36

{"id":2,"jsonrpc":"2.0","result":[]}Content-Length: 159

{"jsonrpc":"2.0","method":"$/progress","params":{"token":"backgroundIndexProgress","value":{"kind":"report","message":"2/26","percentage":7.6923076923076925}}}Content-Length: 159

{"jsonrpc":"2.0","method":"$/progress","params":{"token":"backgroundIndexProgress","value":{"kind":"report","message":"2/26","percentage":7.6923076923076925}}}Content-Length: 159

{"jsonrpc":"2.0","method":"$/progress","params":{"token":"backgroundIndexProgress","value":{"kind":"report","message":"3/26","percentage":11.538461538461538}}}Content-Length: 159

{"jsonrpc":"2.0","method":"$/progress","params":{"token":"backgroundIndexProgress","value":{"kind":"report","message":"3/26","percentage":11.538461538461538}}}Content-Length: 159

{"jsonrpc":"2.0","method":"$/progress","params":{"token":"backgroundIndexProgress","value":{"kind":"report","message":"4/26","percentage":15.384615384615385}}}Content-Length: 159

{"jsonrpc":"2.0","method":"$/progress","params":{"token":"backgroundIndexProgress","value":{"kind":"report","message":"4/26","percentage":15.384615384615385}}}Content-Length: 158

{"jsonrpc":"2.0","method":"$/progress","params":{"token":"backgroundIndexProgress","value":{"kind":"report","message":"5/26","percentage":19.23076923076923}}}Content-Length: 158

{"jsonrpc":"2.0","method":"$/progress","params":{"token":"backgroundIndexProgress","value":{"kind":"report","message":"5/26","percentage":19.23076923076923}}}Content-Length: 159

{"jsonrpc":"2.0","method":"$/progress","params":{"token":"backgroundIndexProgress","value":{"kind":"report","message":"6/26","percentage":23.076923076923077}}}Content-Length: 159

{"jsonrpc":"2.0","method":"$/progress","params":{"token":"backgroundIndexProgress","value":{"kind":"report","message":"6/26","percentage":23.076923076923077}}}Content-Length: 159

{"jsonrpc":"2.0","method":"$/progress","params":{"token":"backgroundIndexProgress","value":{"kind":"report","message":"7/26","percentage":26.923076923076923}}}Content-Length: 159

{"jsonrpc":"2.0","method":"$/progress","params":{"token":"backgroundIndexProgress","value":{"kind":"report","message":"7/26","percentage":26.923076923076923}}}Content-Length: 158

{"jsonrpc":"2.0","method":"$/progress","params":{"token":"backgroundIndexProgress","value":{"kind":"report","message":"8/26","percentage":30.76923076923077}}}Content-Length: 158

{"jsonrpc":"2.0","method":"$/progress","params":{"token":"backgroundIndexProgress","value":{"kind":"report","message":"8/26","percentage":30.76923076923077}}}Content-Length: 159

{"jsonrpc":"2.0","method":"$/progress","params":{"token":"backgroundIndexProgress","value":{"kind":"report","message":"9/26","percentage":34.615384615384613}}}Content-Length: 159

{"jsonrpc":"2.0","method":"$/progress","params":{"token":"backgroundIndexProgress","value":{"kind":"report","message":"9/26","percentage":34.615384615384613}}}Content-Length: 159

{"jsonrpc":"2.0","method":"$/progress","params":{"token":"backgroundIndexProgress","value":{"kind":"report","message":"10/26","percentage":38.46153846153846}}}Content-Length: 159

{"jsonrpc":"2.0","method":"$/progress","params":{"token":"backgroundIndexProgress","value":{"kind":"report","message":"10/26","percentage":38.46153846153846}}}Content-Length: 160

{"jsonrpc":"2.0","method":"$/progress","params":{"token":"backgroundIndexProgress","value":{"kind":"report","message":"11/26","percentage":42.307692307692307}}}Content-Length: 160

{"jsonrpc":"2.0","method":"$/progress","params":{"token":"backgroundIndexProgress","value":{"kind":"report","message":"11/26","percentage":42.307692307692307}}}Content-Length: 160

{"jsonrpc":"2.0","method":"$/progress","params":{"token":"backgroundIndexProgress","value":{"kind":"report","message":"12/26","percentage":46.153846153846153}}}Content-Length: 160

{"jsonrpc":"2.0","method":"$/progress","params":{"token":"backgroundIndexProgress","value":{"kind":"report","message":"12/26","percentage":46.153846153846153}}}Content-Length: 144

{"jsonrpc":"2.0","method":"$/progress","params":{"token":"backgroundIndexProgress","value":{"kind":"report","message":"13/26","percentage":50}}}Content-Length: 144

{"jsonrpc":"2.0","method":"$/progress","params":{"token":"backgroundIndexProgress","value":{"kind":"report","message":"13/26","percentage":50}}}Content-Length: 160

{"jsonrpc":"2.0","method":"$/progress","params":{"token":"backgroundIndexProgress","value":{"kind":"report","message":"14/26","percentage":53.846153846153847}}}Content-Length: 160

{"jsonrpc":"2.0","method":"$/progress","params":{"token":"backgroundIndexProgress","value":{"kind":"report","message":"14/26","percentage":53.846153846153847}}}Content-Length: 160

{"jsonrpc":"2.0","method":"$/progress","params":{"token":"backgroundIndexProgress","value":{"kind":"report","message":"15/26","percentage":57.692307692307693}}}Content-Length: 160

{"jsonrpc":"2.0","method":"$/progress","params":{"token":"backgroundIndexProgress","value":{"kind":"report","message":"15/26","percentage":57.692307692307693}}}Content-Length: 159

{"jsonrpc":"2.0","method":"$/progress","params":{"token":"backgroundIndexProgress","value":{"kind":"report","message":"16/26","percentage":61.53846153846154}}}Content-Length: 159

{"jsonrpc":"2.0","method":"$/progress","params":{"token":"backgroundIndexProgress","value":{"kind":"report","message":"16/26","percentage":61.53846153846154}}}Content-Length: 160

{"jsonrpc":"2.0","method":"$/progress","params":{"token":"backgroundIndexProgress","value":{"kind":"report","message":"17/26","percentage":65.384615384615387}}}Content-Length: 160

{"jsonrpc":"2.0","method":"$/progress","params":{"token":"backgroundIndexProgress","value":{"kind":"report","message":"17/26","percentage":65.384615384615387}}}Content-Length: 160

{"jsonrpc":"2.0","method":"$/progress","params":{"token":"backgroundIndexProgress","value":{"kind":"report","message":"18/26","percentage":69.230769230769226}}}Content-Length: 160

{"jsonrpc":"2.0","method":"$/progress","params":{"token":"backgroundIndexProgress","value":{"kind":"report","message":"18/26","percentage":69.230769230769226}}}Content-Length: 159

{"jsonrpc":"2.0","method":"$/progress","params":{"token":"backgroundIndexProgress","value":{"kind":"report","message":"19/26","percentage":73.07692307692308}}}Content-Length: 159

{"jsonrpc":"2.0","method":"$/progress","params":{"token":"backgroundIndexProgress","value":{"kind":"report","message":"19/26","percentage":73.07692307692308}}}Content-Length: 159

{"jsonrpc":"2.0","method":"$/progress","params":{"token":"backgroundIndexProgress","value":{"kind":"report","message":"20/26","percentage":76.92307692307692}}}Content-Length: 159

{"jsonrpc":"2.0","method":"$/progress","params":{"token":"backgroundIndexProgress","value":{"kind":"report","message":"20/26","percentage":76.92307692307692}}}Content-Length: 160

{"jsonrpc":"2.0","method":"$/progress","params":{"token":"backgroundIndexProgress","value":{"kind":"report","message":"21/26","percentage":80.769230769230774}}}Content-Length: 160

{"jsonrpc":"2.0","method":"$/progress","params":{"token":"backgroundIndexProgress","value":{"kind":"report","message":"21/26","percentage":80.769230769230774}}}Content-Length: 160

{"jsonrpc":"2.0","method":"$/progress","params":{"token":"backgroundIndexProgress","value":{"kind":"report","message":"22/26","percentage":84.615384615384613}}}Content-Length: 160

{"jsonrpc":"2.0","method":"$/progress","params":{"token":"backgroundIndexProgress","value":{"kind":"report","message":"22/26","percentage":84.615384615384613}}}Content-Length: 160

{"jsonrpc":"2.0","method":"$/progress","params":{"token":"backgroundIndexProgress","value":{"kind":"report","message":"23/26","percentage":88.461538461538467}}}Content-Length: 160

{"jsonrpc":"2.0","method":"$/progress","params":{"token":"backgroundIndexProgress","value":{"kind":"report","message":"24/26","percentage":92.307692307692307}}}Content-Length: 159

{"jsonrpc":"2.0","method":"$/progress","params":{"token":"backgroundIndexProgress","value":{"kind":"report","message":"25/26","percentage":96.15384615384616}}}Content-Length: 107

{"jsonrpc":"2.0","method":"$/progress","params":{"token":"backgroundIndexProgress","value":{"kind":"end"}}}
>>>
Content-Length: 250

{"method":"textDocument/documentHighlight","params":{"textDocument":{"uri":"file:///C:/Users/Juchani/AppData/Local/Temp/arduino-language-server018897127/sketch/PRUEBA_RS232_UART.ino.cpp"},"position":{"line":15,"character":13}},"id":3,"jsonrpc":"2.0"}
<<<
Content-Length: 123

{"id":3,"jsonrpc":"2.0","result":[{"kind":1,"range":{"end":{"character":14,"line":15},"start":{"character":7,"line":15}}}]}
>>>
Content-Length: 312

{"method":"textDocument/codeAction","params":{"textDocument":{"uri":"file:///C:/Users/Juchani/AppData/Local/Temp/arduino-language-server018897127/sketch/PRUEBA_RS232_UART.ino.cpp"},"range":{"start":{"line":15,"character":13},"end":{"line":15,"character":13}},"context":{"diagnostics":[]}},"id":4,"jsonrpc":"2.0"}
<<<
Content-Length: 36

{"id":4,"jsonrpc":"2.0","result":[]}
>>>
Content-Length: 58

{"method":"shutdown","params":null,"id":5,"jsonrpc":"2.0"}
<<<
Content-Length: 38

{"id":5,"jsonrpc":"2.0","result":null}
>>>
Content-Length: 47

{"method":"exit","params":null,"jsonrpc":"2.0"}<<< Read Error: EOF







Started logging.

>>>
Content-Length: 2166

{"method":"initialize","params":{"processId":7260,"rootPath":"C:\\Users\\Juchani\\AppData\\Local\\Temp\\arduino-language-server710579267\\sketch","rootUri":"file:///C:/Users/Juchani/AppData/Local/Temp/arduino-language-server710579267/sketch","clientInfo":{"name":"vscode","version":"1.50.0"},"trace":"off","initializationOptions":{},"capabilities":{"workspace":{"workspaceEdit":{"documentChanges":true,"resourceOperations":["create","rename","delete"]},"applyEdit":true,"symbol":{"symbolKind":{"valueSet":[1,2,3,4,5,6,7,8,9,10,11,12,13,14,15,16,17,18,19,20,21,22,23,24,25,26]}},"executeCommand":{"dynamicRegistration":true},"didChangeWatchedFiles":{"dynamicRegistration":true},"workspaceFolders":true,"configuration":true},"textDocument":{"declaration":{"linkSupport":true},"definition":{"linkSupport":true},"implementation":{"linkSupport":true,"dynamicRegistration":true},"typeDefinition":{"linkSupport":true},"synchronization":{"willSave":true,"didSave":true,"willSaveWaitUntil":true},"documentSymbol":{"symbolKind":{"valueSet":[1,2,3,4,5,6,7,8,9,10,11,12,13,14,15,16,17,18,19,20,21,22,23,24,25,26]},"hierarchicalDocumentSymbolSupport":true},"formatting":{"dynamicRegistration":true},"rangeFormatting":{"dynamicRegistration":true},"rename":{"dynamicRegistration":true,"prepareSupport":true},"codeAction":{"dynamicRegistration":true,"isPreferredSupport":true,"codeActionLiteralSupport":{"codeActionKind":{"valueSet":["","quickfix","refactor","refactor.extract","refactor.inline","refactor.rewrite","source","source.organizeImports"]}}},"completion":{"completionItem":{"documentationFormat":["markdown","plaintext"],"snippetSupport":true},"completionItemKind":{"valueSet":[1,2,3,4,5,6,7,8,9,10,11,12,13,14,15,16,17,18,19,20,21,22,23,24,25]},"contextSupport":true},"signatureHelp":{"signatureInformation":{"parameterInformation":{"labelOffsetSupport":true}}},"documentLink":{"dynamicRegistration":true,"tooltipSupport":true},"hover":{"contentFormat":["markdown","plaintext"]},"foldingRange":{"dynamicRegistration":true,"rangeLimit":5000,"lineFoldingOnly":true},"colorProvider":{"dynamicRegistration":true}},"window":{"workDoneProgress":true}}},"id":0,"jsonrpc":"2.0"}
<<<
Content-Length: 1671

{"id":0,"jsonrpc":"2.0","result":{"capabilities":{"astProvider":true,"callHierarchyProvider":true,"codeActionProvider":{"codeActionKinds":["quickfix","refactor","info"]},"compilationDatabase":{"automaticReload":true},"completionProvider":{"allCommitCharacters":[" ","\t","(",")","[","]","{","}","<",">",":",";",",","+","-","/","*","%","^","&","#","?",".","=","\"","'","|"],"resolveProvider":false,"triggerCharacters":[".","<",">",":","\"","/"]},"declarationProvider":true,"definitionProvider":true,"documentFormattingProvider":true,"documentHighlightProvider":true,"documentLinkProvider":{"resolveProvider":false},"documentOnTypeFormattingProvider":{"firstTriggerCharacter":"\n","moreTriggerCharacter":[]},"documentRangeFormattingProvider":true,"documentSymbolProvider":true,"executeCommandProvider":{"commands":["clangd.applyFix","clangd.applyTweak"]},"hoverProvider":true,"implementationProvider":true,"memoryUsageProvider":true,"referencesProvider":true,"renameProvider":{"prepareProvider":true},"selectionRangeProvider":true,"semanticTokensProvider":{"full":{"delta":true},"legend":{"tokenModifiers":[],"tokenTypes":["variable","variable","parameter","function","method","function","property","variable","class","enum","enumMember","type","dependent","dependent","namespace","typeParameter","concept","type","macro","comment"]},"range":false},"signatureHelpProvider":{"triggerCharacters":["(",","]},"textDocumentSync":{"change":2,"openClose":true,"save":true},"typeHierarchyProvider":true,"workspaceSymbolProvider":true},"serverInfo":{"name":"clangd","version":"clangd version 12.0.0 (https://github.com/llvm/llvm-project e841bd5f335864b8c4d81cbf4df08460ef39f2ae)"}}}
>>>
Content-Length: 52

{"method":"initialized","params":{},"jsonrpc":"2.0"}Content-Length: 927

{"method":"textDocument/didOpen","params":{"textDocument":{"uri":"file:///C:/Users/Juchani/AppData/Local/Temp/arduino-language-server710579267/sketch/PRUEBA_RS232_UART.ino.cpp","languageId":"cpp","version":1,"text":"#include \u003cArduino.h\u003e\n#line 1 \"C:\\\\Users\\\\Juchani\\\\Documents\\\\Arduino\\\\PRUEBA_RS232_UART\\\\PRUEBA_RS232_UART.ino\"\n#include \u003cSoftwareSerial.h\u003e\nSoftwareSerial rs232(27, 26);//rx-tx\n#line 3 \"C:\\\\Users\\\\Juchani\\\\Documents\\\\Arduino\\\\PRUEBA_RS232_UART\\\\PRUEBA_RS232_UART.ino\"\nvoid setup();\n#line 8 \"C:\\\\Users\\\\Juchani\\\\Documents\\\\Arduino\\\\PRUEBA_RS232_UART\\\\PRUEBA_RS232_UART.ino\"\nvoid loop();\n#line 3 \"C:\\\\Users\\\\Juchani\\\\Documents\\\\Arduino\\\\PRUEBA_RS232_UART\\\\PRUEBA_RS232_UART.ino\"\nvoid setup() {\n Serial.begin(9600);//\n  rs232.begin(9600);//RS232\n}\n\nvoid loop() {\n rs232.println(\"HOLA MUNDO\");\n\n}\n\n"}},"jsonrpc":"2.0"}Content-Length: 209

{"method":"textDocument/documentSymbol","params":{"textDocument":{"uri":"file:///C:/Users/Juchani/AppData/Local/Temp/arduino-language-server710579267/sketch/PRUEBA_RS232_UART.ino.cpp"}},"id":1,"jsonrpc":"2.0"}Content-Length: 312

{"method":"textDocument/codeAction","params":{"textDocument":{"uri":"file:///C:/Users/Juchani/AppData/Local/Temp/arduino-language-server710579267/sketch/PRUEBA_RS232_UART.ino.cpp"},"range":{"start":{"line":15,"character":13},"end":{"line":15,"character":13}},"context":{"diagnostics":[]}},"id":2,"jsonrpc":"2.0"}
<<<
Content-Length: 111

{"id":0,"jsonrpc":"2.0","method":"window/workDoneProgress/create","params":{"token":"backgroundIndexProgress"}}
>>>
Content-Length: 38

{"id":0,"result":null,"jsonrpc":"2.0"}
<<<
Content-Length: 143

{"jsonrpc":"2.0","method":"$/progress","params":{"token":"backgroundIndexProgress","value":{"kind":"begin","percentage":0,"title":"indexing"}}}Content-Length: 141

{"jsonrpc":"2.0","method":"$/progress","params":{"token":"backgroundIndexProgress","value":{"kind":"report","message":"0/1","percentage":0}}}Content-Length: 142

{"jsonrpc":"2.0","method":"$/progress","params":{"token":"backgroundIndexProgress","value":{"kind":"report","message":"0/26","percentage":0}}}Content-Length: 142

{"jsonrpc":"2.0","method":"$/progress","params":{"token":"backgroundIndexProgress","value":{"kind":"report","message":"0/26","percentage":0}}}Content-Length: 142

{"jsonrpc":"2.0","method":"$/progress","params":{"token":"backgroundIndexProgress","value":{"kind":"report","message":"0/26","percentage":0}}}Content-Length: 159

{"jsonrpc":"2.0","method":"$/progress","params":{"token":"backgroundIndexProgress","value":{"kind":"report","message":"1/26","percentage":3.8461538461538463}}}Content-Length: 159

{"jsonrpc":"2.0","method":"$/progress","params":{"token":"backgroundIndexProgress","value":{"kind":"report","message":"1/26","percentage":3.8461538461538463}}}Content-Length: 159

{"jsonrpc":"2.0","method":"$/progress","params":{"token":"backgroundIndexProgress","value":{"kind":"report","message":"1/26","percentage":3.8461538461538463}}}Content-Length: 159

{"jsonrpc":"2.0","method":"$/progress","params":{"token":"backgroundIndexProgress","value":{"kind":"report","message":"2/26","percentage":7.6923076923076925}}}Content-Length: 159

{"jsonrpc":"2.0","method":"$/progress","params":{"token":"backgroundIndexProgress","value":{"kind":"report","message":"2/26","percentage":7.6923076923076925}}}Content-Length: 4194

{"jsonrpc":"2.0","method":"textDocument/publishDiagnostics","params":{"diagnostics":[{"code":"invalid_width_spec","message":"In included file: 'long type-name' is invalid\n\nC:\\Users\\Juchani\\Documents\\Arduino\\libraries\\EspSoftwareSerial\\src/circular_queue/ghostl.h:53:34:\nnote: error occurred here","range":{"end":{"character":10,"line":2},"start":{"character":9,"line":2}},"severity":1,"source":"clang"},{"code":"ovl_no_viable_member_function_in_call","message":"No matching member function for call to 'println'\n\nC:\\Users\\Juchani\\AppData\\Local\\Arduino15\\packages\\rp2040\\hardware\\rp2040\\1.7.0\\cores\\rp2040\\api\\Print.h:79:12:\nnote: candidate function not viable: no known conversion from 'SoftwareSerial' to 'arduino::Print' for object argument\n\nC:\\Users\\Juchani\\AppData\\Local\\Arduino15\\packages\\rp2040\\hardware\\rp2040\\1.7.0\\cores\\rp2040\\api\\Print.h:78:12:\nnote: candidate function not viable: no known conversion from 'SoftwareSerial' to 'arduino::Print' for object argument\n\nC:\\Users\\Juchani\\AppData\\Local\\Arduino15\\packages\\rp2040\\hardware\\rp2040\\1.7.0\\cores\\rp2040\\api\\Print.h:77:12:\nnote: candidate function not viable: no known conversion from 'SoftwareSerial' to 'arduino::Print' for object argument\n\nC:\\Users\\Juchani\\AppData\\Local\\Arduino15\\packages\\rp2040\\hardware\\rp2040\\1.7.0\\cores\\rp2040\\api\\Print.h:80:12:\nnote: candidate function not viable: no known conversion from 'SoftwareSerial' to 'arduino::Print' for object argument\n\nC:\\Users\\Juchani\\AppData\\Local\\Arduino15\\packages\\rp2040\\hardware\\rp2040\\1.7.0\\cores\\rp2040\\api\\Print.h:81:12:\nnote: candidate function not viable: no known conversion from 'SoftwareSerial' to 'arduino::Print' for object argument\n\nC:\\Users\\Juchani\\AppData\\Local\\Arduino15\\packages\\rp2040\\hardware\\rp2040\\1.7.0\\cores\\rp2040\\api\\Print.h:82:12:\nnote: candidate function not viable: no known conversion from 'SoftwareSerial' to 'arduino::Print' for object argument\n\nC:\\Users\\Juchani\\AppData\\Local\\Arduino15\\packages\\rp2040\\hardware\\rp2040\\1.7.0\\cores\\rp2040\\api\\Print.h:83:12:\nnote: candidate function not viable: no known conversion from 'SoftwareSerial' to 'arduino::Print' for object argument\n\nC:\\Users\\Juchani\\AppData\\Local\\Arduino15\\packages\\rp2040\\hardware\\rp2040\\1.7.0\\cores\\rp2040\\api\\Print.h:84:12:\nnote: candidate function not viable: no known conversion from 'SoftwareSerial' to 'arduino::Print' for object argument\n\nC:\\Users\\Juchani\\AppData\\Local\\Arduino15\\packages\\rp2040\\hardware\\rp2040\\1.7.0\\cores\\rp2040\\api\\Print.h:85:12:\nnote: candidate function not viable: no known conversion from 'SoftwareSerial' to 'arduino::Print' for object argument\n\nC:\\Users\\Juchani\\AppData\\Local\\Arduino15\\packages\\rp2040\\hardware\\rp2040\\1.7.0\\cores\\rp2040\\api\\Print.h:86:12:\nnote: candidate function not viable: no known conversion from 'SoftwareSerial' to 'arduino::Print' for object argument\n\nC:\\Users\\Juchani\\AppData\\Local\\Arduino15\\packages\\rp2040\\hardware\\rp2040\\1.7.0\\cores\\rp2040\\api\\Print.h:87:12:\nnote: candidate function not viable: no known conversion from 'SoftwareSerial' to 'arduino::Print' for object argument\n\nC:\\Users\\Juchani\\AppData\\Local\\Arduino15\\packages\\rp2040\\hardware\\rp2040\\1.7.0\\cores\\rp2040\\api\\Print.h:88:12:\nnote: candidate function not viable: no known conversion from 'SoftwareSerial' to 'arduino::Print' for object argument\n\nC:\\Users\\Juchani\\AppData\\Local\\Arduino15\\packages\\rp2040\\hardware\\rp2040\\1.7.0\\cores\\rp2040\\api\\Print.h:89:12:\nnote: candidate function not viable: no known conversion from 'SoftwareSerial' to 'arduino::Print' for object argument\n\nC:\\Users\\Juchani\\AppData\\Local\\Arduino15\\packages\\rp2040\\hardware\\rp2040\\1.7.0\\cores\\rp2040\\api\\Print.h:90:12:\nnote: candidate function not viable: requires 0 arguments, but 1 was provided","range":{"end":{"character":14,"line":15},"start":{"character":1,"line":15}},"severity":1,"source":"clang"}],"uri":"file:///C:/Users/Juchani/AppData/Local/Temp/arduino-language-server710579267/sketch/PRUEBA_RS232_UART.ino.cpp","version":1}}Content-Length: 965

{"id":1,"jsonrpc":"2.0","result":[{"kind":13,"name":"rs232","range":{"end":{"character":28,"line":3},"start":{"character":0,"line":3}},"selectionRange":{"end":{"character":20,"line":3},"start":{"character":15,"line":3}}},{"kind":12,"name":"setup","range":{"end":{"character":12,"line":5},"start":{"character":0,"line":5}},"selectionRange":{"end":{"character":10,"line":5},"start":{"character":5,"line":5}}},{"kind":12,"name":"loop","range":{"end":{"character":11,"line":7},"start":{"character":0,"line":7}},"selectionRange":{"end":{"character":9,"line":7},"start":{"character":5,"line":7}}},{"kind":12,"name":"setup","range":{"end":{"character":1,"line":12},"start":{"character":0,"line":9}},"selectionRange":{"end":{"character":10,"line":9},"start":{"character":5,"line":9}}},{"kind":12,"name":"loop","range":{"end":{"character":1,"line":17},"start":{"character":0,"line":14}},"selectionRange":{"end":{"character":9,"line":14},"start":{"character":5,"line":14}}}]}Content-Length: 36

{"id":2,"jsonrpc":"2.0","result":[]}
>>>
Content-Length: 236

{"method":"textDocument/hover","params":{"textDocument":{"uri":"file:///C:/Users/Juchani/AppData/Local/Temp/arduino-language-server710579267/sketch/PRUEBA_RS232_UART.ino.cpp"},"position":{"line":2,"character":0}},"id":3,"jsonrpc":"2.0"}
<<<
Content-Length: 38

{"id":3,"jsonrpc":"2.0","result":null}
>>>
Content-Length: 62

{"method":"$/cancelRequest","params":{"id":2},"jsonrpc":"2.0"}Content-Length: 3960

{"method":"textDocument/codeAction","params":{"textDocument":{"uri":"file:///C:/Users/Juchani/AppData/Local/Temp/arduino-language-server710579267/sketch/PRUEBA_RS232_UART.ino.cpp"},"range":{"start":{"line":15,"character":13},"end":{"line":15,"character":13}},"context":{"diagnostics":[{"range":{"start":{"line":15,"character":1},"end":{"line":15,"character":14}},"severity":1,"code":"ovl_no_viable_member_function_in_call","source":"clang","message":"No matching member function for call to 'println'\n\nC:\\Users\\Juchani\\AppData\\Local\\Arduino15\\packages\\rp2040\\hardware\\rp2040\\1.7.0\\cores\\rp2040\\api\\Print.h:79:12:\nnote: candidate function not viable: no known conversion from 'SoftwareSerial' to 'arduino::Print' for object argument\n\nC:\\Users\\Juchani\\AppData\\Local\\Arduino15\\packages\\rp2040\\hardware\\rp2040\\1.7.0\\cores\\rp2040\\api\\Print.h:78:12:\nnote: candidate function not viable: no known conversion from 'SoftwareSerial' to 'arduino::Print' for object argument\n\nC:\\Users\\Juchani\\AppData\\Local\\Arduino15\\packages\\rp2040\\hardware\\rp2040\\1.7.0\\cores\\rp2040\\api\\Print.h:77:12:\nnote: candidate function not viable: no known conversion from 'SoftwareSerial' to 'arduino::Print' for object argument\n\nC:\\Users\\Juchani\\AppData\\Local\\Arduino15\\packages\\rp2040\\hardware\\rp2040\\1.7.0\\cores\\rp2040\\api\\Print.h:80:12:\nnote: candidate function not viable: no known conversion from 'SoftwareSerial' to 'arduino::Print' for object argument\n\nC:\\Users\\Juchani\\AppData\\Local\\Arduino15\\packages\\rp2040\\hardware\\rp2040\\1.7.0\\cores\\rp2040\\api\\Print.h:81:12:\nnote: candidate function not viable: no known conversion from 'SoftwareSerial' to 'arduino::Print' for object argument\n\nC:\\Users\\Juchani\\AppData\\Local\\Arduino15\\packages\\rp2040\\hardware\\rp2040\\1.7.0\\cores\\rp2040\\api\\Print.h:82:12:\nnote: candidate function not viable: no known conversion from 'SoftwareSerial' to 'arduino::Print' for object argument\n\nC:\\Users\\Juchani\\AppData\\Local\\Arduino15\\packages\\rp2040\\hardware\\rp2040\\1.7.0\\cores\\rp2040\\api\\Print.h:83:12:\nnote: candidate function not viable: no known conversion from 'SoftwareSerial' to 'arduino::Print' for object argument\n\nC:\\Users\\Juchani\\AppData\\Local\\Arduino15\\packages\\rp2040\\hardware\\rp2040\\1.7.0\\cores\\rp2040\\api\\Print.h:84:12:\nnote: candidate function not viable: no known conversion from 'SoftwareSerial' to 'arduino::Print' for object argument\n\nC:\\Users\\Juchani\\AppData\\Local\\Arduino15\\packages\\rp2040\\hardware\\rp2040\\1.7.0\\cores\\rp2040\\api\\Print.h:85:12:\nnote: candidate function not viable: no known conversion from 'SoftwareSerial' to 'arduino::Print' for object argument\n\nC:\\Users\\Juchani\\AppData\\Local\\Arduino15\\packages\\rp2040\\hardware\\rp2040\\1.7.0\\cores\\rp2040\\api\\Print.h:86:12:\nnote: candidate function not viable: no known conversion from 'SoftwareSerial' to 'arduino::Print' for object argument\n\nC:\\Users\\Juchani\\AppData\\Local\\Arduino15\\packages\\rp2040\\hardware\\rp2040\\1.7.0\\cores\\rp2040\\api\\Print.h:87:12:\nnote: candidate function not viable: no known conversion from 'SoftwareSerial' to 'arduino::Print' for object argument\n\nC:\\Users\\Juchani\\AppData\\Local\\Arduino15\\packages\\rp2040\\hardware\\rp2040\\1.7.0\\cores\\rp2040\\api\\Print.h:88:12:\nnote: candidate function not viable: no known conversion from 'SoftwareSerial' to 'arduino::Print' for object argument\n\nC:\\Users\\Juchani\\AppData\\Local\\Arduino15\\packages\\rp2040\\hardware\\rp2040\\1.7.0\\cores\\rp2040\\api\\Print.h:89:12:\nnote: candidate function not viable: no known conversion from 'SoftwareSerial' to 'arduino::Print' for object argument\n\nC:\\Users\\Juchani\\AppData\\Local\\Arduino15\\packages\\rp2040\\hardware\\rp2040\\1.7.0\\cores\\rp2040\\api\\Print.h:90:12:\nnote: candidate function not viable: requires 0 arguments, but 1 was provided"}]}},"id":4,"jsonrpc":"2.0"}
<<<
Content-Length: 36

{"id":4,"jsonrpc":"2.0","result":[]}Content-Length: 159

{"jsonrpc":"2.0","method":"$/progress","params":{"token":"backgroundIndexProgress","value":{"kind":"report","message":"3/26","percentage":11.538461538461538}}}Content-Length: 159

{"jsonrpc":"2.0","method":"$/progress","params":{"token":"backgroundIndexProgress","value":{"kind":"report","message":"3/26","percentage":11.538461538461538}}}Content-Length: 159

{"jsonrpc":"2.0","method":"$/progress","params":{"token":"backgroundIndexProgress","value":{"kind":"report","message":"4/26","percentage":15.384615384615385}}}Content-Length: 159

{"jsonrpc":"2.0","method":"$/progress","params":{"token":"backgroundIndexProgress","value":{"kind":"report","message":"4/26","percentage":15.384615384615385}}}Content-Length: 158

{"jsonrpc":"2.0","method":"$/progress","params":{"token":"backgroundIndexProgress","value":{"kind":"report","message":"5/26","percentage":19.23076923076923}}}Content-Length: 158

{"jsonrpc":"2.0","method":"$/progress","params":{"token":"backgroundIndexProgress","value":{"kind":"report","message":"5/26","percentage":19.23076923076923}}}Content-Length: 159

{"jsonrpc":"2.0","method":"$/progress","params":{"token":"backgroundIndexProgress","value":{"kind":"report","message":"6/26","percentage":23.076923076923077}}}Content-Length: 159

{"jsonrpc":"2.0","method":"$/progress","params":{"token":"backgroundIndexProgress","value":{"kind":"report","message":"6/26","percentage":23.076923076923077}}}Content-Length: 159

{"jsonrpc":"2.0","method":"$/progress","params":{"token":"backgroundIndexProgress","value":{"kind":"report","message":"7/26","percentage":26.923076923076923}}}Content-Length: 159

{"jsonrpc":"2.0","method":"$/progress","params":{"token":"backgroundIndexProgress","value":{"kind":"report","message":"7/26","percentage":26.923076923076923}}}Content-Length: 158

{"jsonrpc":"2.0","method":"$/progress","params":{"token":"backgroundIndexProgress","value":{"kind":"report","message":"8/26","percentage":30.76923076923077}}}Content-Length: 158

{"jsonrpc":"2.0","method":"$/progress","params":{"token":"backgroundIndexProgress","value":{"kind":"report","message":"8/26","percentage":30.76923076923077}}}Content-Length: 159

{"jsonrpc":"2.0","method":"$/progress","params":{"token":"backgroundIndexProgress","value":{"kind":"report","message":"9/26","percentage":34.615384615384613}}}Content-Length: 159

{"jsonrpc":"2.0","method":"$/progress","params":{"token":"backgroundIndexProgress","value":{"kind":"report","message":"9/26","percentage":34.615384615384613}}}Content-Length: 159

{"jsonrpc":"2.0","method":"$/progress","params":{"token":"backgroundIndexProgress","value":{"kind":"report","message":"10/26","percentage":38.46153846153846}}}Content-Length: 159

{"jsonrpc":"2.0","method":"$/progress","params":{"token":"backgroundIndexProgress","value":{"kind":"report","message":"10/26","percentage":38.46153846153846}}}Content-Length: 160

{"jsonrpc":"2.0","method":"$/progress","params":{"token":"backgroundIndexProgress","value":{"kind":"report","message":"11/26","percentage":42.307692307692307}}}Content-Length: 160

{"jsonrpc":"2.0","method":"$/progress","params":{"token":"backgroundIndexProgress","value":{"kind":"report","message":"11/26","percentage":42.307692307692307}}}Content-Length: 160

{"jsonrpc":"2.0","method":"$/progress","params":{"token":"backgroundIndexProgress","value":{"kind":"report","message":"12/26","percentage":46.153846153846153}}}Content-Length: 160

{"jsonrpc":"2.0","method":"$/progress","params":{"token":"backgroundIndexProgress","value":{"kind":"report","message":"12/26","percentage":46.153846153846153}}}Content-Length: 144

{"jsonrpc":"2.0","method":"$/progress","params":{"token":"backgroundIndexProgress","value":{"kind":"report","message":"13/26","percentage":50}}}Content-Length: 144

{"jsonrpc":"2.0","method":"$/progress","params":{"token":"backgroundIndexProgress","value":{"kind":"report","message":"13/26","percentage":50}}}Content-Length: 160

{"jsonrpc":"2.0","method":"$/progress","params":{"token":"backgroundIndexProgress","value":{"kind":"report","message":"14/26","percentage":53.846153846153847}}}Content-Length: 160

{"jsonrpc":"2.0","method":"$/progress","params":{"token":"backgroundIndexProgress","value":{"kind":"report","message":"14/26","percentage":53.846153846153847}}}Content-Length: 160

{"jsonrpc":"2.0","method":"$/progress","params":{"token":"backgroundIndexProgress","value":{"kind":"report","message":"15/26","percentage":57.692307692307693}}}Content-Length: 160

{"jsonrpc":"2.0","method":"$/progress","params":{"token":"backgroundIndexProgress","value":{"kind":"report","message":"15/26","percentage":57.692307692307693}}}Content-Length: 159

{"jsonrpc":"2.0","method":"$/progress","params":{"token":"backgroundIndexProgress","value":{"kind":"report","message":"16/26","percentage":61.53846153846154}}}Content-Length: 159

{"jsonrpc":"2.0","method":"$/progress","params":{"token":"backgroundIndexProgress","value":{"kind":"report","message":"16/26","percentage":61.53846153846154}}}Content-Length: 160

{"jsonrpc":"2.0","method":"$/progress","params":{"token":"backgroundIndexProgress","value":{"kind":"report","message":"17/26","percentage":65.384615384615387}}}Content-Length: 160

{"jsonrpc":"2.0","method":"$/progress","params":{"token":"backgroundIndexProgress","value":{"kind":"report","message":"17/26","percentage":65.384615384615387}}}Content-Length: 160

{"jsonrpc":"2.0","method":"$/progress","params":{"token":"backgroundIndexProgress","value":{"kind":"report","message":"18/26","percentage":69.230769230769226}}}Content-Length: 160

{"jsonrpc":"2.0","method":"$/progress","params":{"token":"backgroundIndexProgress","value":{"kind":"report","message":"18/26","percentage":69.230769230769226}}}Content-Length: 159

{"jsonrpc":"2.0","method":"$/progress","params":{"token":"backgroundIndexProgress","value":{"kind":"report","message":"19/26","percentage":73.07692307692308}}}Content-Length: 159

{"jsonrpc":"2.0","method":"$/progress","params":{"token":"backgroundIndexProgress","value":{"kind":"report","message":"19/26","percentage":73.07692307692308}}}Content-Length: 159

{"jsonrpc":"2.0","method":"$/progress","params":{"token":"backgroundIndexProgress","value":{"kind":"report","message":"20/26","percentage":76.92307692307692}}}Content-Length: 159

{"jsonrpc":"2.0","method":"$/progress","params":{"token":"backgroundIndexProgress","value":{"kind":"report","message":"20/26","percentage":76.92307692307692}}}Content-Length: 160

{"jsonrpc":"2.0","method":"$/progress","params":{"token":"backgroundIndexProgress","value":{"kind":"report","message":"21/26","percentage":80.769230769230774}}}Content-Length: 160

{"jsonrpc":"2.0","method":"$/progress","params":{"token":"backgroundIndexProgress","value":{"kind":"report","message":"21/26","percentage":80.769230769230774}}}Content-Length: 160

{"jsonrpc":"2.0","method":"$/progress","params":{"token":"backgroundIndexProgress","value":{"kind":"report","message":"22/26","percentage":84.615384615384613}}}Content-Length: 160

{"jsonrpc":"2.0","method":"$/progress","params":{"token":"backgroundIndexProgress","value":{"kind":"report","message":"22/26","percentage":84.615384615384613}}}Content-Length: 160

{"jsonrpc":"2.0","method":"$/progress","params":{"token":"backgroundIndexProgress","value":{"kind":"report","message":"23/26","percentage":88.461538461538467}}}Content-Length: 160

{"jsonrpc":"2.0","method":"$/progress","params":{"token":"backgroundIndexProgress","value":{"kind":"report","message":"24/26","percentage":92.307692307692307}}}Content-Length: 159

{"jsonrpc":"2.0","method":"$/progress","params":{"token":"backgroundIndexProgress","value":{"kind":"report","message":"25/26","percentage":96.15384615384616}}}Content-Length: 107

{"jsonrpc":"2.0","method":"$/progress","params":{"token":"backgroundIndexProgress","value":{"kind":"end"}}}
>>>
Content-Length: 58

{"method":"shutdown","params":null,"id":5,"jsonrpc":"2.0"}
<<<
Content-Length: 38

{"id":5,"jsonrpc":"2.0","result":null}
>>>
Content-Length: 47

{"method":"exit","params":null,"jsonrpc":"2.0"}<<< Read Error: EOF







Started logging.

>>>
Content-Length: 2166

{"method":"initialize","params":{"processId":2992,"rootPath":"C:\\Users\\Juchani\\AppData\\Local\\Temp\\arduino-language-server419055179\\sketch","rootUri":"file:///C:/Users/Juchani/AppData/Local/Temp/arduino-language-server419055179/sketch","clientInfo":{"name":"vscode","version":"1.50.0"},"trace":"off","initializationOptions":{},"capabilities":{"workspace":{"workspaceEdit":{"documentChanges":true,"resourceOperations":["create","rename","delete"]},"applyEdit":true,"symbol":{"symbolKind":{"valueSet":[1,2,3,4,5,6,7,8,9,10,11,12,13,14,15,16,17,18,19,20,21,22,23,24,25,26]}},"executeCommand":{"dynamicRegistration":true},"didChangeWatchedFiles":{"dynamicRegistration":true},"workspaceFolders":true,"configuration":true},"textDocument":{"declaration":{"linkSupport":true},"definition":{"linkSupport":true},"implementation":{"linkSupport":true,"dynamicRegistration":true},"typeDefinition":{"linkSupport":true},"synchronization":{"willSave":true,"didSave":true,"willSaveWaitUntil":true},"documentSymbol":{"symbolKind":{"valueSet":[1,2,3,4,5,6,7,8,9,10,11,12,13,14,15,16,17,18,19,20,21,22,23,24,25,26]},"hierarchicalDocumentSymbolSupport":true},"formatting":{"dynamicRegistration":true},"rangeFormatting":{"dynamicRegistration":true},"rename":{"dynamicRegistration":true,"prepareSupport":true},"codeAction":{"dynamicRegistration":true,"isPreferredSupport":true,"codeActionLiteralSupport":{"codeActionKind":{"valueSet":["","quickfix","refactor","refactor.extract","refactor.inline","refactor.rewrite","source","source.organizeImports"]}}},"completion":{"completionItem":{"documentationFormat":["markdown","plaintext"],"snippetSupport":true},"completionItemKind":{"valueSet":[1,2,3,4,5,6,7,8,9,10,11,12,13,14,15,16,17,18,19,20,21,22,23,24,25]},"contextSupport":true},"signatureHelp":{"signatureInformation":{"parameterInformation":{"labelOffsetSupport":true}}},"documentLink":{"dynamicRegistration":true,"tooltipSupport":true},"hover":{"contentFormat":["markdown","plaintext"]},"foldingRange":{"dynamicRegistration":true,"rangeLimit":5000,"lineFoldingOnly":true},"colorProvider":{"dynamicRegistration":true}},"window":{"workDoneProgress":true}}},"id":0,"jsonrpc":"2.0"}
<<<
Content-Length: 1671

{"id":0,"jsonrpc":"2.0","result":{"capabilities":{"astProvider":true,"callHierarchyProvider":true,"codeActionProvider":{"codeActionKinds":["quickfix","refactor","info"]},"compilationDatabase":{"automaticReload":true},"completionProvider":{"allCommitCharacters":[" ","\t","(",")","[","]","{","}","<",">",":",";",",","+","-","/","*","%","^","&","#","?",".","=","\"","'","|"],"resolveProvider":false,"triggerCharacters":[".","<",">",":","\"","/"]},"declarationProvider":true,"definitionProvider":true,"documentFormattingProvider":true,"documentHighlightProvider":true,"documentLinkProvider":{"resolveProvider":false},"documentOnTypeFormattingProvider":{"firstTriggerCharacter":"\n","moreTriggerCharacter":[]},"documentRangeFormattingProvider":true,"documentSymbolProvider":true,"executeCommandProvider":{"commands":["clangd.applyFix","clangd.applyTweak"]},"hoverProvider":true,"implementationProvider":true,"memoryUsageProvider":true,"referencesProvider":true,"renameProvider":{"prepareProvider":true},"selectionRangeProvider":true,"semanticTokensProvider":{"full":{"delta":true},"legend":{"tokenModifiers":[],"tokenTypes":["variable","variable","parameter","function","method","function","property","variable","class","enum","enumMember","type","dependent","dependent","namespace","typeParameter","concept","type","macro","comment"]},"range":false},"signatureHelpProvider":{"triggerCharacters":["(",","]},"textDocumentSync":{"change":2,"openClose":true,"save":true},"typeHierarchyProvider":true,"workspaceSymbolProvider":true},"serverInfo":{"name":"clangd","version":"clangd version 12.0.0 (https://github.com/llvm/llvm-project e841bd5f335864b8c4d81cbf4df08460ef39f2ae)"}}}
>>>
Content-Length: 52

{"method":"initialized","params":{},"jsonrpc":"2.0"}Content-Length: 927

{"method":"textDocument/didOpen","params":{"textDocument":{"uri":"file:///C:/Users/Juchani/AppData/Local/Temp/arduino-language-server419055179/sketch/PRUEBA_RS232_UART.ino.cpp","languageId":"cpp","version":1,"text":"#include \u003cArduino.h\u003e\n#line 1 \"C:\\\\Users\\\\Juchani\\\\Documents\\\\Arduino\\\\PRUEBA_RS232_UART\\\\PRUEBA_RS232_UART.ino\"\n#include \u003cSoftwareSerial.h\u003e\nSoftwareSerial rs232(27, 26);//rx-tx\n#line 3 \"C:\\\\Users\\\\Juchani\\\\Documents\\\\Arduino\\\\PRUEBA_RS232_UART\\\\PRUEBA_RS232_UART.ino\"\nvoid setup();\n#line 8 \"C:\\\\Users\\\\Juchani\\\\Documents\\\\Arduino\\\\PRUEBA_RS232_UART\\\\PRUEBA_RS232_UART.ino\"\nvoid loop();\n#line 3 \"C:\\\\Users\\\\Juchani\\\\Documents\\\\Arduino\\\\PRUEBA_RS232_UART\\\\PRUEBA_RS232_UART.ino\"\nvoid setup() {\n Serial.begin(9600);//\n  rs232.begin(9600);//RS232\n}\n\nvoid loop() {\n rs232.println(\"HOLA MUNDO\");\n\n}\n\n"}},"jsonrpc":"2.0"}Content-Length: 209

{"method":"textDocument/documentSymbol","params":{"textDocument":{"uri":"file:///C:/Users/Juchani/AppData/Local/Temp/arduino-language-server419055179/sketch/PRUEBA_RS232_UART.ino.cpp"}},"id":1,"jsonrpc":"2.0"}Content-Length: 312

{"method":"textDocument/codeAction","params":{"textDocument":{"uri":"file:///C:/Users/Juchani/AppData/Local/Temp/arduino-language-server419055179/sketch/PRUEBA_RS232_UART.ino.cpp"},"range":{"start":{"line":15,"character":13},"end":{"line":15,"character":13}},"context":{"diagnostics":[]}},"id":2,"jsonrpc":"2.0"}
<<<
Content-Length: 111

{"id":0,"jsonrpc":"2.0","method":"window/workDoneProgress/create","params":{"token":"backgroundIndexProgress"}}
>>>
Content-Length: 38

{"id":0,"result":null,"jsonrpc":"2.0"}
<<<
Content-Length: 143

{"jsonrpc":"2.0","method":"$/progress","params":{"token":"backgroundIndexProgress","value":{"kind":"begin","percentage":0,"title":"indexing"}}}Content-Length: 141

{"jsonrpc":"2.0","method":"$/progress","params":{"token":"backgroundIndexProgress","value":{"kind":"report","message":"0/1","percentage":0}}}Content-Length: 142

{"jsonrpc":"2.0","method":"$/progress","params":{"token":"backgroundIndexProgress","value":{"kind":"report","message":"0/26","percentage":0}}}Content-Length: 142

{"jsonrpc":"2.0","method":"$/progress","params":{"token":"backgroundIndexProgress","value":{"kind":"report","message":"0/26","percentage":0}}}Content-Length: 142

{"jsonrpc":"2.0","method":"$/progress","params":{"token":"backgroundIndexProgress","value":{"kind":"report","message":"0/26","percentage":0}}}Content-Length: 142

{"jsonrpc":"2.0","method":"$/progress","params":{"token":"backgroundIndexProgress","value":{"kind":"report","message":"0/26","percentage":0}}}Content-Length: 159

{"jsonrpc":"2.0","method":"$/progress","params":{"token":"backgroundIndexProgress","value":{"kind":"report","message":"1/26","percentage":3.8461538461538463}}}Content-Length: 159

{"jsonrpc":"2.0","method":"$/progress","params":{"token":"backgroundIndexProgress","value":{"kind":"report","message":"1/26","percentage":3.8461538461538463}}}Content-Length: 159

{"jsonrpc":"2.0","method":"$/progress","params":{"token":"backgroundIndexProgress","value":{"kind":"report","message":"2/26","percentage":7.6923076923076925}}}Content-Length: 159

{"jsonrpc":"2.0","method":"$/progress","params":{"token":"backgroundIndexProgress","value":{"kind":"report","message":"2/26","percentage":7.6923076923076925}}}Content-Length: 559

{"jsonrpc":"2.0","method":"textDocument/publishDiagnostics","params":{"diagnostics":[{"code":"pp_file_not_found","message":"In included file: 'stdlib.h' file not found\n\nC:\\Users\\Juchani\\AppData\\Local\\Arduino15\\packages\\rp2040\\hardware\\rp2040\\1.7.0\\cores\\rp2040\\Arduino.h:25:10:\nnote: error occurred here","range":{"end":{"character":10,"line":0},"start":{"character":9,"line":0}},"severity":1,"source":"clang"}],"uri":"file:///C:/Users/Juchani/AppData/Local/Temp/arduino-language-server419055179/sketch/PRUEBA_RS232_UART.ino.cpp","version":1}}Content-Length: 965

{"id":1,"jsonrpc":"2.0","result":[{"kind":13,"name":"rs232","range":{"end":{"character":28,"line":3},"start":{"character":0,"line":3}},"selectionRange":{"end":{"character":20,"line":3},"start":{"character":15,"line":3}}},{"kind":12,"name":"setup","range":{"end":{"character":12,"line":5},"start":{"character":0,"line":5}},"selectionRange":{"end":{"character":10,"line":5},"start":{"character":5,"line":5}}},{"kind":12,"name":"loop","range":{"end":{"character":11,"line":7},"start":{"character":0,"line":7}},"selectionRange":{"end":{"character":9,"line":7},"start":{"character":5,"line":7}}},{"kind":12,"name":"setup","range":{"end":{"character":1,"line":12},"start":{"character":0,"line":9}},"selectionRange":{"end":{"character":10,"line":9},"start":{"character":5,"line":9}}},{"kind":12,"name":"loop","range":{"end":{"character":1,"line":17},"start":{"character":0,"line":14}},"selectionRange":{"end":{"character":9,"line":14},"start":{"character":5,"line":14}}}]}Content-Length: 36

{"id":2,"jsonrpc":"2.0","result":[]}Content-Length: 159

{"jsonrpc":"2.0","method":"$/progress","params":{"token":"backgroundIndexProgress","value":{"kind":"report","message":"3/26","percentage":11.538461538461538}}}Content-Length: 159

{"jsonrpc":"2.0","method":"$/progress","params":{"token":"backgroundIndexProgress","value":{"kind":"report","message":"3/26","percentage":11.538461538461538}}}Content-Length: 159

{"jsonrpc":"2.0","method":"$/progress","params":{"token":"backgroundIndexProgress","value":{"kind":"report","message":"4/26","percentage":15.384615384615385}}}Content-Length: 159

{"jsonrpc":"2.0","method":"$/progress","params":{"token":"backgroundIndexProgress","value":{"kind":"report","message":"4/26","percentage":15.384615384615385}}}Content-Length: 158

{"jsonrpc":"2.0","method":"$/progress","params":{"token":"backgroundIndexProgress","value":{"kind":"report","message":"5/26","percentage":19.23076923076923}}}Content-Length: 158

{"jsonrpc":"2.0","method":"$/progress","params":{"token":"backgroundIndexProgress","value":{"kind":"report","message":"5/26","percentage":19.23076923076923}}}Content-Length: 159

{"jsonrpc":"2.0","method":"$/progress","params":{"token":"backgroundIndexProgress","value":{"kind":"report","message":"6/26","percentage":23.076923076923077}}}Content-Length: 159

{"jsonrpc":"2.0","method":"$/progress","params":{"token":"backgroundIndexProgress","value":{"kind":"report","message":"6/26","percentage":23.076923076923077}}}Content-Length: 159

{"jsonrpc":"2.0","method":"$/progress","params":{"token":"backgroundIndexProgress","value":{"kind":"report","message":"7/26","percentage":26.923076923076923}}}Content-Length: 159

{"jsonrpc":"2.0","method":"$/progress","params":{"token":"backgroundIndexProgress","value":{"kind":"report","message":"7/26","percentage":26.923076923076923}}}Content-Length: 158

{"jsonrpc":"2.0","method":"$/progress","params":{"token":"backgroundIndexProgress","value":{"kind":"report","message":"8/26","percentage":30.76923076923077}}}Content-Length: 158

{"jsonrpc":"2.0","method":"$/progress","params":{"token":"backgroundIndexProgress","value":{"kind":"report","message":"8/26","percentage":30.76923076923077}}}Content-Length: 159

{"jsonrpc":"2.0","method":"$/progress","params":{"token":"backgroundIndexProgress","value":{"kind":"report","message":"9/26","percentage":34.615384615384613}}}Content-Length: 159

{"jsonrpc":"2.0","method":"$/progress","params":{"token":"backgroundIndexProgress","value":{"kind":"report","message":"9/26","percentage":34.615384615384613}}}Content-Length: 159

{"jsonrpc":"2.0","method":"$/progress","params":{"token":"backgroundIndexProgress","value":{"kind":"report","message":"10/26","percentage":38.46153846153846}}}Content-Length: 159

{"jsonrpc":"2.0","method":"$/progress","params":{"token":"backgroundIndexProgress","value":{"kind":"report","message":"10/26","percentage":38.46153846153846}}}Content-Length: 160

{"jsonrpc":"2.0","method":"$/progress","params":{"token":"backgroundIndexProgress","value":{"kind":"report","message":"11/26","percentage":42.307692307692307}}}Content-Length: 160

{"jsonrpc":"2.0","method":"$/progress","params":{"token":"backgroundIndexProgress","value":{"kind":"report","message":"11/26","percentage":42.307692307692307}}}Content-Length: 160

{"jsonrpc":"2.0","method":"$/progress","params":{"token":"backgroundIndexProgress","value":{"kind":"report","message":"12/26","percentage":46.153846153846153}}}Content-Length: 160

{"jsonrpc":"2.0","method":"$/progress","params":{"token":"backgroundIndexProgress","value":{"kind":"report","message":"12/26","percentage":46.153846153846153}}}Content-Length: 144

{"jsonrpc":"2.0","method":"$/progress","params":{"token":"backgroundIndexProgress","value":{"kind":"report","message":"13/26","percentage":50}}}Content-Length: 144

{"jsonrpc":"2.0","method":"$/progress","params":{"token":"backgroundIndexProgress","value":{"kind":"report","message":"13/26","percentage":50}}}Content-Length: 160

{"jsonrpc":"2.0","method":"$/progress","params":{"token":"backgroundIndexProgress","value":{"kind":"report","message":"14/26","percentage":53.846153846153847}}}Content-Length: 160

{"jsonrpc":"2.0","method":"$/progress","params":{"token":"backgroundIndexProgress","value":{"kind":"report","message":"14/26","percentage":53.846153846153847}}}Content-Length: 160

{"jsonrpc":"2.0","method":"$/progress","params":{"token":"backgroundIndexProgress","value":{"kind":"report","message":"15/26","percentage":57.692307692307693}}}Content-Length: 160

{"jsonrpc":"2.0","method":"$/progress","params":{"token":"backgroundIndexProgress","value":{"kind":"report","message":"15/26","percentage":57.692307692307693}}}Content-Length: 159

{"jsonrpc":"2.0","method":"$/progress","params":{"token":"backgroundIndexProgress","value":{"kind":"report","message":"16/26","percentage":61.53846153846154}}}Content-Length: 159

{"jsonrpc":"2.0","method":"$/progress","params":{"token":"backgroundIndexProgress","value":{"kind":"report","message":"16/26","percentage":61.53846153846154}}}Content-Length: 160

{"jsonrpc":"2.0","method":"$/progress","params":{"token":"backgroundIndexProgress","value":{"kind":"report","message":"17/26","percentage":65.384615384615387}}}Content-Length: 160

{"jsonrpc":"2.0","method":"$/progress","params":{"token":"backgroundIndexProgress","value":{"kind":"report","message":"17/26","percentage":65.384615384615387}}}Content-Length: 160

{"jsonrpc":"2.0","method":"$/progress","params":{"token":"backgroundIndexProgress","value":{"kind":"report","message":"18/26","percentage":69.230769230769226}}}Content-Length: 160

{"jsonrpc":"2.0","method":"$/progress","params":{"token":"backgroundIndexProgress","value":{"kind":"report","message":"18/26","percentage":69.230769230769226}}}Content-Length: 159

{"jsonrpc":"2.0","method":"$/progress","params":{"token":"backgroundIndexProgress","value":{"kind":"report","message":"19/26","percentage":73.07692307692308}}}Content-Length: 159

{"jsonrpc":"2.0","method":"$/progress","params":{"token":"backgroundIndexProgress","value":{"kind":"report","message":"19/26","percentage":73.07692307692308}}}Content-Length: 159

{"jsonrpc":"2.0","method":"$/progress","params":{"token":"backgroundIndexProgress","value":{"kind":"report","message":"20/26","percentage":76.92307692307692}}}Content-Length: 159

{"jsonrpc":"2.0","method":"$/progress","params":{"token":"backgroundIndexProgress","value":{"kind":"report","message":"20/26","percentage":76.92307692307692}}}Content-Length: 160

{"jsonrpc":"2.0","method":"$/progress","params":{"token":"backgroundIndexProgress","value":{"kind":"report","message":"21/26","percentage":80.769230769230774}}}Content-Length: 160

{"jsonrpc":"2.0","method":"$/progress","params":{"token":"backgroundIndexProgress","value":{"kind":"report","message":"21/26","percentage":80.769230769230774}}}Content-Length: 160

{"jsonrpc":"2.0","method":"$/progress","params":{"token":"backgroundIndexProgress","value":{"kind":"report","message":"22/26","percentage":84.615384615384613}}}Content-Length: 160

{"jsonrpc":"2.0","method":"$/progress","params":{"token":"backgroundIndexProgress","value":{"kind":"report","message":"22/26","percentage":84.615384615384613}}}Content-Length: 160

{"jsonrpc":"2.0","method":"$/progress","params":{"token":"backgroundIndexProgress","value":{"kind":"report","message":"23/26","percentage":88.461538461538467}}}Content-Length: 160

{"jsonrpc":"2.0","method":"$/progress","params":{"token":"backgroundIndexProgress","value":{"kind":"report","message":"24/26","percentage":92.307692307692307}}}Content-Length: 159

{"jsonrpc":"2.0","method":"$/progress","params":{"token":"backgroundIndexProgress","value":{"kind":"report","message":"25/26","percentage":96.15384615384616}}}Content-Length: 107

{"jsonrpc":"2.0","method":"$/progress","params":{"token":"backgroundIndexProgress","value":{"kind":"end"}}}
>>>
Content-Length: 249

{"method":"textDocument/documentHighlight","params":{"textDocument":{"uri":"file:///C:/Users/Juchani/AppData/Local/Temp/arduino-language-server419055179/sketch/PRUEBA_RS232_UART.ino.cpp"},"position":{"line":3,"character":36}},"id":3,"jsonrpc":"2.0"}
<<<
Content-Length: 36

{"id":3,"jsonrpc":"2.0","result":[]}
>>>
Content-Length: 310

{"method":"textDocument/codeAction","params":{"textDocument":{"uri":"file:///C:/Users/Juchani/AppData/Local/Temp/arduino-language-server419055179/sketch/PRUEBA_RS232_UART.ino.cpp"},"range":{"start":{"line":3,"character":36},"end":{"line":3,"character":36}},"context":{"diagnostics":[]}},"id":4,"jsonrpc":"2.0"}
<<<
Content-Length: 36

{"id":4,"jsonrpc":"2.0","result":[]}
>>>
Content-Length: 309

{"method":"textDocument/codeAction","params":{"textDocument":{"uri":"file:///C:/Users/Juchani/AppData/Local/Temp/arduino-language-server419055179/sketch/PRUEBA_RS232_UART.ino.cpp"},"range":{"start":{"line":2,"character":0},"end":{"line":3,"character":36}},"context":{"diagnostics":[]}},"id":5,"jsonrpc":"2.0"}
<<<
Content-Length: 36

{"id":5,"jsonrpc":"2.0","result":[]}
>>>
Content-Length: 58

{"method":"shutdown","params":null,"id":6,"jsonrpc":"2.0"}
<<<
Content-Length: 38

{"id":6,"jsonrpc":"2.0","result":null}