






Started logging.

<<<
Content-Length: 3088

{"jsonrpc":"2.0","id":0,"method":"initialize","params":{"processId":5964,"clientInfo":{"name":"vscode","version":"1.50.0"},"rootPath":"c:\\Users\\Juchani\\Documents\\Arduino\\PRUEBA_RS232_UART","rootUri":"file:///c%3A/Users/Juchani/Documents/Arduino/PRUEBA_RS232_UART","capabilities":{"workspace":{"applyEdit":true,"workspaceEdit":{"documentChanges":true,"resourceOperations":["create","rename","delete"],"failureHandling":"textOnlyTransactional"},"didChangeConfiguration":{"dynamicRegistration":true},"didChangeWatchedFiles":{"dynamicRegistration":true},"symbol":{"dynamicRegistration":true,"symbolKind":{"valueSet":[1,2,3,4,5,6,7,8,9,10,11,12,13,14,15,16,17,18,19,20,21,22,23,24,25,26]}},"executeCommand":{"dynamicRegistration":true},"configuration":true,"workspaceFolders":true},"textDocument":{"publishDiagnostics":{"relatedInformation":true,"versionSupport":false,"tagSupport":{"valueSet":[1,2]}},"synchronization":{"dynamicRegistration":true,"willSave":true,"willSaveWaitUntil":true,"didSave":true},"completion":{"dynamicRegistration":true,"contextSupport":true,"completionItem":{"snippetSupport":true,"commitCharactersSupport":true,"documentationFormat":["markdown","plaintext"],"deprecatedSupport":true,"preselectSupport":true,"tagSupport":{"valueSet":[1]}},"completionItemKind":{"valueSet":[1,2,3,4,5,6,7,8,9,10,11,12,13,14,15,16,17,18,19,20,21,22,23,24,25]}},"hover":{"dynamicRegistration":true,"contentFormat":["markdown","plaintext"]},"signatureHelp":{"dynamicRegistration":true,"signatureInformation":{"documentationFormat":["markdown","plaintext"],"parameterInformation":{"labelOffsetSupport":true}},"contextSupport":true},"definition":{"dynamicRegistration":true,"linkSupport":true},"references":{"dynamicRegistration":true},"documentHighlight":{"dynamicRegistration":true},"documentSymbol":{"dynamicRegistration":true,"symbolKind":{"valueSet":[1,2,3,4,5,6,7,8,9,10,11,12,13,14,15,16,17,18,19,20,21,22,23,24,25,26]},"hierarchicalDocumentSymbolSupport":true},"codeAction":{"dynamicRegistration":true,"isPreferredSupport":true,"codeActionLiteralSupport":{"codeActionKind":{"valueSet":["","quickfix","refactor","refactor.extract","refactor.inline","refactor.rewrite","source","source.organizeImports"]}}},"codeLens":{"dynamicRegistration":true},"formatting":{"dynamicRegistration":true},"rangeFormatting":{"dynamicRegistration":true},"onTypeFormatting":{"dynamicRegistration":true},"rename":{"dynamicRegistration":true,"prepareSupport":true},"documentLink":{"dynamicRegistration":true,"tooltipSupport":true},"typeDefinition":{"dynamicRegistration":true,"linkSupport":true},"implementation":{"dynamicRegistration":true,"linkSupport":true},"colorProvider":{"dynamicRegistration":true},"foldingRange":{"dynamicRegistration":true,"rangeLimit":5000,"lineFoldingOnly":true},"declaration":{"dynamicRegistration":true,"linkSupport":true},"selectionRange":{"dynamicRegistration":true}},"window":{"workDoneProgress":true}},"initializationOptions":{},"trace":"off","workspaceFolders":[{"uri":"file:///c%3A/Users/Juchani/Documents/Arduino/PRUEBA_RS232_UART","name":"PRUEBA_RS232_UART"}]}}
>>>
Content-Length: 598

{"id":0,"result":{"capabilities":{"textDocumentSync":2,"hoverProvider":true,"completionProvider":{"triggerCharacters":[".","\u003e",":"]},"signatureHelpProvider":{"triggerCharacters":["(",","]},"definitionProvider":true,"documentHighlightProvider":true,"documentSymbolProvider":true,"workspaceSymbolProvider":true,"codeActionProvider":true,"documentFormattingProvider":true,"documentRangeFormattingProvider":true,"documentOnTypeFormattingProvider":{"firstTriggerCharacter":"\n"},"renameProvider":false,"executeCommandProvider":{"commands":["clangd.applyFix","clangd.applyTweak"]}}},"jsonrpc":"2.0"}
<<<
Content-Length: 52

{"jsonrpc":"2.0","method":"initialized","params":{}}Content-Length: 427

{"jsonrpc":"2.0","method":"textDocument/didOpen","params":{"textDocument":{"uri":"file:///c%3A/Users/Juchani/Documents/Arduino/PRUEBA_RS232_UART/PRUEBA_RS232_UART.ino","languageId":"cpp","version":1,"text":"#include <SoftwareSerial.h>\r\nSoftwareSerial rs232(27, 26);//rx-tx\r\nvoid setup() {\r\n Serial.begin(9600);//\r\n  rs232.begin(9600);//RS232\r\n}\r\n\r\nvoid loop() {\r\n rs232.println(\"HOLA MUNDO\");\r\n\r\n}\r\n"}}}Content-Length: 285

{"jsonrpc":"2.0","id":1,"method":"textDocument/codeAction","params":{"textDocument":{"uri":"file:///c%3A/Users/Juchani/Documents/Arduino/PRUEBA_RS232_UART/PRUEBA_RS232_UART.ino"},"range":{"start":{"line":7,"character":13},"end":{"line":7,"character":13}},"context":{"diagnostics":[]}}}
>>>
Content-Length: 111

{"method":"window/workDoneProgress/create","params":{"token":"backgroundIndexProgress"},"id":0,"jsonrpc":"2.0"}Content-Length: 36

{"id":1,"result":[],"jsonrpc":"2.0"}
<<<
Content-Length: 38

{"jsonrpc":"2.0","id":0,"result":null}
>>>
Content-Length: 143

{"method":"$/progress","params":{"token":"backgroundIndexProgress","value":{"title":"indexing","percentage":0,"kind":"begin"}},"jsonrpc":"2.0"}Content-Length: 158

{"method":"$/progress","params":{"token":"backgroundIndexProgress","value":{"message":"1/24","percentage":4.166666666666667,"kind":"report"}},"jsonrpc":"2.0"}Content-Length: 158

{"method":"$/progress","params":{"token":"backgroundIndexProgress","value":{"message":"2/24","percentage":8.333333333333334,"kind":"report"}},"jsonrpc":"2.0"}Content-Length: 158

{"method":"$/progress","params":{"token":"backgroundIndexProgress","value":{"message":"2/24","percentage":8.333333333333334,"kind":"report"}},"jsonrpc":"2.0"}Content-Length: 145

{"method":"$/progress","params":{"token":"backgroundIndexProgress","value":{"message":"3/24","percentage":12.5,"kind":"report"}},"jsonrpc":"2.0"}Content-Length: 145

{"method":"$/progress","params":{"token":"backgroundIndexProgress","value":{"message":"3/24","percentage":12.5,"kind":"report"}},"jsonrpc":"2.0"}Content-Length: 159

{"method":"$/progress","params":{"token":"backgroundIndexProgress","value":{"message":"4/24","percentage":16.666666666666668,"kind":"report"}},"jsonrpc":"2.0"}Content-Length: 159

{"method":"$/progress","params":{"token":"backgroundIndexProgress","value":{"message":"5/24","percentage":20.833333333333332,"kind":"report"}},"jsonrpc":"2.0"}Content-Length: 159

{"method":"$/progress","params":{"token":"backgroundIndexProgress","value":{"message":"5/24","percentage":20.833333333333332,"kind":"report"}},"jsonrpc":"2.0"}Content-Length: 143

{"method":"$/progress","params":{"token":"backgroundIndexProgress","value":{"message":"6/24","percentage":25,"kind":"report"}},"jsonrpc":"2.0"}Content-Length: 143

{"method":"$/progress","params":{"token":"backgroundIndexProgress","value":{"message":"6/24","percentage":25,"kind":"report"}},"jsonrpc":"2.0"}Content-Length: 159

{"method":"$/progress","params":{"token":"backgroundIndexProgress","value":{"message":"7/24","percentage":29.166666666666668,"kind":"report"}},"jsonrpc":"2.0"}Content-Length: 159

{"method":"$/progress","params":{"token":"backgroundIndexProgress","value":{"message":"8/24","percentage":33.333333333333336,"kind":"report"}},"jsonrpc":"2.0"}Content-Length: 159

{"method":"$/progress","params":{"token":"backgroundIndexProgress","value":{"message":"8/24","percentage":33.333333333333336,"kind":"report"}},"jsonrpc":"2.0"}Content-Length: 145

{"method":"$/progress","params":{"token":"backgroundIndexProgress","value":{"message":"9/24","percentage":37.5,"kind":"report"}},"jsonrpc":"2.0"}Content-Length: 145

{"method":"$/progress","params":{"token":"backgroundIndexProgress","value":{"message":"9/24","percentage":37.5,"kind":"report"}},"jsonrpc":"2.0"}Content-Length: 160

{"method":"$/progress","params":{"token":"backgroundIndexProgress","value":{"message":"10/24","percentage":41.666666666666664,"kind":"report"}},"jsonrpc":"2.0"}Content-Length: 160

{"method":"$/progress","params":{"token":"backgroundIndexProgress","value":{"message":"10/24","percentage":41.666666666666664,"kind":"report"}},"jsonrpc":"2.0"}Content-Length: 160

{"method":"$/progress","params":{"token":"backgroundIndexProgress","value":{"message":"11/24","percentage":45.833333333333336,"kind":"report"}},"jsonrpc":"2.0"}Content-Length: 144

{"method":"$/progress","params":{"token":"backgroundIndexProgress","value":{"message":"12/24","percentage":50,"kind":"report"}},"jsonrpc":"2.0"}Content-Length: 144

{"method":"$/progress","params":{"token":"backgroundIndexProgress","value":{"message":"12/24","percentage":50,"kind":"report"}},"jsonrpc":"2.0"}Content-Length: 160

{"method":"$/progress","params":{"token":"backgroundIndexProgress","value":{"message":"13/24","percentage":54.166666666666664,"kind":"report"}},"jsonrpc":"2.0"}Content-Length: 160

{"method":"$/progress","params":{"token":"backgroundIndexProgress","value":{"message":"13/24","percentage":54.166666666666664,"kind":"report"}},"jsonrpc":"2.0"}Content-Length: 160

{"method":"$/progress","params":{"token":"backgroundIndexProgress","value":{"message":"14/24","percentage":58.333333333333336,"kind":"report"}},"jsonrpc":"2.0"}Content-Length: 146

{"method":"$/progress","params":{"token":"backgroundIndexProgress","value":{"message":"15/24","percentage":62.5,"kind":"report"}},"jsonrpc":"2.0"}Content-Length: 159

{"method":"$/progress","params":{"token":"backgroundIndexProgress","value":{"message":"16/24","percentage":66.66666666666667,"kind":"report"}},"jsonrpc":"2.0"}Content-Length: 159

{"method":"$/progress","params":{"token":"backgroundIndexProgress","value":{"message":"16/24","percentage":66.66666666666667,"kind":"report"}},"jsonrpc":"2.0"}Content-Length: 159

{"method":"$/progress","params":{"token":"backgroundIndexProgress","value":{"message":"17/24","percentage":70.83333333333333,"kind":"report"}},"jsonrpc":"2.0"}Content-Length: 144

{"method":"$/progress","params":{"token":"backgroundIndexProgress","value":{"message":"18/24","percentage":75,"kind":"report"}},"jsonrpc":"2.0"}Content-Length: 144

{"method":"$/progress","params":{"token":"backgroundIndexProgress","value":{"message":"18/24","percentage":75,"kind":"report"}},"jsonrpc":"2.0"}Content-Length: 159

{"method":"$/progress","params":{"token":"backgroundIndexProgress","value":{"message":"19/24","percentage":79.16666666666667,"kind":"report"}},"jsonrpc":"2.0"}Content-Length: 159

{"method":"$/progress","params":{"token":"backgroundIndexProgress","value":{"message":"20/24","percentage":83.33333333333333,"kind":"report"}},"jsonrpc":"2.0"}Content-Length: 146

{"method":"$/progress","params":{"token":"backgroundIndexProgress","value":{"message":"21/24","percentage":87.5,"kind":"report"}},"jsonrpc":"2.0"}Content-Length: 159

{"method":"$/progress","params":{"token":"backgroundIndexProgress","value":{"message":"22/24","percentage":91.66666666666667,"kind":"report"}},"jsonrpc":"2.0"}Content-Length: 159

{"method":"$/progress","params":{"token":"backgroundIndexProgress","value":{"message":"23/24","percentage":95.83333333333333,"kind":"report"}},"jsonrpc":"2.0"}Content-Length: 107

{"method":"$/progress","params":{"token":"backgroundIndexProgress","value":{"kind":"end"}},"jsonrpc":"2.0"}
<<<
Content-Length: 76

{"jsonrpc":"2.0","method":"$/setTraceNotification","params":{"value":"off"}}Content-Length: 76

{"jsonrpc":"2.0","method":"$/setTraceNotification","params":{"value":"off"}}Content-Length: 212

{"jsonrpc":"2.0","id":2,"method":"textDocument/hover","params":{"textDocument":{"uri":"file:///c%3A/Users/Juchani/Documents/Arduino/PRUEBA_RS232_UART/PRUEBA_RS232_UART.ino"},"position":{"line":4,"character":10}}}
>>>
Content-Length: 309

{"id":2,"result":{"contents":{"kind":"markdown","value":"### instance-method `begin`  \n\n---\n→ `void`  \nParameters:  \n- `long speed`\n\n---\n```cpp\n// In SoftwareSerial\npublic: void begin(long speed)\n```"},"range":{"start":{"line":11,"character":8},"end":{"line":11,"character":13}}},"jsonrpc":"2.0"}
<<<
Content-Length: 62

{"jsonrpc":"2.0","method":"$/cancelRequest","params":{"id":2}}Content-Length: 58

{"jsonrpc":"2.0","id":3,"method":"shutdown","params":null}
>>>
Content-Length: 38

{"id":3,"result":null,"jsonrpc":"2.0"}
<<<
Content-Length: 47

{"jsonrpc":"2.0","method":"exit","params":null}






Started logging.

<<<
Content-Length: 3088

{"jsonrpc":"2.0","id":0,"method":"initialize","params":{"processId":5964,"clientInfo":{"name":"vscode","version":"1.50.0"},"rootPath":"c:\\Users\\Juchani\\Documents\\Arduino\\PRUEBA_RS232_UART","rootUri":"file:///c%3A/Users/Juchani/Documents/Arduino/PRUEBA_RS232_UART","capabilities":{"workspace":{"applyEdit":true,"workspaceEdit":{"documentChanges":true,"resourceOperations":["create","rename","delete"],"failureHandling":"textOnlyTransactional"},"didChangeConfiguration":{"dynamicRegistration":true},"didChangeWatchedFiles":{"dynamicRegistration":true},"symbol":{"dynamicRegistration":true,"symbolKind":{"valueSet":[1,2,3,4,5,6,7,8,9,10,11,12,13,14,15,16,17,18,19,20,21,22,23,24,25,26]}},"executeCommand":{"dynamicRegistration":true},"configuration":true,"workspaceFolders":true},"textDocument":{"publishDiagnostics":{"relatedInformation":true,"versionSupport":false,"tagSupport":{"valueSet":[1,2]}},"synchronization":{"dynamicRegistration":true,"willSave":true,"willSaveWaitUntil":true,"didSave":true},"completion":{"dynamicRegistration":true,"contextSupport":true,"completionItem":{"snippetSupport":true,"commitCharactersSupport":true,"documentationFormat":["markdown","plaintext"],"deprecatedSupport":true,"preselectSupport":true,"tagSupport":{"valueSet":[1]}},"completionItemKind":{"valueSet":[1,2,3,4,5,6,7,8,9,10,11,12,13,14,15,16,17,18,19,20,21,22,23,24,25]}},"hover":{"dynamicRegistration":true,"contentFormat":["markdown","plaintext"]},"signatureHelp":{"dynamicRegistration":true,"signatureInformation":{"documentationFormat":["markdown","plaintext"],"parameterInformation":{"labelOffsetSupport":true}},"contextSupport":true},"definition":{"dynamicRegistration":true,"linkSupport":true},"references":{"dynamicRegistration":true},"documentHighlight":{"dynamicRegistration":true},"documentSymbol":{"dynamicRegistration":true,"symbolKind":{"valueSet":[1,2,3,4,5,6,7,8,9,10,11,12,13,14,15,16,17,18,19,20,21,22,23,24,25,26]},"hierarchicalDocumentSymbolSupport":true},"codeAction":{"dynamicRegistration":true,"isPreferredSupport":true,"codeActionLiteralSupport":{"codeActionKind":{"valueSet":["","quickfix","refactor","refactor.extract","refactor.inline","refactor.rewrite","source","source.organizeImports"]}}},"codeLens":{"dynamicRegistration":true},"formatting":{"dynamicRegistration":true},"rangeFormatting":{"dynamicRegistration":true},"onTypeFormatting":{"dynamicRegistration":true},"rename":{"dynamicRegistration":true,"prepareSupport":true},"documentLink":{"dynamicRegistration":true,"tooltipSupport":true},"typeDefinition":{"dynamicRegistration":true,"linkSupport":true},"implementation":{"dynamicRegistration":true,"linkSupport":true},"colorProvider":{"dynamicRegistration":true},"foldingRange":{"dynamicRegistration":true,"rangeLimit":5000,"lineFoldingOnly":true},"declaration":{"dynamicRegistration":true,"linkSupport":true},"selectionRange":{"dynamicRegistration":true}},"window":{"workDoneProgress":true}},"initializationOptions":{},"trace":"off","workspaceFolders":[{"uri":"file:///c%3A/Users/Juchani/Documents/Arduino/PRUEBA_RS232_UART","name":"PRUEBA_RS232_UART"}]}}
>>>
Content-Length: 598

{"id":0,"result":{"capabilities":{"textDocumentSync":2,"hoverProvider":true,"completionProvider":{"triggerCharacters":[".","\u003e",":"]},"signatureHelpProvider":{"triggerCharacters":["(",","]},"definitionProvider":true,"documentHighlightProvider":true,"documentSymbolProvider":true,"workspaceSymbolProvider":true,"codeActionProvider":true,"documentFormattingProvider":true,"documentRangeFormattingProvider":true,"documentOnTypeFormattingProvider":{"firstTriggerCharacter":"\n"},"renameProvider":false,"executeCommandProvider":{"commands":["clangd.applyFix","clangd.applyTweak"]}}},"jsonrpc":"2.0"}
<<<
Content-Length: 52

{"jsonrpc":"2.0","method":"initialized","params":{}}Content-Length: 427

{"jsonrpc":"2.0","method":"textDocument/didOpen","params":{"textDocument":{"uri":"file:///c%3A/Users/Juchani/Documents/Arduino/PRUEBA_RS232_UART/PRUEBA_RS232_UART.ino","languageId":"cpp","version":1,"text":"#include <SoftwareSerial.h>\r\nSoftwareSerial rs232(27, 26);//rx-tx\r\nvoid setup() {\r\n Serial.begin(9600);//\r\n  rs232.begin(9600);//RS232\r\n}\r\n\r\nvoid loop() {\r\n rs232.println(\"HOLA MUNDO\");\r\n\r\n}\r\n"}}}Content-Length: 285

{"jsonrpc":"2.0","id":1,"method":"textDocument/codeAction","params":{"textDocument":{"uri":"file:///c%3A/Users/Juchani/Documents/Arduino/PRUEBA_RS232_UART/PRUEBA_RS232_UART.ino"},"range":{"start":{"line":7,"character":13},"end":{"line":7,"character":13}},"context":{"diagnostics":[]}}}Content-Length: 211

{"jsonrpc":"2.0","id":2,"method":"textDocument/hover","params":{"textDocument":{"uri":"file:///c%3A/Users/Juchani/Documents/Arduino/PRUEBA_RS232_UART/PRUEBA_RS232_UART.ino"},"position":{"line":8,"character":3}}}Content-Length: 62

{"jsonrpc":"2.0","method":"$/cancelRequest","params":{"id":2}}
>>>
Content-Length: 111

{"method":"window/workDoneProgress/create","params":{"token":"backgroundIndexProgress"},"id":0,"jsonrpc":"2.0"}Content-Length: 36

{"id":1,"result":[],"jsonrpc":"2.0"}Content-Length: 273

{"id":2,"result":{"contents":{"kind":"markdown","value":"### variable `rs232`  \n\n---\nType: `class SoftwareSerial`  \nrx-tx  \n\n---\n```cpp\nSoftwareSerial rs232(27, 26)\n```"},"range":{"start":{"line":15,"character":1},"end":{"line":15,"character":6}}},"jsonrpc":"2.0"}
<<<
Content-Length: 38

{"jsonrpc":"2.0","id":0,"result":null}
>>>
Content-Length: 143

{"method":"$/progress","params":{"token":"backgroundIndexProgress","value":{"title":"indexing","percentage":0,"kind":"begin"}},"jsonrpc":"2.0"}Content-Length: 159

{"method":"$/progress","params":{"token":"backgroundIndexProgress","value":{"message":"1/28","percentage":3.5714285714285716,"kind":"report"}},"jsonrpc":"2.0"}Content-Length: 158

{"method":"$/progress","params":{"token":"backgroundIndexProgress","value":{"message":"2/28","percentage":7.142857142857143,"kind":"report"}},"jsonrpc":"2.0"}Content-Length: 158

{"method":"$/progress","params":{"token":"backgroundIndexProgress","value":{"message":"2/28","percentage":7.142857142857143,"kind":"report"}},"jsonrpc":"2.0"}Content-Length: 159

{"method":"$/progress","params":{"token":"backgroundIndexProgress","value":{"message":"3/28","percentage":10.714285714285714,"kind":"report"}},"jsonrpc":"2.0"}Content-Length: 159

{"method":"$/progress","params":{"token":"backgroundIndexProgress","value":{"message":"3/28","percentage":10.714285714285714,"kind":"report"}},"jsonrpc":"2.0"}Content-Length: 159

{"method":"$/progress","params":{"token":"backgroundIndexProgress","value":{"message":"4/28","percentage":14.285714285714286,"kind":"report"}},"jsonrpc":"2.0"}Content-Length: 159

{"method":"$/progress","params":{"token":"backgroundIndexProgress","value":{"message":"5/28","percentage":17.857142857142858,"kind":"report"}},"jsonrpc":"2.0"}Content-Length: 159

{"method":"$/progress","params":{"token":"backgroundIndexProgress","value":{"message":"5/28","percentage":17.857142857142858,"kind":"report"}},"jsonrpc":"2.0"}Content-Length: 159

{"method":"$/progress","params":{"token":"backgroundIndexProgress","value":{"message":"6/28","percentage":21.428571428571427,"kind":"report"}},"jsonrpc":"2.0"}Content-Length: 159

{"method":"$/progress","params":{"token":"backgroundIndexProgress","value":{"message":"6/28","percentage":21.428571428571427,"kind":"report"}},"jsonrpc":"2.0"}Content-Length: 143

{"method":"$/progress","params":{"token":"backgroundIndexProgress","value":{"message":"7/28","percentage":25,"kind":"report"}},"jsonrpc":"2.0"}Content-Length: 143

{"method":"$/progress","params":{"token":"backgroundIndexProgress","value":{"message":"7/28","percentage":25,"kind":"report"}},"jsonrpc":"2.0"}Content-Length: 159

{"method":"$/progress","params":{"token":"backgroundIndexProgress","value":{"message":"8/28","percentage":28.571428571428573,"kind":"report"}},"jsonrpc":"2.0"}Content-Length: 159

{"method":"$/progress","params":{"token":"backgroundIndexProgress","value":{"message":"8/28","percentage":28.571428571428573,"kind":"report"}},"jsonrpc":"2.0"}Content-Length: 159

{"method":"$/progress","params":{"token":"backgroundIndexProgress","value":{"message":"9/28","percentage":32.142857142857146,"kind":"report"}},"jsonrpc":"2.0"}Content-Length: 159

{"method":"$/progress","params":{"token":"backgroundIndexProgress","value":{"message":"9/28","percentage":32.142857142857146,"kind":"report"}},"jsonrpc":"2.0"}Content-Length: 160

{"method":"$/progress","params":{"token":"backgroundIndexProgress","value":{"message":"10/28","percentage":35.714285714285715,"kind":"report"}},"jsonrpc":"2.0"}Content-Length: 160

{"method":"$/progress","params":{"token":"backgroundIndexProgress","value":{"message":"10/28","percentage":35.714285714285715,"kind":"report"}},"jsonrpc":"2.0"}Content-Length: 160

{"method":"$/progress","params":{"token":"backgroundIndexProgress","value":{"message":"11/28","percentage":39.285714285714285,"kind":"report"}},"jsonrpc":"2.0"}Content-Length: 160

{"method":"$/progress","params":{"token":"backgroundIndexProgress","value":{"message":"11/28","percentage":39.285714285714285,"kind":"report"}},"jsonrpc":"2.0"}Content-Length: 160

{"method":"$/progress","params":{"token":"backgroundIndexProgress","value":{"message":"12/28","percentage":42.857142857142854,"kind":"report"}},"jsonrpc":"2.0"}Content-Length: 160

{"method":"$/progress","params":{"token":"backgroundIndexProgress","value":{"message":"12/28","percentage":42.857142857142854,"kind":"report"}},"jsonrpc":"2.0"}Content-Length: 159

{"method":"$/progress","params":{"token":"backgroundIndexProgress","value":{"message":"13/28","percentage":46.42857142857143,"kind":"report"}},"jsonrpc":"2.0"}Content-Length: 144

{"method":"$/progress","params":{"token":"backgroundIndexProgress","value":{"message":"14/28","percentage":50,"kind":"report"}},"jsonrpc":"2.0"}Content-Length: 159

{"method":"$/progress","params":{"token":"backgroundIndexProgress","value":{"message":"15/28","percentage":53.57142857142857,"kind":"report"}},"jsonrpc":"2.0"}Content-Length: 159

{"method":"$/progress","params":{"token":"backgroundIndexProgress","value":{"message":"15/28","percentage":53.57142857142857,"kind":"report"}},"jsonrpc":"2.0"}Content-Length: 160

{"method":"$/progress","params":{"token":"backgroundIndexProgress","value":{"message":"16/28","percentage":57.142857142857146,"kind":"report"}},"jsonrpc":"2.0"}Content-Length: 160

{"method":"$/progress","params":{"token":"backgroundIndexProgress","value":{"message":"16/28","percentage":57.142857142857146,"kind":"report"}},"jsonrpc":"2.0"}Content-Length: 160

{"method":"$/progress","params":{"token":"backgroundIndexProgress","value":{"message":"17/28","percentage":60.714285714285715,"kind":"report"}},"jsonrpc":"2.0"}Content-Length: 160

{"method":"$/progress","params":{"token":"backgroundIndexProgress","value":{"message":"17/28","percentage":60.714285714285715,"kind":"report"}},"jsonrpc":"2.0"}Content-Length: 159

{"method":"$/progress","params":{"token":"backgroundIndexProgress","value":{"message":"18/28","percentage":64.28571428571429,"kind":"report"}},"jsonrpc":"2.0"}Content-Length: 159

{"method":"$/progress","params":{"token":"backgroundIndexProgress","value":{"message":"18/28","percentage":64.28571428571429,"kind":"report"}},"jsonrpc":"2.0"}Content-Length: 159

{"method":"$/progress","params":{"token":"backgroundIndexProgress","value":{"message":"19/28","percentage":67.85714285714286,"kind":"report"}},"jsonrpc":"2.0"}Content-Length: 159

{"method":"$/progress","params":{"token":"backgroundIndexProgress","value":{"message":"19/28","percentage":67.85714285714286,"kind":"report"}},"jsonrpc":"2.0"}Content-Length: 159

{"method":"$/progress","params":{"token":"backgroundIndexProgress","value":{"message":"20/28","percentage":71.42857142857143,"kind":"report"}},"jsonrpc":"2.0"}Content-Length: 144

{"method":"$/progress","params":{"token":"backgroundIndexProgress","value":{"message":"21/28","percentage":75,"kind":"report"}},"jsonrpc":"2.0"}Content-Length: 159

{"method":"$/progress","params":{"token":"backgroundIndexProgress","value":{"message":"22/28","percentage":78.57142857142857,"kind":"report"}},"jsonrpc":"2.0"}Content-Length: 159

{"method":"$/progress","params":{"token":"backgroundIndexProgress","value":{"message":"23/28","percentage":82.14285714285714,"kind":"report"}},"jsonrpc":"2.0"}Content-Length: 159

{"method":"$/progress","params":{"token":"backgroundIndexProgress","value":{"message":"23/28","percentage":82.14285714285714,"kind":"report"}},"jsonrpc":"2.0"}Content-Length: 159

{"method":"$/progress","params":{"token":"backgroundIndexProgress","value":{"message":"24/28","percentage":85.71428571428571,"kind":"report"}},"jsonrpc":"2.0"}Content-Length: 159

{"method":"$/progress","params":{"token":"backgroundIndexProgress","value":{"message":"24/28","percentage":85.71428571428571,"kind":"report"}},"jsonrpc":"2.0"}Content-Length: 159

{"method":"$/progress","params":{"token":"backgroundIndexProgress","value":{"message":"25/28","percentage":89.28571428571429,"kind":"report"}},"jsonrpc":"2.0"}Content-Length: 159

{"method":"$/progress","params":{"token":"backgroundIndexProgress","value":{"message":"26/28","percentage":92.85714285714286,"kind":"report"}},"jsonrpc":"2.0"}Content-Length: 159

{"method":"$/progress","params":{"token":"backgroundIndexProgress","value":{"message":"27/28","percentage":96.42857142857143,"kind":"report"}},"jsonrpc":"2.0"}Content-Length: 107

{"method":"$/progress","params":{"token":"backgroundIndexProgress","value":{"kind":"end"}},"jsonrpc":"2.0"}
<<<
Content-Length: 212

{"jsonrpc":"2.0","id":3,"method":"textDocument/hover","params":{"textDocument":{"uri":"file:///c%3A/Users/Juchani/Documents/Arduino/PRUEBA_RS232_UART/PRUEBA_RS232_UART.ino"},"position":{"line":1,"character":19}}}
>>>
Content-Length: 273

{"id":3,"result":{"contents":{"kind":"markdown","value":"### variable `rs232`  \n\n---\nType: `class SoftwareSerial`  \nrx-tx  \n\n---\n```cpp\nSoftwareSerial rs232(27, 26)\n```"},"range":{"start":{"line":3,"character":15},"end":{"line":3,"character":20}}},"jsonrpc":"2.0"}
<<<
Content-Length: 58

{"jsonrpc":"2.0","id":4,"method":"shutdown","params":null}
>>>
Content-Length: 38

{"id":4,"result":null,"jsonrpc":"2.0"}
<<<
Content-Length: 47

{"jsonrpc":"2.0","method":"exit","params":null}






Started logging.

<<<
Content-Length: 3088

{"jsonrpc":"2.0","id":0,"method":"initialize","params":{"processId":7260,"clientInfo":{"name":"vscode","version":"1.50.0"},"rootPath":"c:\\Users\\Juchani\\Documents\\Arduino\\PRUEBA_RS232_UART","rootUri":"file:///c%3A/Users/Juchani/Documents/Arduino/PRUEBA_RS232_UART","capabilities":{"workspace":{"applyEdit":true,"workspaceEdit":{"documentChanges":true,"resourceOperations":["create","rename","delete"],"failureHandling":"textOnlyTransactional"},"didChangeConfiguration":{"dynamicRegistration":true},"didChangeWatchedFiles":{"dynamicRegistration":true},"symbol":{"dynamicRegistration":true,"symbolKind":{"valueSet":[1,2,3,4,5,6,7,8,9,10,11,12,13,14,15,16,17,18,19,20,21,22,23,24,25,26]}},"executeCommand":{"dynamicRegistration":true},"configuration":true,"workspaceFolders":true},"textDocument":{"publishDiagnostics":{"relatedInformation":true,"versionSupport":false,"tagSupport":{"valueSet":[1,2]}},"synchronization":{"dynamicRegistration":true,"willSave":true,"willSaveWaitUntil":true,"didSave":true},"completion":{"dynamicRegistration":true,"contextSupport":true,"completionItem":{"snippetSupport":true,"commitCharactersSupport":true,"documentationFormat":["markdown","plaintext"],"deprecatedSupport":true,"preselectSupport":true,"tagSupport":{"valueSet":[1]}},"completionItemKind":{"valueSet":[1,2,3,4,5,6,7,8,9,10,11,12,13,14,15,16,17,18,19,20,21,22,23,24,25]}},"hover":{"dynamicRegistration":true,"contentFormat":["markdown","plaintext"]},"signatureHelp":{"dynamicRegistration":true,"signatureInformation":{"documentationFormat":["markdown","plaintext"],"parameterInformation":{"labelOffsetSupport":true}},"contextSupport":true},"definition":{"dynamicRegistration":true,"linkSupport":true},"references":{"dynamicRegistration":true},"documentHighlight":{"dynamicRegistration":true},"documentSymbol":{"dynamicRegistration":true,"symbolKind":{"valueSet":[1,2,3,4,5,6,7,8,9,10,11,12,13,14,15,16,17,18,19,20,21,22,23,24,25,26]},"hierarchicalDocumentSymbolSupport":true},"codeAction":{"dynamicRegistration":true,"isPreferredSupport":true,"codeActionLiteralSupport":{"codeActionKind":{"valueSet":["","quickfix","refactor","refactor.extract","refactor.inline","refactor.rewrite","source","source.organizeImports"]}}},"codeLens":{"dynamicRegistration":true},"formatting":{"dynamicRegistration":true},"rangeFormatting":{"dynamicRegistration":true},"onTypeFormatting":{"dynamicRegistration":true},"rename":{"dynamicRegistration":true,"prepareSupport":true},"documentLink":{"dynamicRegistration":true,"tooltipSupport":true},"typeDefinition":{"dynamicRegistration":true,"linkSupport":true},"implementation":{"dynamicRegistration":true,"linkSupport":true},"colorProvider":{"dynamicRegistration":true},"foldingRange":{"dynamicRegistration":true,"rangeLimit":5000,"lineFoldingOnly":true},"declaration":{"dynamicRegistration":true,"linkSupport":true},"selectionRange":{"dynamicRegistration":true}},"window":{"workDoneProgress":true}},"initializationOptions":{},"trace":"off","workspaceFolders":[{"uri":"file:///c%3A/Users/Juchani/Documents/Arduino/PRUEBA_RS232_UART","name":"PRUEBA_RS232_UART"}]}}
>>>
Content-Length: 598

{"id":0,"result":{"capabilities":{"textDocumentSync":2,"hoverProvider":true,"completionProvider":{"triggerCharacters":[".","\u003e",":"]},"signatureHelpProvider":{"triggerCharacters":["(",","]},"definitionProvider":true,"documentHighlightProvider":true,"documentSymbolProvider":true,"workspaceSymbolProvider":true,"codeActionProvider":true,"documentFormattingProvider":true,"documentRangeFormattingProvider":true,"documentOnTypeFormattingProvider":{"firstTriggerCharacter":"\n"},"renameProvider":false,"executeCommandProvider":{"commands":["clangd.applyFix","clangd.applyTweak"]}}},"jsonrpc":"2.0"}
<<<
Content-Length: 52

{"jsonrpc":"2.0","method":"initialized","params":{}}Content-Length: 427

{"jsonrpc":"2.0","method":"textDocument/didOpen","params":{"textDocument":{"uri":"file:///c%3A/Users/Juchani/Documents/Arduino/PRUEBA_RS232_UART/PRUEBA_RS232_UART.ino","languageId":"cpp","version":1,"text":"#include <SoftwareSerial.h>\r\nSoftwareSerial rs232(27, 26);//rx-tx\r\nvoid setup() {\r\n Serial.begin(9600);//\r\n  rs232.begin(9600);//RS232\r\n}\r\n\r\nvoid loop() {\r\n rs232.println(\"HOLA MUNDO\");\r\n\r\n}\r\n"}}}Content-Length: 285

{"jsonrpc":"2.0","id":1,"method":"textDocument/codeAction","params":{"textDocument":{"uri":"file:///c%3A/Users/Juchani/Documents/Arduino/PRUEBA_RS232_UART/PRUEBA_RS232_UART.ino"},"range":{"start":{"line":7,"character":13},"end":{"line":7,"character":13}},"context":{"diagnostics":[]}}}
>>>
Content-Length: 111

{"method":"window/workDoneProgress/create","params":{"token":"backgroundIndexProgress"},"id":0,"jsonrpc":"2.0"}Content-Length: 36

{"id":1,"result":[],"jsonrpc":"2.0"}
<<<
Content-Length: 38

{"jsonrpc":"2.0","id":0,"result":null}
>>>
Content-Length: 143

{"method":"$/progress","params":{"token":"backgroundIndexProgress","value":{"title":"indexing","percentage":0,"kind":"begin"}},"jsonrpc":"2.0"}Content-Length: 159

{"method":"$/progress","params":{"token":"backgroundIndexProgress","value":{"message":"1/26","percentage":3.8461538461538463,"kind":"report"}},"jsonrpc":"2.0"}Content-Length: 159

{"method":"$/progress","params":{"token":"backgroundIndexProgress","value":{"message":"2/26","percentage":7.6923076923076925,"kind":"report"}},"jsonrpc":"2.0"}Content-Length: 159

{"method":"$/progress","params":{"token":"backgroundIndexProgress","value":{"message":"2/26","percentage":7.6923076923076925,"kind":"report"}},"jsonrpc":"2.0"}Content-Length: 159

{"method":"$/progress","params":{"token":"backgroundIndexProgress","value":{"message":"3/26","percentage":11.538461538461538,"kind":"report"}},"jsonrpc":"2.0"}Content-Length: 159

{"method":"$/progress","params":{"token":"backgroundIndexProgress","value":{"message":"3/26","percentage":11.538461538461538,"kind":"report"}},"jsonrpc":"2.0"}Content-Length: 159

{"method":"$/progress","params":{"token":"backgroundIndexProgress","value":{"message":"4/26","percentage":15.384615384615385,"kind":"report"}},"jsonrpc":"2.0"}Content-Length: 159

{"method":"$/progress","params":{"token":"backgroundIndexProgress","value":{"message":"4/26","percentage":15.384615384615385,"kind":"report"}},"jsonrpc":"2.0"}Content-Length: 158

{"method":"$/progress","params":{"token":"backgroundIndexProgress","value":{"message":"5/26","percentage":19.23076923076923,"kind":"report"}},"jsonrpc":"2.0"}Content-Length: 158

{"method":"$/progress","params":{"token":"backgroundIndexProgress","value":{"message":"5/26","percentage":19.23076923076923,"kind":"report"}},"jsonrpc":"2.0"}Content-Length: 159

{"method":"$/progress","params":{"token":"backgroundIndexProgress","value":{"message":"6/26","percentage":23.076923076923077,"kind":"report"}},"jsonrpc":"2.0"}Content-Length: 159

{"method":"$/progress","params":{"token":"backgroundIndexProgress","value":{"message":"6/26","percentage":23.076923076923077,"kind":"report"}},"jsonrpc":"2.0"}Content-Length: 159

{"method":"$/progress","params":{"token":"backgroundIndexProgress","value":{"message":"7/26","percentage":26.923076923076923,"kind":"report"}},"jsonrpc":"2.0"}Content-Length: 159

{"method":"$/progress","params":{"token":"backgroundIndexProgress","value":{"message":"7/26","percentage":26.923076923076923,"kind":"report"}},"jsonrpc":"2.0"}Content-Length: 158

{"method":"$/progress","params":{"token":"backgroundIndexProgress","value":{"message":"8/26","percentage":30.76923076923077,"kind":"report"}},"jsonrpc":"2.0"}Content-Length: 158

{"method":"$/progress","params":{"token":"backgroundIndexProgress","value":{"message":"8/26","percentage":30.76923076923077,"kind":"report"}},"jsonrpc":"2.0"}Content-Length: 158

{"method":"$/progress","params":{"token":"backgroundIndexProgress","value":{"message":"9/26","percentage":34.61538461538461,"kind":"report"}},"jsonrpc":"2.0"}Content-Length: 158

{"method":"$/progress","params":{"token":"backgroundIndexProgress","value":{"message":"9/26","percentage":34.61538461538461,"kind":"report"}},"jsonrpc":"2.0"}Content-Length: 159

{"method":"$/progress","params":{"token":"backgroundIndexProgress","value":{"message":"10/26","percentage":38.46153846153846,"kind":"report"}},"jsonrpc":"2.0"}Content-Length: 159

{"method":"$/progress","params":{"token":"backgroundIndexProgress","value":{"message":"10/26","percentage":38.46153846153846,"kind":"report"}},"jsonrpc":"2.0"}Content-Length: 159

{"method":"$/progress","params":{"token":"backgroundIndexProgress","value":{"message":"11/26","percentage":42.30769230769231,"kind":"report"}},"jsonrpc":"2.0"}Content-Length: 159

{"method":"$/progress","params":{"token":"backgroundIndexProgress","value":{"message":"11/26","percentage":42.30769230769231,"kind":"report"}},"jsonrpc":"2.0"}Content-Length: 159

{"method":"$/progress","params":{"token":"backgroundIndexProgress","value":{"message":"12/26","percentage":46.15384615384615,"kind":"report"}},"jsonrpc":"2.0"}Content-Length: 144

{"method":"$/progress","params":{"token":"backgroundIndexProgress","value":{"message":"13/26","percentage":50,"kind":"report"}},"jsonrpc":"2.0"}Content-Length: 144

{"method":"$/progress","params":{"token":"backgroundIndexProgress","value":{"message":"13/26","percentage":50,"kind":"report"}},"jsonrpc":"2.0"}Content-Length: 159

{"method":"$/progress","params":{"token":"backgroundIndexProgress","value":{"message":"14/26","percentage":53.84615384615385,"kind":"report"}},"jsonrpc":"2.0"}Content-Length: 159

{"method":"$/progress","params":{"token":"backgroundIndexProgress","value":{"message":"14/26","percentage":53.84615384615385,"kind":"report"}},"jsonrpc":"2.0"}Content-Length: 159

{"method":"$/progress","params":{"token":"backgroundIndexProgress","value":{"message":"15/26","percentage":57.69230769230769,"kind":"report"}},"jsonrpc":"2.0"}Content-Length: 159

{"method":"$/progress","params":{"token":"backgroundIndexProgress","value":{"message":"15/26","percentage":57.69230769230769,"kind":"report"}},"jsonrpc":"2.0"}Content-Length: 159

{"method":"$/progress","params":{"token":"backgroundIndexProgress","value":{"message":"16/26","percentage":61.53846153846154,"kind":"report"}},"jsonrpc":"2.0"}Content-Length: 159

{"method":"$/progress","params":{"token":"backgroundIndexProgress","value":{"message":"16/26","percentage":61.53846153846154,"kind":"report"}},"jsonrpc":"2.0"}Content-Length: 159

{"method":"$/progress","params":{"token":"backgroundIndexProgress","value":{"message":"17/26","percentage":65.38461538461539,"kind":"report"}},"jsonrpc":"2.0"}Content-Length: 159

{"method":"$/progress","params":{"token":"backgroundIndexProgress","value":{"message":"17/26","percentage":65.38461538461539,"kind":"report"}},"jsonrpc":"2.0"}Content-Length: 159

{"method":"$/progress","params":{"token":"backgroundIndexProgress","value":{"message":"18/26","percentage":69.23076923076923,"kind":"report"}},"jsonrpc":"2.0"}Content-Length: 159

{"method":"$/progress","params":{"token":"backgroundIndexProgress","value":{"message":"18/26","percentage":69.23076923076923,"kind":"report"}},"jsonrpc":"2.0"}Content-Length: 159

{"method":"$/progress","params":{"token":"backgroundIndexProgress","value":{"message":"19/26","percentage":73.07692307692308,"kind":"report"}},"jsonrpc":"2.0"}Content-Length: 159

{"method":"$/progress","params":{"token":"backgroundIndexProgress","value":{"message":"19/26","percentage":73.07692307692308,"kind":"report"}},"jsonrpc":"2.0"}Content-Length: 159

{"method":"$/progress","params":{"token":"backgroundIndexProgress","value":{"message":"20/26","percentage":76.92307692307692,"kind":"report"}},"jsonrpc":"2.0"}Content-Length: 159

{"method":"$/progress","params":{"token":"backgroundIndexProgress","value":{"message":"20/26","percentage":76.92307692307692,"kind":"report"}},"jsonrpc":"2.0"}Content-Length: 159

{"method":"$/progress","params":{"token":"backgroundIndexProgress","value":{"message":"21/26","percentage":80.76923076923077,"kind":"report"}},"jsonrpc":"2.0"}Content-Length: 159

{"method":"$/progress","params":{"token":"backgroundIndexProgress","value":{"message":"21/26","percentage":80.76923076923077,"kind":"report"}},"jsonrpc":"2.0"}Content-Length: 159

{"method":"$/progress","params":{"token":"backgroundIndexProgress","value":{"message":"22/26","percentage":84.61538461538461,"kind":"report"}},"jsonrpc":"2.0"}Content-Length: 159

{"method":"$/progress","params":{"token":"backgroundIndexProgress","value":{"message":"22/26","percentage":84.61538461538461,"kind":"report"}},"jsonrpc":"2.0"}Content-Length: 159

{"method":"$/progress","params":{"token":"backgroundIndexProgress","value":{"message":"23/26","percentage":88.46153846153847,"kind":"report"}},"jsonrpc":"2.0"}Content-Length: 158

{"method":"$/progress","params":{"token":"backgroundIndexProgress","value":{"message":"24/26","percentage":92.3076923076923,"kind":"report"}},"jsonrpc":"2.0"}Content-Length: 159

{"method":"$/progress","params":{"token":"backgroundIndexProgress","value":{"message":"25/26","percentage":96.15384615384616,"kind":"report"}},"jsonrpc":"2.0"}Content-Length: 107

{"method":"$/progress","params":{"token":"backgroundIndexProgress","value":{"kind":"end"}},"jsonrpc":"2.0"}
<<<
Content-Length: 224

{"jsonrpc":"2.0","id":2,"method":"textDocument/documentHighlight","params":{"textDocument":{"uri":"file:///c%3A/Users/Juchani/Documents/Arduino/PRUEBA_RS232_UART/PRUEBA_RS232_UART.ino"},"position":{"line":8,"character":13}}}
>>>
Content-Length: 121

{"id":2,"result":[{"range":{"start":{"line":8,"character":7},"end":{"line":8,"character":14}},"kind":1}],"jsonrpc":"2.0"}
<<<
Content-Length: 285

{"jsonrpc":"2.0","id":3,"method":"textDocument/codeAction","params":{"textDocument":{"uri":"file:///c%3A/Users/Juchani/Documents/Arduino/PRUEBA_RS232_UART/PRUEBA_RS232_UART.ino"},"range":{"start":{"line":8,"character":13},"end":{"line":8,"character":13}},"context":{"diagnostics":[]}}}
>>>
Content-Length: 36

{"id":3,"result":[],"jsonrpc":"2.0"}
<<<
Content-Length: 58

{"jsonrpc":"2.0","id":4,"method":"shutdown","params":null}
>>>
Content-Length: 38

{"id":4,"result":null,"jsonrpc":"2.0"}
<<<
Content-Length: 47

{"jsonrpc":"2.0","method":"exit","params":null}






Started logging.

<<<
Content-Length: 3088

{"jsonrpc":"2.0","id":0,"method":"initialize","params":{"processId":7260,"clientInfo":{"name":"vscode","version":"1.50.0"},"rootPath":"c:\\Users\\Juchani\\Documents\\Arduino\\PRUEBA_RS232_UART","rootUri":"file:///c%3A/Users/Juchani/Documents/Arduino/PRUEBA_RS232_UART","capabilities":{"workspace":{"applyEdit":true,"workspaceEdit":{"documentChanges":true,"resourceOperations":["create","rename","delete"],"failureHandling":"textOnlyTransactional"},"didChangeConfiguration":{"dynamicRegistration":true},"didChangeWatchedFiles":{"dynamicRegistration":true},"symbol":{"dynamicRegistration":true,"symbolKind":{"valueSet":[1,2,3,4,5,6,7,8,9,10,11,12,13,14,15,16,17,18,19,20,21,22,23,24,25,26]}},"executeCommand":{"dynamicRegistration":true},"configuration":true,"workspaceFolders":true},"textDocument":{"publishDiagnostics":{"relatedInformation":true,"versionSupport":false,"tagSupport":{"valueSet":[1,2]}},"synchronization":{"dynamicRegistration":true,"willSave":true,"willSaveWaitUntil":true,"didSave":true},"completion":{"dynamicRegistration":true,"contextSupport":true,"completionItem":{"snippetSupport":true,"commitCharactersSupport":true,"documentationFormat":["markdown","plaintext"],"deprecatedSupport":true,"preselectSupport":true,"tagSupport":{"valueSet":[1]}},"completionItemKind":{"valueSet":[1,2,3,4,5,6,7,8,9,10,11,12,13,14,15,16,17,18,19,20,21,22,23,24,25]}},"hover":{"dynamicRegistration":true,"contentFormat":["markdown","plaintext"]},"signatureHelp":{"dynamicRegistration":true,"signatureInformation":{"documentationFormat":["markdown","plaintext"],"parameterInformation":{"labelOffsetSupport":true}},"contextSupport":true},"definition":{"dynamicRegistration":true,"linkSupport":true},"references":{"dynamicRegistration":true},"documentHighlight":{"dynamicRegistration":true},"documentSymbol":{"dynamicRegistration":true,"symbolKind":{"valueSet":[1,2,3,4,5,6,7,8,9,10,11,12,13,14,15,16,17,18,19,20,21,22,23,24,25,26]},"hierarchicalDocumentSymbolSupport":true},"codeAction":{"dynamicRegistration":true,"isPreferredSupport":true,"codeActionLiteralSupport":{"codeActionKind":{"valueSet":["","quickfix","refactor","refactor.extract","refactor.inline","refactor.rewrite","source","source.organizeImports"]}}},"codeLens":{"dynamicRegistration":true},"formatting":{"dynamicRegistration":true},"rangeFormatting":{"dynamicRegistration":true},"onTypeFormatting":{"dynamicRegistration":true},"rename":{"dynamicRegistration":true,"prepareSupport":true},"documentLink":{"dynamicRegistration":true,"tooltipSupport":true},"typeDefinition":{"dynamicRegistration":true,"linkSupport":true},"implementation":{"dynamicRegistration":true,"linkSupport":true},"colorProvider":{"dynamicRegistration":true},"foldingRange":{"dynamicRegistration":true,"rangeLimit":5000,"lineFoldingOnly":true},"declaration":{"dynamicRegistration":true,"linkSupport":true},"selectionRange":{"dynamicRegistration":true}},"window":{"workDoneProgress":true}},"initializationOptions":{},"trace":"off","workspaceFolders":[{"uri":"file:///c%3A/Users/Juchani/Documents/Arduino/PRUEBA_RS232_UART","name":"PRUEBA_RS232_UART"}]}}
>>>
Content-Length: 598

{"id":0,"result":{"capabilities":{"textDocumentSync":2,"hoverProvider":true,"completionProvider":{"triggerCharacters":[".","\u003e",":"]},"signatureHelpProvider":{"triggerCharacters":["(",","]},"definitionProvider":true,"documentHighlightProvider":true,"documentSymbolProvider":true,"workspaceSymbolProvider":true,"codeActionProvider":true,"documentFormattingProvider":true,"documentRangeFormattingProvider":true,"documentOnTypeFormattingProvider":{"firstTriggerCharacter":"\n"},"renameProvider":false,"executeCommandProvider":{"commands":["clangd.applyFix","clangd.applyTweak"]}}},"jsonrpc":"2.0"}
<<<
Content-Length: 52

{"jsonrpc":"2.0","method":"initialized","params":{}}Content-Length: 427

{"jsonrpc":"2.0","method":"textDocument/didOpen","params":{"textDocument":{"uri":"file:///c%3A/Users/Juchani/Documents/Arduino/PRUEBA_RS232_UART/PRUEBA_RS232_UART.ino","languageId":"cpp","version":1,"text":"#include <SoftwareSerial.h>\r\nSoftwareSerial rs232(27, 26);//rx-tx\r\nvoid setup() {\r\n Serial.begin(9600);//\r\n  rs232.begin(9600);//RS232\r\n}\r\n\r\nvoid loop() {\r\n rs232.println(\"HOLA MUNDO\");\r\n\r\n}\r\n"}}}Content-Length: 285

{"jsonrpc":"2.0","id":1,"method":"textDocument/codeAction","params":{"textDocument":{"uri":"file:///c%3A/Users/Juchani/Documents/Arduino/PRUEBA_RS232_UART/PRUEBA_RS232_UART.ino"},"range":{"start":{"line":8,"character":13},"end":{"line":8,"character":13}},"context":{"diagnostics":[]}}}Content-Length: 211

{"jsonrpc":"2.0","id":2,"method":"textDocument/hover","params":{"textDocument":{"uri":"file:///c%3A/Users/Juchani/Documents/Arduino/PRUEBA_RS232_UART/PRUEBA_RS232_UART.ino"},"position":{"line":0,"character":0}}}Content-Length: 62

{"jsonrpc":"2.0","method":"$/cancelRequest","params":{"id":2}}
>>>
Content-Length: 111

{"method":"window/workDoneProgress/create","params":{"token":"backgroundIndexProgress"},"id":0,"jsonrpc":"2.0"}Content-Length: 36

{"id":1,"result":[],"jsonrpc":"2.0"}Content-Length: 4155

{"method":"textDocument/publishDiagnostics","params":{"uri":"file:///c%3A/Users/Juchani/Documents/Arduino/PRUEBA_RS232_UART/PRUEBA_RS232_UART.ino","diagnostics":[{"range":{"start":{"line":0,"character":9},"end":{"line":0,"character":10}},"severity":1,"code":"invalid_width_spec","source":"clang","message":"In included file: 'long type-name' is invalid\n\nC:\\Users\\Juchani\\Documents\\Arduino\\libraries\\EspSoftwareSerial\\src/circular_queue/ghostl.h:53:34:\nnote: error occurred here"},{"range":{"start":{"line":8,"character":1},"end":{"line":8,"character":14}},"severity":1,"code":"ovl_no_viable_member_function_in_call","source":"clang","message":"No matching member function for call to 'println'\n\nC:\\Users\\Juchani\\AppData\\Local\\Arduino15\\packages\\rp2040\\hardware\\rp2040\\1.7.0\\cores\\rp2040\\api\\Print.h:79:12:\nnote: candidate function not viable: no known conversion from 'SoftwareSerial' to 'arduino::Print' for object argument\n\nC:\\Users\\Juchani\\AppData\\Local\\Arduino15\\packages\\rp2040\\hardware\\rp2040\\1.7.0\\cores\\rp2040\\api\\Print.h:78:12:\nnote: candidate function not viable: no known conversion from 'SoftwareSerial' to 'arduino::Print' for object argument\n\nC:\\Users\\Juchani\\AppData\\Local\\Arduino15\\packages\\rp2040\\hardware\\rp2040\\1.7.0\\cores\\rp2040\\api\\Print.h:77:12:\nnote: candidate function not viable: no known conversion from 'SoftwareSerial' to 'arduino::Print' for object argument\n\nC:\\Users\\Juchani\\AppData\\Local\\Arduino15\\packages\\rp2040\\hardware\\rp2040\\1.7.0\\cores\\rp2040\\api\\Print.h:80:12:\nnote: candidate function not viable: no known conversion from 'SoftwareSerial' to 'arduino::Print' for object argument\n\nC:\\Users\\Juchani\\AppData\\Local\\Arduino15\\packages\\rp2040\\hardware\\rp2040\\1.7.0\\cores\\rp2040\\api\\Print.h:81:12:\nnote: candidate function not viable: no known conversion from 'SoftwareSerial' to 'arduino::Print' for object argument\n\nC:\\Users\\Juchani\\AppData\\Local\\Arduino15\\packages\\rp2040\\hardware\\rp2040\\1.7.0\\cores\\rp2040\\api\\Print.h:82:12:\nnote: candidate function not viable: no known conversion from 'SoftwareSerial' to 'arduino::Print' for object argument\n\nC:\\Users\\Juchani\\AppData\\Local\\Arduino15\\packages\\rp2040\\hardware\\rp2040\\1.7.0\\cores\\rp2040\\api\\Print.h:83:12:\nnote: candidate function not viable: no known conversion from 'SoftwareSerial' to 'arduino::Print' for object argument\n\nC:\\Users\\Juchani\\AppData\\Local\\Arduino15\\packages\\rp2040\\hardware\\rp2040\\1.7.0\\cores\\rp2040\\api\\Print.h:84:12:\nnote: candidate function not viable: no known conversion from 'SoftwareSerial' to 'arduino::Print' for object argument\n\nC:\\Users\\Juchani\\AppData\\Local\\Arduino15\\packages\\rp2040\\hardware\\rp2040\\1.7.0\\cores\\rp2040\\api\\Print.h:85:12:\nnote: candidate function not viable: no known conversion from 'SoftwareSerial' to 'arduino::Print' for object argument\n\nC:\\Users\\Juchani\\AppData\\Local\\Arduino15\\packages\\rp2040\\hardware\\rp2040\\1.7.0\\cores\\rp2040\\api\\Print.h:86:12:\nnote: candidate function not viable: no known conversion from 'SoftwareSerial' to 'arduino::Print' for object argument\n\nC:\\Users\\Juchani\\AppData\\Local\\Arduino15\\packages\\rp2040\\hardware\\rp2040\\1.7.0\\cores\\rp2040\\api\\Print.h:87:12:\nnote: candidate function not viable: no known conversion from 'SoftwareSerial' to 'arduino::Print' for object argument\n\nC:\\Users\\Juchani\\AppData\\Local\\Arduino15\\packages\\rp2040\\hardware\\rp2040\\1.7.0\\cores\\rp2040\\api\\Print.h:88:12:\nnote: candidate function not viable: no known conversion from 'SoftwareSerial' to 'arduino::Print' for object argument\n\nC:\\Users\\Juchani\\AppData\\Local\\Arduino15\\packages\\rp2040\\hardware\\rp2040\\1.7.0\\cores\\rp2040\\api\\Print.h:89:12:\nnote: candidate function not viable: no known conversion from 'SoftwareSerial' to 'arduino::Print' for object argument\n\nC:\\Users\\Juchani\\AppData\\Local\\Arduino15\\packages\\rp2040\\hardware\\rp2040\\1.7.0\\cores\\rp2040\\api\\Print.h:90:12:\nnote: candidate function not viable: requires 0 arguments, but 1 was provided"}]},"jsonrpc":"2.0"}Content-Length: 38

{"id":2,"result":null,"jsonrpc":"2.0"}
<<<
Content-Length: 38

{"jsonrpc":"2.0","id":0,"result":null}
>>>
Content-Length: 143

{"method":"$/progress","params":{"token":"backgroundIndexProgress","value":{"title":"indexing","percentage":0,"kind":"begin"}},"jsonrpc":"2.0"}Content-Length: 159

{"method":"$/progress","params":{"token":"backgroundIndexProgress","value":{"message":"2/26","percentage":7.6923076923076925,"kind":"report"}},"jsonrpc":"2.0"}
<<<
Content-Length: 3931

{"jsonrpc":"2.0","id":3,"method":"textDocument/codeAction","params":{"textDocument":{"uri":"file:///c%3A/Users/Juchani/Documents/Arduino/PRUEBA_RS232_UART/PRUEBA_RS232_UART.ino"},"range":{"start":{"line":8,"character":13},"end":{"line":8,"character":13}},"context":{"diagnostics":[{"range":{"start":{"line":8,"character":1},"end":{"line":8,"character":14}},"message":"No matching member function for call to 'println'\n\nC:\\Users\\Juchani\\AppData\\Local\\Arduino15\\packages\\rp2040\\hardware\\rp2040\\1.7.0\\cores\\rp2040\\api\\Print.h:79:12:\nnote: candidate function not viable: no known conversion from 'SoftwareSerial' to 'arduino::Print' for object argument\n\nC:\\Users\\Juchani\\AppData\\Local\\Arduino15\\packages\\rp2040\\hardware\\rp2040\\1.7.0\\cores\\rp2040\\api\\Print.h:78:12:\nnote: candidate function not viable: no known conversion from 'SoftwareSerial' to 'arduino::Print' for object argument\n\nC:\\Users\\Juchani\\AppData\\Local\\Arduino15\\packages\\rp2040\\hardware\\rp2040\\1.7.0\\cores\\rp2040\\api\\Print.h:77:12:\nnote: candidate function not viable: no known conversion from 'SoftwareSerial' to 'arduino::Print' for object argument\n\nC:\\Users\\Juchani\\AppData\\Local\\Arduino15\\packages\\rp2040\\hardware\\rp2040\\1.7.0\\cores\\rp2040\\api\\Print.h:80:12:\nnote: candidate function not viable: no known conversion from 'SoftwareSerial' to 'arduino::Print' for object argument\n\nC:\\Users\\Juchani\\AppData\\Local\\Arduino15\\packages\\rp2040\\hardware\\rp2040\\1.7.0\\cores\\rp2040\\api\\Print.h:81:12:\nnote: candidate function not viable: no known conversion from 'SoftwareSerial' to 'arduino::Print' for object argument\n\nC:\\Users\\Juchani\\AppData\\Local\\Arduino15\\packages\\rp2040\\hardware\\rp2040\\1.7.0\\cores\\rp2040\\api\\Print.h:82:12:\nnote: candidate function not viable: no known conversion from 'SoftwareSerial' to 'arduino::Print' for object argument\n\nC:\\Users\\Juchani\\AppData\\Local\\Arduino15\\packages\\rp2040\\hardware\\rp2040\\1.7.0\\cores\\rp2040\\api\\Print.h:83:12:\nnote: candidate function not viable: no known conversion from 'SoftwareSerial' to 'arduino::Print' for object argument\n\nC:\\Users\\Juchani\\AppData\\Local\\Arduino15\\packages\\rp2040\\hardware\\rp2040\\1.7.0\\cores\\rp2040\\api\\Print.h:84:12:\nnote: candidate function not viable: no known conversion from 'SoftwareSerial' to 'arduino::Print' for object argument\n\nC:\\Users\\Juchani\\AppData\\Local\\Arduino15\\packages\\rp2040\\hardware\\rp2040\\1.7.0\\cores\\rp2040\\api\\Print.h:85:12:\nnote: candidate function not viable: no known conversion from 'SoftwareSerial' to 'arduino::Print' for object argument\n\nC:\\Users\\Juchani\\AppData\\Local\\Arduino15\\packages\\rp2040\\hardware\\rp2040\\1.7.0\\cores\\rp2040\\api\\Print.h:86:12:\nnote: candidate function not viable: no known conversion from 'SoftwareSerial' to 'arduino::Print' for object argument\n\nC:\\Users\\Juchani\\AppData\\Local\\Arduino15\\packages\\rp2040\\hardware\\rp2040\\1.7.0\\cores\\rp2040\\api\\Print.h:87:12:\nnote: candidate function not viable: no known conversion from 'SoftwareSerial' to 'arduino::Print' for object argument\n\nC:\\Users\\Juchani\\AppData\\Local\\Arduino15\\packages\\rp2040\\hardware\\rp2040\\1.7.0\\cores\\rp2040\\api\\Print.h:88:12:\nnote: candidate function not viable: no known conversion from 'SoftwareSerial' to 'arduino::Print' for object argument\n\nC:\\Users\\Juchani\\AppData\\Local\\Arduino15\\packages\\rp2040\\hardware\\rp2040\\1.7.0\\cores\\rp2040\\api\\Print.h:89:12:\nnote: candidate function not viable: no known conversion from 'SoftwareSerial' to 'arduino::Print' for object argument\n\nC:\\Users\\Juchani\\AppData\\Local\\Arduino15\\packages\\rp2040\\hardware\\rp2040\\1.7.0\\cores\\rp2040\\api\\Print.h:90:12:\nnote: candidate function not viable: requires 0 arguments, but 1 was provided","severity":1,"code":"ovl_no_viable_member_function_in_call","source":"clang"}]}}}
>>>
Content-Length: 36

{"id":3,"result":[],"jsonrpc":"2.0"}Content-Length: 159

{"method":"$/progress","params":{"token":"backgroundIndexProgress","value":{"message":"3/26","percentage":11.538461538461538,"kind":"report"}},"jsonrpc":"2.0"}Content-Length: 159

{"method":"$/progress","params":{"token":"backgroundIndexProgress","value":{"message":"3/26","percentage":11.538461538461538,"kind":"report"}},"jsonrpc":"2.0"}Content-Length: 159

{"method":"$/progress","params":{"token":"backgroundIndexProgress","value":{"message":"4/26","percentage":15.384615384615385,"kind":"report"}},"jsonrpc":"2.0"}Content-Length: 158

{"method":"$/progress","params":{"token":"backgroundIndexProgress","value":{"message":"5/26","percentage":19.23076923076923,"kind":"report"}},"jsonrpc":"2.0"}Content-Length: 159

{"method":"$/progress","params":{"token":"backgroundIndexProgress","value":{"message":"6/26","percentage":23.076923076923077,"kind":"report"}},"jsonrpc":"2.0"}Content-Length: 159

{"method":"$/progress","params":{"token":"backgroundIndexProgress","value":{"message":"6/26","percentage":23.076923076923077,"kind":"report"}},"jsonrpc":"2.0"}Content-Length: 159

{"method":"$/progress","params":{"token":"backgroundIndexProgress","value":{"message":"7/26","percentage":26.923076923076923,"kind":"report"}},"jsonrpc":"2.0"}Content-Length: 159

{"method":"$/progress","params":{"token":"backgroundIndexProgress","value":{"message":"7/26","percentage":26.923076923076923,"kind":"report"}},"jsonrpc":"2.0"}Content-Length: 158

{"method":"$/progress","params":{"token":"backgroundIndexProgress","value":{"message":"8/26","percentage":30.76923076923077,"kind":"report"}},"jsonrpc":"2.0"}Content-Length: 158

{"method":"$/progress","params":{"token":"backgroundIndexProgress","value":{"message":"8/26","percentage":30.76923076923077,"kind":"report"}},"jsonrpc":"2.0"}Content-Length: 158

{"method":"$/progress","params":{"token":"backgroundIndexProgress","value":{"message":"9/26","percentage":34.61538461538461,"kind":"report"}},"jsonrpc":"2.0"}Content-Length: 158

{"method":"$/progress","params":{"token":"backgroundIndexProgress","value":{"message":"9/26","percentage":34.61538461538461,"kind":"report"}},"jsonrpc":"2.0"}Content-Length: 159

{"method":"$/progress","params":{"token":"backgroundIndexProgress","value":{"message":"10/26","percentage":38.46153846153846,"kind":"report"}},"jsonrpc":"2.0"}Content-Length: 159

{"method":"$/progress","params":{"token":"backgroundIndexProgress","value":{"message":"10/26","percentage":38.46153846153846,"kind":"report"}},"jsonrpc":"2.0"}Content-Length: 159

{"method":"$/progress","params":{"token":"backgroundIndexProgress","value":{"message":"11/26","percentage":42.30769230769231,"kind":"report"}},"jsonrpc":"2.0"}Content-Length: 159

{"method":"$/progress","params":{"token":"backgroundIndexProgress","value":{"message":"11/26","percentage":42.30769230769231,"kind":"report"}},"jsonrpc":"2.0"}Content-Length: 159

{"method":"$/progress","params":{"token":"backgroundIndexProgress","value":{"message":"12/26","percentage":46.15384615384615,"kind":"report"}},"jsonrpc":"2.0"}Content-Length: 159

{"method":"$/progress","params":{"token":"backgroundIndexProgress","value":{"message":"12/26","percentage":46.15384615384615,"kind":"report"}},"jsonrpc":"2.0"}Content-Length: 144

{"method":"$/progress","params":{"token":"backgroundIndexProgress","value":{"message":"13/26","percentage":50,"kind":"report"}},"jsonrpc":"2.0"}Content-Length: 144

{"method":"$/progress","params":{"token":"backgroundIndexProgress","value":{"message":"13/26","percentage":50,"kind":"report"}},"jsonrpc":"2.0"}Content-Length: 159

{"method":"$/progress","params":{"token":"backgroundIndexProgress","value":{"message":"14/26","percentage":53.84615384615385,"kind":"report"}},"jsonrpc":"2.0"}Content-Length: 159

{"method":"$/progress","params":{"token":"backgroundIndexProgress","value":{"message":"14/26","percentage":53.84615384615385,"kind":"report"}},"jsonrpc":"2.0"}Content-Length: 159

{"method":"$/progress","params":{"token":"backgroundIndexProgress","value":{"message":"15/26","percentage":57.69230769230769,"kind":"report"}},"jsonrpc":"2.0"}Content-Length: 159

{"method":"$/progress","params":{"token":"backgroundIndexProgress","value":{"message":"15/26","percentage":57.69230769230769,"kind":"report"}},"jsonrpc":"2.0"}Content-Length: 159

{"method":"$/progress","params":{"token":"backgroundIndexProgress","value":{"message":"16/26","percentage":61.53846153846154,"kind":"report"}},"jsonrpc":"2.0"}Content-Length: 159

{"method":"$/progress","params":{"token":"backgroundIndexProgress","value":{"message":"16/26","percentage":61.53846153846154,"kind":"report"}},"jsonrpc":"2.0"}Content-Length: 159

{"method":"$/progress","params":{"token":"backgroundIndexProgress","value":{"message":"17/26","percentage":65.38461538461539,"kind":"report"}},"jsonrpc":"2.0"}Content-Length: 159

{"method":"$/progress","params":{"token":"backgroundIndexProgress","value":{"message":"18/26","percentage":69.23076923076923,"kind":"report"}},"jsonrpc":"2.0"}Content-Length: 159

{"method":"$/progress","params":{"token":"backgroundIndexProgress","value":{"message":"18/26","percentage":69.23076923076923,"kind":"report"}},"jsonrpc":"2.0"}Content-Length: 159

{"method":"$/progress","params":{"token":"backgroundIndexProgress","value":{"message":"19/26","percentage":73.07692307692308,"kind":"report"}},"jsonrpc":"2.0"}Content-Length: 159

{"method":"$/progress","params":{"token":"backgroundIndexProgress","value":{"message":"19/26","percentage":73.07692307692308,"kind":"report"}},"jsonrpc":"2.0"}Content-Length: 159

{"method":"$/progress","params":{"token":"backgroundIndexProgress","value":{"message":"20/26","percentage":76.92307692307692,"kind":"report"}},"jsonrpc":"2.0"}Content-Length: 159

{"method":"$/progress","params":{"token":"backgroundIndexProgress","value":{"message":"20/26","percentage":76.92307692307692,"kind":"report"}},"jsonrpc":"2.0"}Content-Length: 159

{"method":"$/progress","params":{"token":"backgroundIndexProgress","value":{"message":"21/26","percentage":80.76923076923077,"kind":"report"}},"jsonrpc":"2.0"}Content-Length: 159

{"method":"$/progress","params":{"token":"backgroundIndexProgress","value":{"message":"21/26","percentage":80.76923076923077,"kind":"report"}},"jsonrpc":"2.0"}Content-Length: 159

{"method":"$/progress","params":{"token":"backgroundIndexProgress","value":{"message":"22/26","percentage":84.61538461538461,"kind":"report"}},"jsonrpc":"2.0"}Content-Length: 159

{"method":"$/progress","params":{"token":"backgroundIndexProgress","value":{"message":"22/26","percentage":84.61538461538461,"kind":"report"}},"jsonrpc":"2.0"}Content-Length: 159

{"method":"$/progress","params":{"token":"backgroundIndexProgress","value":{"message":"23/26","percentage":88.46153846153847,"kind":"report"}},"jsonrpc":"2.0"}Content-Length: 158

{"method":"$/progress","params":{"token":"backgroundIndexProgress","value":{"message":"24/26","percentage":92.3076923076923,"kind":"report"}},"jsonrpc":"2.0"}Content-Length: 159

{"method":"$/progress","params":{"token":"backgroundIndexProgress","value":{"message":"25/26","percentage":96.15384615384616,"kind":"report"}},"jsonrpc":"2.0"}Content-Length: 107

{"method":"$/progress","params":{"token":"backgroundIndexProgress","value":{"kind":"end"}},"jsonrpc":"2.0"}
<<<
Content-Length: 58

{"jsonrpc":"2.0","id":4,"method":"shutdown","params":null}
>>>
Content-Length: 38

{"id":4,"result":null,"jsonrpc":"2.0"}
<<<
Content-Length: 47

{"jsonrpc":"2.0","method":"exit","params":null}






Started logging.

<<<
Content-Length: 3088

{"jsonrpc":"2.0","id":0,"method":"initialize","params":{"processId":2992,"clientInfo":{"name":"vscode","version":"1.50.0"},"rootPath":"c:\\Users\\Juchani\\Documents\\Arduino\\PRUEBA_RS232_UART","rootUri":"file:///c%3A/Users/Juchani/Documents/Arduino/PRUEBA_RS232_UART","capabilities":{"workspace":{"applyEdit":true,"workspaceEdit":{"documentChanges":true,"resourceOperations":["create","rename","delete"],"failureHandling":"textOnlyTransactional"},"didChangeConfiguration":{"dynamicRegistration":true},"didChangeWatchedFiles":{"dynamicRegistration":true},"symbol":{"dynamicRegistration":true,"symbolKind":{"valueSet":[1,2,3,4,5,6,7,8,9,10,11,12,13,14,15,16,17,18,19,20,21,22,23,24,25,26]}},"executeCommand":{"dynamicRegistration":true},"configuration":true,"workspaceFolders":true},"textDocument":{"publishDiagnostics":{"relatedInformation":true,"versionSupport":false,"tagSupport":{"valueSet":[1,2]}},"synchronization":{"dynamicRegistration":true,"willSave":true,"willSaveWaitUntil":true,"didSave":true},"completion":{"dynamicRegistration":true,"contextSupport":true,"completionItem":{"snippetSupport":true,"commitCharactersSupport":true,"documentationFormat":["markdown","plaintext"],"deprecatedSupport":true,"preselectSupport":true,"tagSupport":{"valueSet":[1]}},"completionItemKind":{"valueSet":[1,2,3,4,5,6,7,8,9,10,11,12,13,14,15,16,17,18,19,20,21,22,23,24,25]}},"hover":{"dynamicRegistration":true,"contentFormat":["markdown","plaintext"]},"signatureHelp":{"dynamicRegistration":true,"signatureInformation":{"documentationFormat":["markdown","plaintext"],"parameterInformation":{"labelOffsetSupport":true}},"contextSupport":true},"definition":{"dynamicRegistration":true,"linkSupport":true},"references":{"dynamicRegistration":true},"documentHighlight":{"dynamicRegistration":true},"documentSymbol":{"dynamicRegistration":true,"symbolKind":{"valueSet":[1,2,3,4,5,6,7,8,9,10,11,12,13,14,15,16,17,18,19,20,21,22,23,24,25,26]},"hierarchicalDocumentSymbolSupport":true},"codeAction":{"dynamicRegistration":true,"isPreferredSupport":true,"codeActionLiteralSupport":{"codeActionKind":{"valueSet":["","quickfix","refactor","refactor.extract","refactor.inline","refactor.rewrite","source","source.organizeImports"]}}},"codeLens":{"dynamicRegistration":true},"formatting":{"dynamicRegistration":true},"rangeFormatting":{"dynamicRegistration":true},"onTypeFormatting":{"dynamicRegistration":true},"rename":{"dynamicRegistration":true,"prepareSupport":true},"documentLink":{"dynamicRegistration":true,"tooltipSupport":true},"typeDefinition":{"dynamicRegistration":true,"linkSupport":true},"implementation":{"dynamicRegistration":true,"linkSupport":true},"colorProvider":{"dynamicRegistration":true},"foldingRange":{"dynamicRegistration":true,"rangeLimit":5000,"lineFoldingOnly":true},"declaration":{"dynamicRegistration":true,"linkSupport":true},"selectionRange":{"dynamicRegistration":true}},"window":{"workDoneProgress":true}},"initializationOptions":{},"trace":"off","workspaceFolders":[{"uri":"file:///c%3A/Users/Juchani/Documents/Arduino/PRUEBA_RS232_UART","name":"PRUEBA_RS232_UART"}]}}
>>>
Content-Length: 598

{"id":0,"result":{"capabilities":{"textDocumentSync":2,"hoverProvider":true,"completionProvider":{"triggerCharacters":[".","\u003e",":"]},"signatureHelpProvider":{"triggerCharacters":["(",","]},"definitionProvider":true,"documentHighlightProvider":true,"documentSymbolProvider":true,"workspaceSymbolProvider":true,"codeActionProvider":true,"documentFormattingProvider":true,"documentRangeFormattingProvider":true,"documentOnTypeFormattingProvider":{"firstTriggerCharacter":"\n"},"renameProvider":false,"executeCommandProvider":{"commands":["clangd.applyFix","clangd.applyTweak"]}}},"jsonrpc":"2.0"}
<<<
Content-Length: 52

{"jsonrpc":"2.0","method":"initialized","params":{}}Content-Length: 427

{"jsonrpc":"2.0","method":"textDocument/didOpen","params":{"textDocument":{"uri":"file:///c%3A/Users/Juchani/Documents/Arduino/PRUEBA_RS232_UART/PRUEBA_RS232_UART.ino","languageId":"cpp","version":1,"text":"#include <SoftwareSerial.h>\r\nSoftwareSerial rs232(27, 26);//rx-tx\r\nvoid setup() {\r\n Serial.begin(9600);//\r\n  rs232.begin(9600);//RS232\r\n}\r\n\r\nvoid loop() {\r\n rs232.println(\"HOLA MUNDO\");\r\n\r\n}\r\n"}}}Content-Length: 285

{"jsonrpc":"2.0","id":1,"method":"textDocument/codeAction","params":{"textDocument":{"uri":"file:///c%3A/Users/Juchani/Documents/Arduino/PRUEBA_RS232_UART/PRUEBA_RS232_UART.ino"},"range":{"start":{"line":8,"character":13},"end":{"line":8,"character":13}},"context":{"diagnostics":[]}}}
>>>
Content-Length: 111

{"method":"window/workDoneProgress/create","params":{"token":"backgroundIndexProgress"},"id":0,"jsonrpc":"2.0"}Content-Length: 36

{"id":1,"result":[],"jsonrpc":"2.0"}
<<<
Content-Length: 38

{"jsonrpc":"2.0","id":0,"result":null}
>>>
Content-Length: 143

{"method":"$/progress","params":{"token":"backgroundIndexProgress","value":{"title":"indexing","percentage":0,"kind":"begin"}},"jsonrpc":"2.0"}Content-Length: 159

{"method":"$/progress","params":{"token":"backgroundIndexProgress","value":{"message":"2/26","percentage":7.6923076923076925,"kind":"report"}},"jsonrpc":"2.0"}Content-Length: 159

{"method":"$/progress","params":{"token":"backgroundIndexProgress","value":{"message":"3/26","percentage":11.538461538461538,"kind":"report"}},"jsonrpc":"2.0"}Content-Length: 159

{"method":"$/progress","params":{"token":"backgroundIndexProgress","value":{"message":"3/26","percentage":11.538461538461538,"kind":"report"}},"jsonrpc":"2.0"}Content-Length: 159

{"method":"$/progress","params":{"token":"backgroundIndexProgress","value":{"message":"4/26","percentage":15.384615384615385,"kind":"report"}},"jsonrpc":"2.0"}Content-Length: 159

{"method":"$/progress","params":{"token":"backgroundIndexProgress","value":{"message":"4/26","percentage":15.384615384615385,"kind":"report"}},"jsonrpc":"2.0"}Content-Length: 158

{"method":"$/progress","params":{"token":"backgroundIndexProgress","value":{"message":"5/26","percentage":19.23076923076923,"kind":"report"}},"jsonrpc":"2.0"}Content-Length: 158

{"method":"$/progress","params":{"token":"backgroundIndexProgress","value":{"message":"5/26","percentage":19.23076923076923,"kind":"report"}},"jsonrpc":"2.0"}Content-Length: 159

{"method":"$/progress","params":{"token":"backgroundIndexProgress","value":{"message":"6/26","percentage":23.076923076923077,"kind":"report"}},"jsonrpc":"2.0"}Content-Length: 159

{"method":"$/progress","params":{"token":"backgroundIndexProgress","value":{"message":"6/26","percentage":23.076923076923077,"kind":"report"}},"jsonrpc":"2.0"}Content-Length: 159

{"method":"$/progress","params":{"token":"backgroundIndexProgress","value":{"message":"7/26","percentage":26.923076923076923,"kind":"report"}},"jsonrpc":"2.0"}Content-Length: 159

{"method":"$/progress","params":{"token":"backgroundIndexProgress","value":{"message":"7/26","percentage":26.923076923076923,"kind":"report"}},"jsonrpc":"2.0"}Content-Length: 158

{"method":"$/progress","params":{"token":"backgroundIndexProgress","value":{"message":"8/26","percentage":30.76923076923077,"kind":"report"}},"jsonrpc":"2.0"}Content-Length: 158

{"method":"$/progress","params":{"token":"backgroundIndexProgress","value":{"message":"8/26","percentage":30.76923076923077,"kind":"report"}},"jsonrpc":"2.0"}Content-Length: 158

{"method":"$/progress","params":{"token":"backgroundIndexProgress","value":{"message":"9/26","percentage":34.61538461538461,"kind":"report"}},"jsonrpc":"2.0"}Content-Length: 158

{"method":"$/progress","params":{"token":"backgroundIndexProgress","value":{"message":"9/26","percentage":34.61538461538461,"kind":"report"}},"jsonrpc":"2.0"}Content-Length: 159

{"method":"$/progress","params":{"token":"backgroundIndexProgress","value":{"message":"10/26","percentage":38.46153846153846,"kind":"report"}},"jsonrpc":"2.0"}Content-Length: 159

{"method":"$/progress","params":{"token":"backgroundIndexProgress","value":{"message":"10/26","percentage":38.46153846153846,"kind":"report"}},"jsonrpc":"2.0"}Content-Length: 159

{"method":"$/progress","params":{"token":"backgroundIndexProgress","value":{"message":"11/26","percentage":42.30769230769231,"kind":"report"}},"jsonrpc":"2.0"}Content-Length: 159

{"method":"$/progress","params":{"token":"backgroundIndexProgress","value":{"message":"11/26","percentage":42.30769230769231,"kind":"report"}},"jsonrpc":"2.0"}Content-Length: 159

{"method":"$/progress","params":{"token":"backgroundIndexProgress","value":{"message":"12/26","percentage":46.15384615384615,"kind":"report"}},"jsonrpc":"2.0"}Content-Length: 159

{"method":"$/progress","params":{"token":"backgroundIndexProgress","value":{"message":"12/26","percentage":46.15384615384615,"kind":"report"}},"jsonrpc":"2.0"}Content-Length: 144

{"method":"$/progress","params":{"token":"backgroundIndexProgress","value":{"message":"13/26","percentage":50,"kind":"report"}},"jsonrpc":"2.0"}Content-Length: 144

{"method":"$/progress","params":{"token":"backgroundIndexProgress","value":{"message":"13/26","percentage":50,"kind":"report"}},"jsonrpc":"2.0"}Content-Length: 159

{"method":"$/progress","params":{"token":"backgroundIndexProgress","value":{"message":"14/26","percentage":53.84615384615385,"kind":"report"}},"jsonrpc":"2.0"}Content-Length: 159

{"method":"$/progress","params":{"token":"backgroundIndexProgress","value":{"message":"14/26","percentage":53.84615384615385,"kind":"report"}},"jsonrpc":"2.0"}Content-Length: 159

{"method":"$/progress","params":{"token":"backgroundIndexProgress","value":{"message":"15/26","percentage":57.69230769230769,"kind":"report"}},"jsonrpc":"2.0"}Content-Length: 159

{"method":"$/progress","params":{"token":"backgroundIndexProgress","value":{"message":"15/26","percentage":57.69230769230769,"kind":"report"}},"jsonrpc":"2.0"}Content-Length: 159

{"method":"$/progress","params":{"token":"backgroundIndexProgress","value":{"message":"16/26","percentage":61.53846153846154,"kind":"report"}},"jsonrpc":"2.0"}Content-Length: 159

{"method":"$/progress","params":{"token":"backgroundIndexProgress","value":{"message":"16/26","percentage":61.53846153846154,"kind":"report"}},"jsonrpc":"2.0"}Content-Length: 159

{"method":"$/progress","params":{"token":"backgroundIndexProgress","value":{"message":"17/26","percentage":65.38461538461539,"kind":"report"}},"jsonrpc":"2.0"}Content-Length: 159

{"method":"$/progress","params":{"token":"backgroundIndexProgress","value":{"message":"17/26","percentage":65.38461538461539,"kind":"report"}},"jsonrpc":"2.0"}Content-Length: 159

{"method":"$/progress","params":{"token":"backgroundIndexProgress","value":{"message":"18/26","percentage":69.23076923076923,"kind":"report"}},"jsonrpc":"2.0"}Content-Length: 159

{"method":"$/progress","params":{"token":"backgroundIndexProgress","value":{"message":"18/26","percentage":69.23076923076923,"kind":"report"}},"jsonrpc":"2.0"}Content-Length: 159

{"method":"$/progress","params":{"token":"backgroundIndexProgress","value":{"message":"19/26","percentage":73.07692307692308,"kind":"report"}},"jsonrpc":"2.0"}Content-Length: 159

{"method":"$/progress","params":{"token":"backgroundIndexProgress","value":{"message":"19/26","percentage":73.07692307692308,"kind":"report"}},"jsonrpc":"2.0"}Content-Length: 159

{"method":"$/progress","params":{"token":"backgroundIndexProgress","value":{"message":"20/26","percentage":76.92307692307692,"kind":"report"}},"jsonrpc":"2.0"}Content-Length: 159

{"method":"$/progress","params":{"token":"backgroundIndexProgress","value":{"message":"20/26","percentage":76.92307692307692,"kind":"report"}},"jsonrpc":"2.0"}Content-Length: 159

{"method":"$/progress","params":{"token":"backgroundIndexProgress","value":{"message":"21/26","percentage":80.76923076923077,"kind":"report"}},"jsonrpc":"2.0"}Content-Length: 159

{"method":"$/progress","params":{"token":"backgroundIndexProgress","value":{"message":"21/26","percentage":80.76923076923077,"kind":"report"}},"jsonrpc":"2.0"}Content-Length: 159

{"method":"$/progress","params":{"token":"backgroundIndexProgress","value":{"message":"22/26","percentage":84.61538461538461,"kind":"report"}},"jsonrpc":"2.0"}Content-Length: 159

{"method":"$/progress","params":{"token":"backgroundIndexProgress","value":{"message":"22/26","percentage":84.61538461538461,"kind":"report"}},"jsonrpc":"2.0"}Content-Length: 159

{"method":"$/progress","params":{"token":"backgroundIndexProgress","value":{"message":"23/26","percentage":88.46153846153847,"kind":"report"}},"jsonrpc":"2.0"}Content-Length: 158

{"method":"$/progress","params":{"token":"backgroundIndexProgress","value":{"message":"24/26","percentage":92.3076923076923,"kind":"report"}},"jsonrpc":"2.0"}Content-Length: 159

{"method":"$/progress","params":{"token":"backgroundIndexProgress","value":{"message":"25/26","percentage":96.15384615384616,"kind":"report"}},"jsonrpc":"2.0"}Content-Length: 107

{"method":"$/progress","params":{"token":"backgroundIndexProgress","value":{"kind":"end"}},"jsonrpc":"2.0"}
<<<
Content-Length: 224

{"jsonrpc":"2.0","id":2,"method":"textDocument/documentHighlight","params":{"textDocument":{"uri":"file:///c%3A/Users/Juchani/Documents/Arduino/PRUEBA_RS232_UART/PRUEBA_RS232_UART.ino"},"position":{"line":1,"character":36}}}
>>>
Content-Length: 36

{"id":2,"result":[],"jsonrpc":"2.0"}
<<<
Content-Length: 285

{"jsonrpc":"2.0","id":3,"method":"textDocument/codeAction","params":{"textDocument":{"uri":"file:///c%3A/Users/Juchani/Documents/Arduino/PRUEBA_RS232_UART/PRUEBA_RS232_UART.ino"},"range":{"start":{"line":1,"character":36},"end":{"line":1,"character":36}},"context":{"diagnostics":[]}}}
>>>
Content-Length: 36

{"id":3,"result":[],"jsonrpc":"2.0"}
<<<
Content-Length: 284

{"jsonrpc":"2.0","id":4,"method":"textDocument/codeAction","params":{"textDocument":{"uri":"file:///c%3A/Users/Juchani/Documents/Arduino/PRUEBA_RS232_UART/PRUEBA_RS232_UART.ino"},"range":{"start":{"line":0,"character":0},"end":{"line":1,"character":36}},"context":{"diagnostics":[]}}}
>>>
Content-Length: 36

{"id":4,"result":[],"jsonrpc":"2.0"}
<<<
Content-Length: 58

{"jsonrpc":"2.0","id":5,"method":"shutdown","params":null}
>>>
Content-Length: 38

{"id":5,"result":null,"jsonrpc":"2.0"}<<< Read Error: EOF
